{"C:\\web\\backend\\index.js": {"path":"C:\\web\\backend\\index.js","statementMap":{"0":{"start":{"line":1,"column":16},"end":{"line":1,"column":34}},"1":{"start":{"line":2,"column":13},"end":{"line":2,"column":28}},"2":{"start":{"line":3,"column":21},"end":{"line":3,"column":45}},"3":{"start":{"line":4,"column":12},"end":{"line":4,"column":21}},"4":{"start":{"line":5,"column":17},"end":{"line":5,"column":36}},"5":{"start":{"line":6,"column":26},"end":{"line":6,"column":61}},"6":{"start":{"line":7,"column":29},"end":{"line":7,"column":73}},"7":{"start":{"line":8,"column":12},"end":{"line":8,"column":34}},"8":{"start":{"line":9,"column":0},"end":{"line":9,"column":27}},"9":{"start":{"line":10,"column":13},"end":{"line":10,"column":28}},"10":{"start":{"line":11,"column":11},"end":{"line":11,"column":24}},"11":{"start":{"line":14,"column":19},"end":{"line":14,"column":50}},"12":{"start":{"line":15,"column":0},"end":{"line":17,"column":1}},"13":{"start":{"line":16,"column":2},"end":{"line":16,"column":27}},"14":{"start":{"line":19,"column":23},"end":{"line":24,"column":17}},"15":{"start":{"line":26,"column":0},"end":{"line":26,"column":24}},"16":{"start":{"line":27,"column":0},"end":{"line":50,"column":2}},"17":{"start":{"line":31,"column":6},"end":{"line":31,"column":47}},"18":{"start":{"line":31,"column":19},"end":{"line":31,"column":47}},"19":{"start":{"line":33,"column":23},"end":{"line":33,"column":53}},"20":{"start":{"line":35,"column":8},"end":{"line":35,"column":70}},"21":{"start":{"line":36,"column":23},"end":{"line":36,"column":54}},"22":{"start":{"line":38,"column":6},"end":{"line":43,"column":7}},"23":{"start":{"line":39,"column":8},"end":{"line":39,"column":29}},"24":{"start":{"line":41,"column":8},"end":{"line":41,"column":65}},"25":{"start":{"line":42,"column":8},"end":{"line":42,"column":53}},"26":{"start":{"line":52,"column":0},"end":{"line":52,"column":24}},"27":{"start":{"line":53,"column":0},"end":{"line":53,"column":69}},"28":{"start":{"line":55,"column":13},"end":{"line":55,"column":37}},"29":{"start":{"line":59,"column":0},"end":{"line":61,"column":1}},"30":{"start":{"line":60,"column":2},"end":{"line":60,"column":42}},"31":{"start":{"line":60,"column":24},"end":{"line":60,"column":40}},"32":{"start":{"line":64,"column":2},"end":{"line":64,"column":59}},"33":{"start":{"line":65,"column":2},"end":{"line":65,"column":46}},"34":{"start":{"line":68,"column":0},"end":{"line":70,"column":3}},"35":{"start":{"line":69,"column":2},"end":{"line":69,"column":49}},"36":{"start":{"line":71,"column":0},"end":{"line":71,"column":51}},"37":{"start":{"line":72,"column":0},"end":{"line":72,"column":49}},"38":{"start":{"line":73,"column":0},"end":{"line":73,"column":52}},"39":{"start":{"line":76,"column":0},"end":{"line":76,"column":64}},"40":{"start":{"line":78,"column":0},"end":{"line":78,"column":68}},"41":{"start":{"line":99,"column":0},"end":{"line":99,"column":66}},"42":{"start":{"line":100,"column":0},"end":{"line":100,"column":74}},"43":{"start":{"line":103,"column":0},"end":{"line":103,"column":100}},"44":{"start":{"line":104,"column":0},"end":{"line":104,"column":98}},"45":{"start":{"line":105,"column":0},"end":{"line":105,"column":104}},"46":{"start":{"line":106,"column":0},"end":{"line":106,"column":100}},"47":{"start":{"line":107,"column":0},"end":{"line":107,"column":90}},"48":{"start":{"line":108,"column":0},"end":{"line":108,"column":104}},"49":{"start":{"line":109,"column":0},"end":{"line":109,"column":107}},"50":{"start":{"line":110,"column":0},"end":{"line":110,"column":102}},"51":{"start":{"line":111,"column":0},"end":{"line":111,"column":108}},"52":{"start":{"line":112,"column":0},"end":{"line":112,"column":102}},"53":{"start":{"line":113,"column":0},"end":{"line":113,"column":100}},"54":{"start":{"line":114,"column":0},"end":{"line":114,"column":94}},"55":{"start":{"line":115,"column":0},"end":{"line":115,"column":113}},"56":{"start":{"line":116,"column":0},"end":{"line":116,"column":115}},"57":{"start":{"line":117,"column":0},"end":{"line":117,"column":93}},"58":{"start":{"line":118,"column":0},"end":{"line":118,"column":86}},"59":{"start":{"line":119,"column":0},"end":{"line":119,"column":107}},"60":{"start":{"line":124,"column":0},"end":{"line":128,"column":1}},"61":{"start":{"line":125,"column":2},"end":{"line":127,"column":5}},"62":{"start":{"line":126,"column":4},"end":{"line":126,"column":99}},"63":{"start":{"line":130,"column":0},"end":{"line":130,"column":21}}},"fnMap":{"0":{"name":"(anonymous_0)","decl":{"start":{"line":29,"column":12},"end":{"line":29,"column":13}},"loc":{"start":{"line":29,"column":34},"end":{"line":44,"column":5}},"line":29},"1":{"name":"(anonymous_1)","decl":{"start":{"line":60,"column":15},"end":{"line":60,"column":16}},"loc":{"start":{"line":60,"column":24},"end":{"line":60,"column":40}},"line":60},"2":{"name":"main","decl":{"start":{"line":63,"column":15},"end":{"line":63,"column":19}},"loc":{"start":{"line":63,"column":22},"end":{"line":66,"column":1}},"line":63},"3":{"name":"(anonymous_3)","decl":{"start":{"line":68,"column":21},"end":{"line":68,"column":22}},"loc":{"start":{"line":68,"column":35},"end":{"line":70,"column":1}},"line":68},"4":{"name":"(anonymous_4)","decl":{"start":{"line":125,"column":19},"end":{"line":125,"column":20}},"loc":{"start":{"line":125,"column":25},"end":{"line":127,"column":3}},"line":125}},"branchMap":{"0":{"loc":{"start":{"line":15,"column":0},"end":{"line":17,"column":1}},"type":"if","locations":[{"start":{"line":15,"column":0},"end":{"line":17,"column":1}},{"start":{},"end":{}}],"line":15},"1":{"loc":{"start":{"line":31,"column":6},"end":{"line":31,"column":47}},"type":"if","locations":[{"start":{"line":31,"column":6},"end":{"line":31,"column":47}},{"start":{},"end":{}}],"line":31},"2":{"loc":{"start":{"line":35,"column":8},"end":{"line":35,"column":70}},"type":"binary-expr","locations":[{"start":{"line":35,"column":8},"end":{"line":35,"column":37}},{"start":{"line":35,"column":41},"end":{"line":35,"column":70}}],"line":35},"3":{"loc":{"start":{"line":38,"column":6},"end":{"line":43,"column":7}},"type":"if","locations":[{"start":{"line":38,"column":6},"end":{"line":43,"column":7}},{"start":{"line":40,"column":13},"end":{"line":43,"column":7}}],"line":38},"4":{"loc":{"start":{"line":38,"column":10},"end":{"line":38,"column":41}},"type":"binary-expr","locations":[{"start":{"line":38,"column":10},"end":{"line":38,"column":18}},{"start":{"line":38,"column":22},"end":{"line":38,"column":29}},{"start":{"line":38,"column":33},"end":{"line":38,"column":41}}],"line":38},"5":{"loc":{"start":{"line":55,"column":13},"end":{"line":55,"column":37}},"type":"binary-expr","locations":[{"start":{"line":55,"column":13},"end":{"line":55,"column":29}},{"start":{"line":55,"column":33},"end":{"line":55,"column":37}}],"line":55},"6":{"loc":{"start":{"line":59,"column":0},"end":{"line":61,"column":1}},"type":"if","locations":[{"start":{"line":59,"column":0},"end":{"line":61,"column":1}},{"start":{},"end":{}}],"line":59},"7":{"loc":{"start":{"line":124,"column":0},"end":{"line":128,"column":1}},"type":"if","locations":[{"start":{"line":124,"column":0},"end":{"line":128,"column":1}},{"start":{},"end":{}}],"line":124}},"s":{"0":2,"1":2,"2":2,"3":2,"4":2,"5":2,"6":2,"7":2,"8":2,"9":2,"10":2,"11":2,"12":2,"13":0,"14":2,"15":2,"16":2,"17":14,"18":14,"19":0,"20":0,"21":0,"22":0,"23":0,"24":0,"25":0,"26":2,"27":2,"28":2,"29":2,"30":0,"31":0,"32":0,"33":0,"34":2,"35":1,"36":2,"37":2,"38":2,"39":2,"40":2,"41":2,"42":2,"43":2,"44":2,"45":2,"46":2,"47":2,"48":2,"49":2,"50":2,"51":2,"52":2,"53":2,"54":2,"55":2,"56":2,"57":2,"58":2,"59":2,"60":2,"61":0,"62":0,"63":2},"f":{"0":14,"1":0,"2":0,"3":1,"4":0},"b":{"0":[0,2],"1":[14,0],"2":[0,0],"3":[0,0],"4":[0,0,0],"5":[2,0],"6":[0,2],"7":[0,2]},"_coverageSchema":"1a1c01bbd47fc00a2c39e90264f33305004495a9","hash":"0f88f2c848797f84996e12d2fab6f110df68f4cd"}
,"C:\\web\\backend\\auth\\authenticateToken.js": {"path":"C:\\web\\backend\\auth\\authenticateToken.js","statementMap":{"0":{"start":{"line":1,"column":12},"end":{"line":1,"column":35}},"1":{"start":{"line":2,"column":22},"end":{"line":2,"column":48}},"2":{"start":{"line":3,"column":30},"end":{"line":3,"column":49}},"3":{"start":{"line":6,"column":14},"end":{"line":6,"column":18}},"4":{"start":{"line":7,"column":2},"end":{"line":7,"column":35}},"5":{"start":{"line":8,"column":2},"end":{"line":20,"column":3}},"6":{"start":{"line":9,"column":4},"end":{"line":9,"column":39}},"7":{"start":{"line":13,"column":4},"end":{"line":13,"column":29}},"8":{"start":{"line":14,"column":4},"end":{"line":16,"column":5}},"9":{"start":{"line":15,"column":6},"end":{"line":15,"column":71}},"10":{"start":{"line":17,"column":4},"end":{"line":19,"column":5}},"11":{"start":{"line":18,"column":6},"end":{"line":18,"column":66}},"12":{"start":{"line":22,"column":2},"end":{"line":29,"column":3}},"13":{"start":{"line":23,"column":20},"end":{"line":23,"column":44}},"14":{"start":{"line":24,"column":4},"end":{"line":24,"column":28}},"15":{"start":{"line":25,"column":4},"end":{"line":25,"column":11}},"16":{"start":{"line":27,"column":4},"end":{"line":27,"column":48}},"17":{"start":{"line":28,"column":4},"end":{"line":28,"column":61}},"18":{"start":{"line":32,"column":0},"end":{"line":32,"column":35}}},"fnMap":{"0":{"name":"authenticateToken","decl":{"start":{"line":5,"column":9},"end":{"line":5,"column":26}},"loc":{"start":{"line":5,"column":43},"end":{"line":30,"column":1}},"line":5}},"branchMap":{"0":{"loc":{"start":{"line":14,"column":4},"end":{"line":16,"column":5}},"type":"if","locations":[{"start":{"line":14,"column":4},"end":{"line":16,"column":5}},{"start":{},"end":{}}],"line":14},"1":{"loc":{"start":{"line":17,"column":4},"end":{"line":19,"column":5}},"type":"if","locations":[{"start":{"line":17,"column":4},"end":{"line":19,"column":5}},{"start":{},"end":{}}],"line":17}},"s":{"0":2,"1":2,"2":2,"3":0,"4":0,"5":0,"6":0,"7":0,"8":0,"9":0,"10":0,"11":0,"12":0,"13":0,"14":0,"15":0,"16":0,"17":0,"18":2},"f":{"0":0},"b":{"0":[0,0],"1":[0,0]},"_coverageSchema":"1a1c01bbd47fc00a2c39e90264f33305004495a9","hash":"8a9aa37e9cb2af64ddd72843f35d7c4db92ebcd9"}
,"C:\\web\\backend\\auth\\sign.js": {"path":"C:\\web\\backend\\auth\\sign.js","statementMap":{"0":{"start":{"line":1,"column":12},"end":{"line":1,"column":35}},"1":{"start":{"line":2,"column":0},"end":{"line":2,"column":27}},"2":{"start":{"line":5,"column":2},"end":{"line":14,"column":4}},"3":{"start":{"line":19,"column":2},"end":{"line":19,"column":30}},"4":{"start":{"line":26,"column":2},"end":{"line":26,"column":50}},"5":{"start":{"line":29,"column":0},"end":{"line":29,"column":63}}},"fnMap":{"0":{"name":"sign","decl":{"start":{"line":4,"column":9},"end":{"line":4,"column":13}},"loc":{"start":{"line":4,"column":38},"end":{"line":15,"column":1}},"line":4},"1":{"name":"generateAccessToken","decl":{"start":{"line":17,"column":9},"end":{"line":17,"column":28}},"loc":{"start":{"line":17,"column":35},"end":{"line":20,"column":1}},"line":17},"2":{"name":"generateRefreshToken","decl":{"start":{"line":25,"column":9},"end":{"line":25,"column":29}},"loc":{"start":{"line":25,"column":55},"end":{"line":27,"column":1}},"line":25}},"branchMap":{"0":{"loc":{"start":{"line":7,"column":4},"end":{"line":9,"column":40}},"type":"cond-expr","locations":[{"start":{"line":8,"column":8},"end":{"line":8,"column":39}},{"start":{"line":9,"column":8},"end":{"line":9,"column":40}}],"line":7},"1":{"loc":{"start":{"line":11,"column":17},"end":{"line":11,"column":45}},"type":"cond-expr","locations":[{"start":{"line":11,"column":33},"end":{"line":11,"column":37}},{"start":{"line":11,"column":40},"end":{"line":11,"column":45}}],"line":11}},"s":{"0":2,"1":2,"2":2,"3":1,"4":1,"5":2},"f":{"0":2,"1":1,"2":1},"b":{"0":[1,1],"1":[1,1]},"_coverageSchema":"1a1c01bbd47fc00a2c39e90264f33305004495a9","hash":"c4b5864ca2c8744185ae4a72ccc6be5d77db437f"}
,"C:\\web\\backend\\auth\\validateToken.js": {"path":"C:\\web\\backend\\auth\\validateToken.js","statementMap":{"0":{"start":{"line":2,"column":2},"end":{"line":6,"column":3}},"1":{"start":{"line":3,"column":4},"end":{"line":3,"column":43}},"2":{"start":{"line":4,"column":4},"end":{"line":4,"column":42}},"3":{"start":{"line":8,"column":26},"end":{"line":8,"column":60}},"4":{"start":{"line":10,"column":2},"end":{"line":14,"column":3}},"5":{"start":{"line":11,"column":4},"end":{"line":11,"column":42}},"6":{"start":{"line":12,"column":4},"end":{"line":12,"column":44}},"7":{"start":{"line":16,"column":2},"end":{"line":16,"column":15}},"8":{"start":{"line":19,"column":0},"end":{"line":19,"column":31}}},"fnMap":{"0":{"name":"validateToken","decl":{"start":{"line":1,"column":9},"end":{"line":1,"column":22}},"loc":{"start":{"line":1,"column":31},"end":{"line":17,"column":1}},"line":1}},"branchMap":{"0":{"loc":{"start":{"line":2,"column":2},"end":{"line":6,"column":3}},"type":"if","locations":[{"start":{"line":2,"column":2},"end":{"line":6,"column":3}},{"start":{},"end":{}}],"line":2},"1":{"loc":{"start":{"line":10,"column":2},"end":{"line":14,"column":3}},"type":"if","locations":[{"start":{"line":10,"column":2},"end":{"line":14,"column":3}},{"start":{},"end":{}}],"line":10}},"s":{"0":0,"1":0,"2":0,"3":0,"4":0,"5":0,"6":0,"7":0,"8":2},"f":{"0":0},"b":{"0":[0,0],"1":[0,0]},"_coverageSchema":"1a1c01bbd47fc00a2c39e90264f33305004495a9","hash":"1dd7ca6fc4015ba4921d12e5932491a340c8a3f5"}
,"C:\\web\\backend\\auth\\verify.js": {"path":"C:\\web\\backend\\auth\\verify.js","statementMap":{"0":{"start":{"line":1,"column":12},"end":{"line":1,"column":35}},"1":{"start":{"line":2,"column":0},"end":{"line":2,"column":27}},"2":{"start":{"line":5,"column":18},"end":{"line":5,"column":68}},"3":{"start":{"line":6,"column":2},"end":{"line":6,"column":17}},"4":{"start":{"line":10,"column":18},"end":{"line":10,"column":69}},"5":{"start":{"line":11,"column":2},"end":{"line":11,"column":17}},"6":{"start":{"line":13,"column":0},"end":{"line":13,"column":59}}},"fnMap":{"0":{"name":"verifyAccessToken","decl":{"start":{"line":4,"column":9},"end":{"line":4,"column":26}},"loc":{"start":{"line":4,"column":34},"end":{"line":7,"column":1}},"line":4},"1":{"name":"verifyRefreshToken","decl":{"start":{"line":9,"column":9},"end":{"line":9,"column":27}},"loc":{"start":{"line":9,"column":35},"end":{"line":12,"column":1}},"line":9}},"branchMap":{},"s":{"0":2,"1":2,"2":0,"3":0,"4":0,"5":0,"6":2},"f":{"0":0,"1":0},"b":{},"_coverageSchema":"1a1c01bbd47fc00a2c39e90264f33305004495a9","hash":"f0bd09abbfb01ecca8029efc39435fedbd4c2354"}
,"C:\\web\\backend\\lib\\audit.js": {"path":"C:\\web\\backend\\lib\\audit.js","statementMap":{"0":{"start":{"line":1,"column":17},"end":{"line":1,"column":46}},"1":{"start":{"line":15,"column":2},"end":{"line":30,"column":3}},"2":{"start":{"line":16,"column":16},"end":{"line":26,"column":6}},"3":{"start":{"line":27,"column":4},"end":{"line":27,"column":21}},"4":{"start":{"line":29,"column":4},"end":{"line":29,"column":58}},"5":{"start":{"line":33,"column":0},"end":{"line":33,"column":40}}},"fnMap":{"0":{"name":"registrarAuditoria","decl":{"start":{"line":14,"column":15},"end":{"line":14,"column":33}},"loc":{"start":{"line":14,"column":107},"end":{"line":31,"column":1}},"line":14}},"branchMap":{"0":{"loc":{"start":{"line":23,"column":10},"end":{"line":23,"column":88}},"type":"cond-expr","locations":[{"start":{"line":23,"column":17},"end":{"line":23,"column":75}},{"start":{"line":23,"column":79},"end":{"line":23,"column":88}}],"line":23},"1":{"loc":{"start":{"line":23,"column":17},"end":{"line":23,"column":75}},"type":"binary-expr","locations":[{"start":{"line":23,"column":17},"end":{"line":23,"column":47}},{"start":{"line":23,"column":51},"end":{"line":23,"column":75}}],"line":23},"2":{"loc":{"start":{"line":24,"column":17},"end":{"line":24,"column":60}},"type":"cond-expr","locations":[{"start":{"line":24,"column":23},"end":{"line":24,"column":48}},{"start":{"line":24,"column":51},"end":{"line":24,"column":60}}],"line":24}},"s":{"0":2,"1":6,"2":6,"3":6,"4":0,"5":2},"f":{"0":6},"b":{"0":[0,6],"1":[0,0],"2":[0,6]},"_coverageSchema":"1a1c01bbd47fc00a2c39e90264f33305004495a9","hash":"24ddade1a6575aa52541df9c50d5a9d6da666c02"}
,"C:\\web\\backend\\lib\\getUserInfo.js": {"path":"C:\\web\\backend\\lib\\getUserInfo.js","statementMap":{"0":{"start":{"line":2,"column":2},"end":{"line":6,"column":4}},"1":{"start":{"line":9,"column":0},"end":{"line":9,"column":29}}},"fnMap":{"0":{"name":"getUserInfo","decl":{"start":{"line":1,"column":9},"end":{"line":1,"column":20}},"loc":{"start":{"line":1,"column":27},"end":{"line":7,"column":1}},"line":1}},"branchMap":{},"s":{"0":1,"1":2},"f":{"0":1},"b":{},"_coverageSchema":"1a1c01bbd47fc00a2c39e90264f33305004495a9","hash":"3c46c907d439051bf787c2ea500a689852577e99"}
,"C:\\web\\backend\\lib\\jsonResponse.js": {"path":"C:\\web\\backend\\lib\\jsonResponse.js","statementMap":{"0":{"start":{"line":1,"column":0},"end":{"line":6,"column":2}},"1":{"start":{"line":2,"column":2},"end":{"line":5,"column":4}}},"fnMap":{"0":{"name":"(anonymous_0)","decl":{"start":{"line":1,"column":23},"end":{"line":1,"column":24}},"loc":{"start":{"line":1,"column":51},"end":{"line":6,"column":1}},"line":1}},"branchMap":{},"s":{"0":2,"1":13},"f":{"0":13},"b":{},"_coverageSchema":"1a1c01bbd47fc00a2c39e90264f33305004495a9","hash":"88ae559f9c9589e7866cc737aeeb59ab3a24b2ef"}
,"C:\\web\\backend\\lib\\trace.js": {"path":"C:\\web\\backend\\lib\\trace.js","statementMap":{"0":{"start":{"line":1,"column":15},"end":{"line":1,"column":32}},"1":{"start":{"line":3,"column":12},"end":{"line":6,"column":2}},"2":{"start":{"line":8,"column":0},"end":{"line":8,"column":21}}},"fnMap":{},"branchMap":{},"s":{"0":2,"1":2,"2":2},"f":{},"b":{},"_coverageSchema":"1a1c01bbd47fc00a2c39e90264f33305004495a9","hash":"7a3e699e38fcb38b6fccca00f65c364be3c69bb6"}
,"C:\\web\\backend\\middleware\\verifyEmpresaContext.js": {"path":"C:\\web\\backend\\middleware\\verifyEmpresaContext.js","statementMap":{"0":{"start":{"line":1,"column":23},"end":{"line":1,"column":58}},"1":{"start":{"line":2,"column":25},"end":{"line":2,"column":55}},"2":{"start":{"line":8,"column":29},"end":{"line":46,"column":1}},"3":{"start":{"line":9,"column":20},"end":{"line":9,"column":46}},"4":{"start":{"line":11,"column":2},"end":{"line":17,"column":3}},"5":{"start":{"line":12,"column":4},"end":{"line":16,"column":6}},"6":{"start":{"line":19,"column":2},"end":{"line":45,"column":3}},"7":{"start":{"line":20,"column":24},"end":{"line":24,"column":24}},"8":{"start":{"line":26,"column":4},"end":{"line":32,"column":5}},"9":{"start":{"line":27,"column":6},"end":{"line":31,"column":8}},"10":{"start":{"line":35,"column":4},"end":{"line":39,"column":6}},"11":{"start":{"line":41,"column":4},"end":{"line":41,"column":11}},"12":{"start":{"line":43,"column":4},"end":{"line":43,"column":59}},"13":{"start":{"line":44,"column":4},"end":{"line":44,"column":98}},"14":{"start":{"line":48,"column":0},"end":{"line":48,"column":38}}},"fnMap":{"0":{"name":"(anonymous_0)","decl":{"start":{"line":8,"column":29},"end":{"line":8,"column":30}},"loc":{"start":{"line":8,"column":55},"end":{"line":46,"column":1}},"line":8}},"branchMap":{"0":{"loc":{"start":{"line":11,"column":2},"end":{"line":17,"column":3}},"type":"if","locations":[{"start":{"line":11,"column":2},"end":{"line":17,"column":3}},{"start":{},"end":{}}],"line":11},"1":{"loc":{"start":{"line":26,"column":4},"end":{"line":32,"column":5}},"type":"if","locations":[{"start":{"line":26,"column":4},"end":{"line":32,"column":5}},{"start":{},"end":{}}],"line":26},"2":{"loc":{"start":{"line":38,"column":15},"end":{"line":38,"column":63}},"type":"binary-expr","locations":[{"start":{"line":38,"column":15},"end":{"line":38,"column":54}},{"start":{"line":38,"column":58},"end":{"line":38,"column":63}}],"line":38}},"s":{"0":2,"1":2,"2":2,"3":0,"4":0,"5":0,"6":0,"7":0,"8":0,"9":0,"10":0,"11":0,"12":0,"13":0,"14":2},"f":{"0":0},"b":{"0":[0,0],"1":[0,0],"2":[0,0]},"_coverageSchema":"1a1c01bbd47fc00a2c39e90264f33305004495a9","hash":"812742ed6c14b5fadff263f292afcd359ef734b2"}
,"C:\\web\\backend\\routes\\archivistica.js": {"path":"C:\\web\\backend\\routes\\archivistica.js","statementMap":{"0":{"start":{"line":1,"column":16},"end":{"line":1,"column":34}},"1":{"start":{"line":2,"column":15},"end":{"line":2,"column":31}},"2":{"start":{"line":3,"column":20},"end":{"line":3,"column":52}},"3":{"start":{"line":4,"column":24},"end":{"line":4,"column":60}},"4":{"start":{"line":5,"column":27},"end":{"line":5,"column":66}},"5":{"start":{"line":6,"column":12},"end":{"line":6,"column":57}},"6":{"start":{"line":7,"column":25},"end":{"line":7,"column":55}},"7":{"start":{"line":8,"column":31},"end":{"line":8,"column":54}},"8":{"start":{"line":13,"column":21},"end":{"line":13,"column":54}},"9":{"start":{"line":16,"column":0},"end":{"line":33,"column":3}},"10":{"start":{"line":17,"column":23},"end":{"line":17,"column":32}},"11":{"start":{"line":18,"column":2},"end":{"line":32,"column":3}},"12":{"start":{"line":19,"column":16},"end":{"line":19,"column":18}},"13":{"start":{"line":20,"column":4},"end":{"line":25,"column":5}},"14":{"start":{"line":21,"column":6},"end":{"line":24,"column":8}},"15":{"start":{"line":26,"column":4},"end":{"line":26,"column":35}},"16":{"start":{"line":26,"column":15},"end":{"line":26,"column":35}},"17":{"start":{"line":28,"column":24},"end":{"line":28,"column":64}},"18":{"start":{"line":29,"column":4},"end":{"line":29,"column":49}},"19":{"start":{"line":31,"column":4},"end":{"line":31,"column":84}},"20":{"start":{"line":36,"column":0},"end":{"line":81,"column":3}},"21":{"start":{"line":37,"column":21},"end":{"line":37,"column":30}},"22":{"start":{"line":38,"column":20},"end":{"line":38,"column":63}},"23":{"start":{"line":39,"column":2},"end":{"line":41,"column":3}},"24":{"start":{"line":40,"column":4},"end":{"line":40,"column":109}},"25":{"start":{"line":43,"column":2},"end":{"line":45,"column":3}},"26":{"start":{"line":44,"column":4},"end":{"line":44,"column":101}},"27":{"start":{"line":48,"column":25},"end":{"line":54,"column":3}},"28":{"start":{"line":56,"column":28},"end":{"line":56,"column":55}},"29":{"start":{"line":57,"column":24},"end":{"line":57,"column":57}},"30":{"start":{"line":59,"column":2},"end":{"line":61,"column":3}},"31":{"start":{"line":60,"column":4},"end":{"line":60,"column":108}},"32":{"start":{"line":63,"column":2},"end":{"line":80,"column":3}},"33":{"start":{"line":65,"column":18},"end":{"line":73,"column":5}},"34":{"start":{"line":69,"column":41},"end":{"line":71,"column":9}},"35":{"start":{"line":75,"column":28},"end":{"line":75,"column":78}},"36":{"start":{"line":76,"column":4},"end":{"line":76,"column":66}},"37":{"start":{"line":78,"column":4},"end":{"line":78,"column":79}},"38":{"start":{"line":79,"column":4},"end":{"line":79,"column":97}},"39":{"start":{"line":85,"column":0},"end":{"line":188,"column":3}},"40":{"start":{"line":86,"column":41},"end":{"line":86,"column":49}},"41":{"start":{"line":87,"column":20},"end":{"line":87,"column":47}},"42":{"start":{"line":89,"column":2},"end":{"line":187,"column":3}},"43":{"start":{"line":90,"column":17},"end":{"line":90,"column":54}},"44":{"start":{"line":91,"column":4},"end":{"line":91,"column":105}},"45":{"start":{"line":91,"column":15},"end":{"line":91,"column":105}},"46":{"start":{"line":93,"column":4},"end":{"line":140,"column":5}},"47":{"start":{"line":94,"column":21},"end":{"line":94,"column":91}},"48":{"start":{"line":96,"column":6},"end":{"line":107,"column":7}},"49":{"start":{"line":97,"column":8},"end":{"line":105,"column":11}},"50":{"start":{"line":106,"column":8},"end":{"line":106,"column":30}},"51":{"start":{"line":109,"column":32},"end":{"line":109,"column":33}},"52":{"start":{"line":110,"column":6},"end":{"line":127,"column":7}},"53":{"start":{"line":111,"column":26},"end":{"line":111,"column":103}},"54":{"start":{"line":112,"column":8},"end":{"line":126,"column":9}},"55":{"start":{"line":113,"column":28},"end":{"line":113,"column":115}},"56":{"start":{"line":114,"column":10},"end":{"line":125,"column":11}},"57":{"start":{"line":115,"column":29},"end":{"line":122,"column":14}},"58":{"start":{"line":123,"column":12},"end":{"line":123,"column":34}},"59":{"start":{"line":124,"column":12},"end":{"line":124,"column":34}},"60":{"start":{"line":129,"column":6},"end":{"line":134,"column":9}},"61":{"start":{"line":136,"column":6},"end":{"line":139,"column":10}},"62":{"start":{"line":142,"column":4},"end":{"line":181,"column":5}},"63":{"start":{"line":143,"column":26},"end":{"line":143,"column":103}},"64":{"start":{"line":144,"column":6},"end":{"line":144,"column":121}},"65":{"start":{"line":144,"column":24},"end":{"line":144,"column":121}},"66":{"start":{"line":146,"column":21},"end":{"line":146,"column":98}},"67":{"start":{"line":147,"column":6},"end":{"line":158,"column":7}},"68":{"start":{"line":148,"column":8},"end":{"line":156,"column":11}},"69":{"start":{"line":157,"column":8},"end":{"line":157,"column":30}},"70":{"start":{"line":160,"column":24},"end":{"line":160,"column":112}},"71":{"start":{"line":161,"column":6},"end":{"line":161,"column":114}},"72":{"start":{"line":161,"column":21},"end":{"line":161,"column":114}},"73":{"start":{"line":163,"column":23},"end":{"line":170,"column":8}},"74":{"start":{"line":171,"column":6},"end":{"line":171,"column":28}},"75":{"start":{"line":173,"column":6},"end":{"line":178,"column":9}},"76":{"start":{"line":180,"column":6},"end":{"line":180,"column":106}},"77":{"start":{"line":183,"column":4},"end":{"line":183,"column":84}},"78":{"start":{"line":185,"column":4},"end":{"line":185,"column":25}},"79":{"start":{"line":186,"column":4},"end":{"line":186,"column":89}},"80":{"start":{"line":191,"column":0},"end":{"line":202,"column":3}},"81":{"start":{"line":192,"column":2},"end":{"line":192,"column":84}},"82":{"start":{"line":193,"column":20},"end":{"line":193,"column":47}},"83":{"start":{"line":194,"column":2},"end":{"line":194,"column":112}},"84":{"start":{"line":194,"column":18},"end":{"line":194,"column":112}},"85":{"start":{"line":196,"column":2},"end":{"line":201,"column":3}},"86":{"start":{"line":197,"column":25},"end":{"line":197,"column":93}},"87":{"start":{"line":198,"column":4},"end":{"line":198,"column":50}},"88":{"start":{"line":200,"column":4},"end":{"line":200,"column":88}},"89":{"start":{"line":205,"column":0},"end":{"line":236,"column":3}},"90":{"start":{"line":206,"column":20},"end":{"line":206,"column":47}},"91":{"start":{"line":207,"column":89},"end":{"line":207,"column":97}},"92":{"start":{"line":209,"column":2},"end":{"line":209,"column":112}},"93":{"start":{"line":209,"column":18},"end":{"line":209,"column":112}},"94":{"start":{"line":211,"column":2},"end":{"line":235,"column":3}},"95":{"start":{"line":212,"column":18},"end":{"line":218,"column":6}},"96":{"start":{"line":219,"column":4},"end":{"line":219,"column":23}},"97":{"start":{"line":221,"column":4},"end":{"line":226,"column":7}},"98":{"start":{"line":228,"column":4},"end":{"line":228,"column":68}},"99":{"start":{"line":230,"column":4},"end":{"line":230,"column":25}},"100":{"start":{"line":231,"column":4},"end":{"line":233,"column":5}},"101":{"start":{"line":232,"column":6},"end":{"line":232,"column":131}},"102":{"start":{"line":234,"column":4},"end":{"line":234,"column":85}},"103":{"start":{"line":239,"column":0},"end":{"line":264,"column":3}},"104":{"start":{"line":240,"column":97},"end":{"line":240,"column":105}},"105":{"start":{"line":241,"column":20},"end":{"line":241,"column":47}},"106":{"start":{"line":242,"column":2},"end":{"line":263,"column":3}},"107":{"start":{"line":243,"column":24},"end":{"line":247,"column":5}},"108":{"start":{"line":249,"column":4},"end":{"line":254,"column":7}},"109":{"start":{"line":256,"column":4},"end":{"line":256,"column":62}},"110":{"start":{"line":258,"column":4},"end":{"line":258,"column":25}},"111":{"start":{"line":259,"column":4},"end":{"line":261,"column":5}},"112":{"start":{"line":260,"column":6},"end":{"line":260,"column":100}},"113":{"start":{"line":262,"column":4},"end":{"line":262,"column":90}},"114":{"start":{"line":267,"column":0},"end":{"line":290,"column":3}},"115":{"start":{"line":268,"column":20},"end":{"line":268,"column":47}},"116":{"start":{"line":269,"column":2},"end":{"line":289,"column":3}},"117":{"start":{"line":271,"column":23},"end":{"line":271,"column":86}},"118":{"start":{"line":272,"column":4},"end":{"line":274,"column":5}},"119":{"start":{"line":273,"column":6},"end":{"line":273,"column":131}},"120":{"start":{"line":276,"column":16},"end":{"line":276,"column":57}},"121":{"start":{"line":277,"column":4},"end":{"line":277,"column":55}},"122":{"start":{"line":279,"column":4},"end":{"line":284,"column":7}},"123":{"start":{"line":286,"column":4},"end":{"line":286,"column":70}},"124":{"start":{"line":288,"column":4},"end":{"line":288,"column":88}},"125":{"start":{"line":295,"column":0},"end":{"line":303,"column":3}},"126":{"start":{"line":296,"column":20},"end":{"line":296,"column":47}},"127":{"start":{"line":297,"column":2},"end":{"line":302,"column":3}},"128":{"start":{"line":298,"column":19},"end":{"line":298,"column":85}},"129":{"start":{"line":299,"column":4},"end":{"line":299,"column":44}},"130":{"start":{"line":301,"column":4},"end":{"line":301,"column":82}},"131":{"start":{"line":306,"column":0},"end":{"line":337,"column":3}},"132":{"start":{"line":307,"column":20},"end":{"line":307,"column":47}},"133":{"start":{"line":308,"column":105},"end":{"line":308,"column":113}},"134":{"start":{"line":310,"column":2},"end":{"line":336,"column":3}},"135":{"start":{"line":311,"column":18},"end":{"line":319,"column":6}},"136":{"start":{"line":320,"column":4},"end":{"line":320,"column":23}},"137":{"start":{"line":322,"column":4},"end":{"line":327,"column":7}},"138":{"start":{"line":329,"column":4},"end":{"line":329,"column":62}},"139":{"start":{"line":331,"column":4},"end":{"line":331,"column":25}},"140":{"start":{"line":332,"column":4},"end":{"line":334,"column":5}},"141":{"start":{"line":333,"column":6},"end":{"line":333,"column":92}},"142":{"start":{"line":335,"column":4},"end":{"line":335,"column":79}},"143":{"start":{"line":340,"column":0},"end":{"line":365,"column":3}},"144":{"start":{"line":341,"column":105},"end":{"line":341,"column":113}},"145":{"start":{"line":342,"column":20},"end":{"line":342,"column":47}},"146":{"start":{"line":343,"column":2},"end":{"line":364,"column":3}},"147":{"start":{"line":344,"column":24},"end":{"line":348,"column":5}},"148":{"start":{"line":350,"column":4},"end":{"line":355,"column":7}},"149":{"start":{"line":357,"column":4},"end":{"line":357,"column":56}},"150":{"start":{"line":359,"column":4},"end":{"line":359,"column":25}},"151":{"start":{"line":360,"column":4},"end":{"line":362,"column":5}},"152":{"start":{"line":361,"column":6},"end":{"line":361,"column":100}},"153":{"start":{"line":363,"column":4},"end":{"line":363,"column":84}},"154":{"start":{"line":368,"column":0},"end":{"line":391,"column":3}},"155":{"start":{"line":369,"column":20},"end":{"line":369,"column":47}},"156":{"start":{"line":370,"column":2},"end":{"line":390,"column":3}},"157":{"start":{"line":372,"column":27},"end":{"line":372,"column":86}},"158":{"start":{"line":373,"column":4},"end":{"line":375,"column":5}},"159":{"start":{"line":374,"column":6},"end":{"line":374,"column":118}},"160":{"start":{"line":377,"column":18},"end":{"line":377,"column":63}},"161":{"start":{"line":378,"column":4},"end":{"line":378,"column":59}},"162":{"start":{"line":380,"column":4},"end":{"line":385,"column":7}},"163":{"start":{"line":387,"column":4},"end":{"line":387,"column":64}},"164":{"start":{"line":389,"column":4},"end":{"line":389,"column":82}},"165":{"start":{"line":394,"column":0},"end":{"line":401,"column":3}},"166":{"start":{"line":395,"column":2},"end":{"line":400,"column":3}},"167":{"start":{"line":396,"column":22},"end":{"line":396,"column":112}},"168":{"start":{"line":397,"column":4},"end":{"line":397,"column":47}},"169":{"start":{"line":399,"column":4},"end":{"line":399,"column":85}},"170":{"start":{"line":404,"column":0},"end":{"line":433,"column":3}},"171":{"start":{"line":405,"column":120},"end":{"line":405,"column":128}},"172":{"start":{"line":406,"column":20},"end":{"line":406,"column":47}},"173":{"start":{"line":407,"column":2},"end":{"line":432,"column":3}},"174":{"start":{"line":408,"column":18},"end":{"line":415,"column":6}},"175":{"start":{"line":416,"column":4},"end":{"line":416,"column":23}},"176":{"start":{"line":418,"column":4},"end":{"line":423,"column":7}},"177":{"start":{"line":425,"column":4},"end":{"line":425,"column":65}},"178":{"start":{"line":427,"column":4},"end":{"line":427,"column":25}},"179":{"start":{"line":428,"column":4},"end":{"line":430,"column":5}},"180":{"start":{"line":429,"column":6},"end":{"line":429,"column":95}},"181":{"start":{"line":431,"column":4},"end":{"line":431,"column":82}},"182":{"start":{"line":436,"column":0},"end":{"line":457,"column":3}},"183":{"start":{"line":437,"column":111},"end":{"line":437,"column":119}},"184":{"start":{"line":438,"column":20},"end":{"line":438,"column":47}},"185":{"start":{"line":439,"column":2},"end":{"line":456,"column":3}},"186":{"start":{"line":440,"column":24},"end":{"line":444,"column":5}},"187":{"start":{"line":446,"column":4},"end":{"line":451,"column":7}},"188":{"start":{"line":453,"column":4},"end":{"line":453,"column":59}},"189":{"start":{"line":455,"column":4},"end":{"line":455,"column":87}},"190":{"start":{"line":460,"column":0},"end":{"line":477,"column":3}},"191":{"start":{"line":461,"column":20},"end":{"line":461,"column":47}},"192":{"start":{"line":462,"column":2},"end":{"line":476,"column":3}},"193":{"start":{"line":463,"column":16},"end":{"line":463,"column":64}},"194":{"start":{"line":464,"column":4},"end":{"line":464,"column":62}},"195":{"start":{"line":466,"column":4},"end":{"line":471,"column":7}},"196":{"start":{"line":473,"column":4},"end":{"line":473,"column":67}},"197":{"start":{"line":475,"column":4},"end":{"line":475,"column":85}},"198":{"start":{"line":480,"column":0},"end":{"line":562,"column":3}},"199":{"start":{"line":481,"column":20},"end":{"line":481,"column":47}},"200":{"start":{"line":483,"column":23},"end":{"line":519,"column":3}},"201":{"start":{"line":521,"column":2},"end":{"line":561,"column":3}},"202":{"start":{"line":522,"column":4},"end":{"line":549,"column":5}},"203":{"start":{"line":523,"column":21},"end":{"line":523,"column":90}},"204":{"start":{"line":525,"column":6},"end":{"line":536,"column":7}},"205":{"start":{"line":526,"column":8},"end":{"line":534,"column":11}},"206":{"start":{"line":535,"column":8},"end":{"line":535,"column":30}},"207":{"start":{"line":538,"column":6},"end":{"line":548,"column":7}},"208":{"start":{"line":539,"column":26},"end":{"line":539,"column":112}},"209":{"start":{"line":540,"column":8},"end":{"line":547,"column":9}},"210":{"start":{"line":541,"column":27},"end":{"line":545,"column":12}},"211":{"start":{"line":546,"column":10},"end":{"line":546,"column":32}},"212":{"start":{"line":551,"column":4},"end":{"line":556,"column":7}},"213":{"start":{"line":558,"column":4},"end":{"line":558,"column":84}},"214":{"start":{"line":560,"column":4},"end":{"line":560,"column":92}},"215":{"start":{"line":567,"column":0},"end":{"line":608,"column":3}},"216":{"start":{"line":568,"column":20},"end":{"line":568,"column":47}},"217":{"start":{"line":569,"column":40},"end":{"line":569,"column":48}},"218":{"start":{"line":571,"column":2},"end":{"line":607,"column":3}},"219":{"start":{"line":572,"column":16},"end":{"line":572,"column":76}},"220":{"start":{"line":573,"column":16},"end":{"line":573,"column":81}},"221":{"start":{"line":575,"column":4},"end":{"line":577,"column":5}},"222":{"start":{"line":576,"column":6},"end":{"line":576,"column":134}},"223":{"start":{"line":579,"column":4},"end":{"line":581,"column":5}},"224":{"start":{"line":580,"column":6},"end":{"line":580,"column":114}},"225":{"start":{"line":583,"column":22},"end":{"line":583,"column":97}},"226":{"start":{"line":585,"column":21},"end":{"line":590,"column":6}},"227":{"start":{"line":591,"column":4},"end":{"line":591,"column":26}},"228":{"start":{"line":593,"column":4},"end":{"line":598,"column":7}},"229":{"start":{"line":600,"column":4},"end":{"line":600,"column":63}},"230":{"start":{"line":602,"column":4},"end":{"line":604,"column":5}},"231":{"start":{"line":603,"column":6},"end":{"line":603,"column":131}},"232":{"start":{"line":605,"column":4},"end":{"line":605,"column":48}},"233":{"start":{"line":606,"column":4},"end":{"line":606,"column":102}},"234":{"start":{"line":611,"column":0},"end":{"line":624,"column":3}},"235":{"start":{"line":612,"column":20},"end":{"line":612,"column":47}},"236":{"start":{"line":613,"column":2},"end":{"line":623,"column":3}},"237":{"start":{"line":614,"column":20},"end":{"line":619,"column":8}},"238":{"start":{"line":620,"column":4},"end":{"line":620,"column":50}},"239":{"start":{"line":622,"column":4},"end":{"line":622,"column":79}},"240":{"start":{"line":627,"column":0},"end":{"line":644,"column":3}},"241":{"start":{"line":628,"column":20},"end":{"line":628,"column":47}},"242":{"start":{"line":629,"column":2},"end":{"line":643,"column":3}},"243":{"start":{"line":630,"column":16},"end":{"line":630,"column":49}},"244":{"start":{"line":631,"column":4},"end":{"line":631,"column":47}},"245":{"start":{"line":633,"column":4},"end":{"line":638,"column":7}},"246":{"start":{"line":640,"column":4},"end":{"line":640,"column":73}},"247":{"start":{"line":642,"column":4},"end":{"line":642,"column":80}},"248":{"start":{"line":646,"column":0},"end":{"line":646,"column":24}}},"fnMap":{"0":{"name":"(anonymous_0)","decl":{"start":{"line":16,"column":29},"end":{"line":16,"column":30}},"loc":{"start":{"line":16,"column":49},"end":{"line":33,"column":1}},"line":16},"1":{"name":"(anonymous_1)","decl":{"start":{"line":36,"column":41},"end":{"line":36,"column":42}},"loc":{"start":{"line":36,"column":61},"end":{"line":81,"column":1}},"line":36},"2":{"name":"(anonymous_2)","decl":{"start":{"line":69,"column":29},"end":{"line":69,"column":30}},"loc":{"start":{"line":69,"column":41},"end":{"line":71,"column":9}},"line":69},"3":{"name":"(anonymous_3)","decl":{"start":{"line":85,"column":32},"end":{"line":85,"column":33}},"loc":{"start":{"line":85,"column":52},"end":{"line":188,"column":1}},"line":85},"4":{"name":"(anonymous_4)","decl":{"start":{"line":191,"column":28},"end":{"line":191,"column":29}},"loc":{"start":{"line":191,"column":48},"end":{"line":202,"column":1}},"line":191},"5":{"name":"(anonymous_5)","decl":{"start":{"line":205,"column":29},"end":{"line":205,"column":30}},"loc":{"start":{"line":205,"column":49},"end":{"line":236,"column":1}},"line":205},"6":{"name":"(anonymous_6)","decl":{"start":{"line":239,"column":32},"end":{"line":239,"column":33}},"loc":{"start":{"line":239,"column":52},"end":{"line":264,"column":1}},"line":239},"7":{"name":"(anonymous_7)","decl":{"start":{"line":267,"column":35},"end":{"line":267,"column":36}},"loc":{"start":{"line":267,"column":55},"end":{"line":290,"column":1}},"line":267},"8":{"name":"(anonymous_8)","decl":{"start":{"line":295,"column":22},"end":{"line":295,"column":23}},"loc":{"start":{"line":295,"column":42},"end":{"line":303,"column":1}},"line":295},"9":{"name":"(anonymous_9)","decl":{"start":{"line":306,"column":23},"end":{"line":306,"column":24}},"loc":{"start":{"line":306,"column":43},"end":{"line":337,"column":1}},"line":306},"10":{"name":"(anonymous_10)","decl":{"start":{"line":340,"column":26},"end":{"line":340,"column":27}},"loc":{"start":{"line":340,"column":46},"end":{"line":365,"column":1}},"line":340},"11":{"name":"(anonymous_11)","decl":{"start":{"line":368,"column":29},"end":{"line":368,"column":30}},"loc":{"start":{"line":368,"column":49},"end":{"line":391,"column":1}},"line":368},"12":{"name":"(anonymous_12)","decl":{"start":{"line":394,"column":41},"end":{"line":394,"column":42}},"loc":{"start":{"line":394,"column":61},"end":{"line":401,"column":1}},"line":394},"13":{"name":"(anonymous_13)","decl":{"start":{"line":404,"column":26},"end":{"line":404,"column":27}},"loc":{"start":{"line":404,"column":46},"end":{"line":433,"column":1}},"line":404},"14":{"name":"(anonymous_14)","decl":{"start":{"line":436,"column":29},"end":{"line":436,"column":30}},"loc":{"start":{"line":436,"column":49},"end":{"line":457,"column":1}},"line":436},"15":{"name":"(anonymous_15)","decl":{"start":{"line":460,"column":32},"end":{"line":460,"column":33}},"loc":{"start":{"line":460,"column":52},"end":{"line":477,"column":1}},"line":460},"16":{"name":"(anonymous_16)","decl":{"start":{"line":480,"column":32},"end":{"line":480,"column":33}},"loc":{"start":{"line":480,"column":52},"end":{"line":562,"column":1}},"line":480},"17":{"name":"(anonymous_17)","decl":{"start":{"line":567,"column":20},"end":{"line":567,"column":21}},"loc":{"start":{"line":567,"column":40},"end":{"line":608,"column":1}},"line":567},"18":{"name":"(anonymous_18)","decl":{"start":{"line":611,"column":19},"end":{"line":611,"column":20}},"loc":{"start":{"line":611,"column":39},"end":{"line":624,"column":1}},"line":611},"19":{"name":"(anonymous_19)","decl":{"start":{"line":627,"column":26},"end":{"line":627,"column":27}},"loc":{"start":{"line":627,"column":46},"end":{"line":644,"column":1}},"line":627}},"branchMap":{"0":{"loc":{"start":{"line":20,"column":4},"end":{"line":25,"column":5}},"type":"if","locations":[{"start":{"line":20,"column":4},"end":{"line":25,"column":5}},{"start":{},"end":{}}],"line":20},"1":{"loc":{"start":{"line":26,"column":4},"end":{"line":26,"column":35}},"type":"if","locations":[{"start":{"line":26,"column":4},"end":{"line":26,"column":35}},{"start":{},"end":{}}],"line":26},"2":{"loc":{"start":{"line":38,"column":20},"end":{"line":38,"column":63}},"type":"binary-expr","locations":[{"start":{"line":38,"column":20},"end":{"line":38,"column":38}},{"start":{"line":38,"column":42},"end":{"line":38,"column":63}}],"line":38},"3":{"loc":{"start":{"line":39,"column":2},"end":{"line":41,"column":3}},"type":"if","locations":[{"start":{"line":39,"column":2},"end":{"line":41,"column":3}},{"start":{},"end":{}}],"line":39},"4":{"loc":{"start":{"line":43,"column":2},"end":{"line":45,"column":3}},"type":"if","locations":[{"start":{"line":43,"column":2},"end":{"line":45,"column":3}},{"start":{},"end":{}}],"line":43},"5":{"loc":{"start":{"line":59,"column":2},"end":{"line":61,"column":3}},"type":"if","locations":[{"start":{"line":59,"column":2},"end":{"line":61,"column":3}},{"start":{},"end":{}}],"line":59},"6":{"loc":{"start":{"line":91,"column":4},"end":{"line":91,"column":105}},"type":"if","locations":[{"start":{"line":91,"column":4},"end":{"line":91,"column":105}},{"start":{},"end":{}}],"line":91},"7":{"loc":{"start":{"line":93,"column":4},"end":{"line":140,"column":5}},"type":"if","locations":[{"start":{"line":93,"column":4},"end":{"line":140,"column":5}},{"start":{},"end":{}}],"line":93},"8":{"loc":{"start":{"line":96,"column":6},"end":{"line":107,"column":7}},"type":"if","locations":[{"start":{"line":96,"column":6},"end":{"line":107,"column":7}},{"start":{},"end":{}}],"line":96},"9":{"loc":{"start":{"line":110,"column":6},"end":{"line":127,"column":7}},"type":"if","locations":[{"start":{"line":110,"column":6},"end":{"line":127,"column":7}},{"start":{},"end":{}}],"line":110},"10":{"loc":{"start":{"line":114,"column":10},"end":{"line":125,"column":11}},"type":"if","locations":[{"start":{"line":114,"column":10},"end":{"line":125,"column":11}},{"start":{},"end":{}}],"line":114},"11":{"loc":{"start":{"line":142,"column":4},"end":{"line":181,"column":5}},"type":"if","locations":[{"start":{"line":142,"column":4},"end":{"line":181,"column":5}},{"start":{},"end":{}}],"line":142},"12":{"loc":{"start":{"line":144,"column":6},"end":{"line":144,"column":121}},"type":"if","locations":[{"start":{"line":144,"column":6},"end":{"line":144,"column":121}},{"start":{},"end":{}}],"line":144},"13":{"loc":{"start":{"line":147,"column":6},"end":{"line":158,"column":7}},"type":"if","locations":[{"start":{"line":147,"column":6},"end":{"line":158,"column":7}},{"start":{},"end":{}}],"line":147},"14":{"loc":{"start":{"line":161,"column":6},"end":{"line":161,"column":114}},"type":"if","locations":[{"start":{"line":161,"column":6},"end":{"line":161,"column":114}},{"start":{},"end":{}}],"line":161},"15":{"loc":{"start":{"line":194,"column":2},"end":{"line":194,"column":112}},"type":"if","locations":[{"start":{"line":194,"column":2},"end":{"line":194,"column":112}},{"start":{},"end":{}}],"line":194},"16":{"loc":{"start":{"line":209,"column":2},"end":{"line":209,"column":112}},"type":"if","locations":[{"start":{"line":209,"column":2},"end":{"line":209,"column":112}},{"start":{},"end":{}}],"line":209},"17":{"loc":{"start":{"line":216,"column":26},"end":{"line":216,"column":52}},"type":"binary-expr","locations":[{"start":{"line":216,"column":26},"end":{"line":216,"column":44}},{"start":{"line":216,"column":48},"end":{"line":216,"column":52}}],"line":216},"18":{"loc":{"start":{"line":231,"column":4},"end":{"line":233,"column":5}},"type":"if","locations":[{"start":{"line":231,"column":4},"end":{"line":233,"column":5}},{"start":{},"end":{}}],"line":231},"19":{"loc":{"start":{"line":231,"column":8},"end":{"line":231,"column":70}},"type":"binary-expr","locations":[{"start":{"line":231,"column":8},"end":{"line":231,"column":40}},{"start":{"line":231,"column":44},"end":{"line":231,"column":70}}],"line":231},"20":{"loc":{"start":{"line":245,"column":66},"end":{"line":245,"column":92}},"type":"binary-expr","locations":[{"start":{"line":245,"column":66},"end":{"line":245,"column":84}},{"start":{"line":245,"column":88},"end":{"line":245,"column":92}}],"line":245},"21":{"loc":{"start":{"line":259,"column":4},"end":{"line":261,"column":5}},"type":"if","locations":[{"start":{"line":259,"column":4},"end":{"line":261,"column":5}},{"start":{},"end":{}}],"line":259},"22":{"loc":{"start":{"line":259,"column":8},"end":{"line":259,"column":70}},"type":"binary-expr","locations":[{"start":{"line":259,"column":8},"end":{"line":259,"column":40}},{"start":{"line":259,"column":44},"end":{"line":259,"column":70}}],"line":259},"23":{"loc":{"start":{"line":272,"column":4},"end":{"line":274,"column":5}},"type":"if","locations":[{"start":{"line":272,"column":4},"end":{"line":274,"column":5}},{"start":{},"end":{}}],"line":272},"24":{"loc":{"start":{"line":332,"column":4},"end":{"line":334,"column":5}},"type":"if","locations":[{"start":{"line":332,"column":4},"end":{"line":334,"column":5}},{"start":{},"end":{}}],"line":332},"25":{"loc":{"start":{"line":332,"column":8},"end":{"line":332,"column":70}},"type":"binary-expr","locations":[{"start":{"line":332,"column":8},"end":{"line":332,"column":40}},{"start":{"line":332,"column":44},"end":{"line":332,"column":70}}],"line":332},"26":{"loc":{"start":{"line":360,"column":4},"end":{"line":362,"column":5}},"type":"if","locations":[{"start":{"line":360,"column":4},"end":{"line":362,"column":5}},{"start":{},"end":{}}],"line":360},"27":{"loc":{"start":{"line":360,"column":8},"end":{"line":360,"column":70}},"type":"binary-expr","locations":[{"start":{"line":360,"column":8},"end":{"line":360,"column":40}},{"start":{"line":360,"column":44},"end":{"line":360,"column":70}}],"line":360},"28":{"loc":{"start":{"line":373,"column":4},"end":{"line":375,"column":5}},"type":"if","locations":[{"start":{"line":373,"column":4},"end":{"line":375,"column":5}},{"start":{},"end":{}}],"line":373},"29":{"loc":{"start":{"line":428,"column":4},"end":{"line":430,"column":5}},"type":"if","locations":[{"start":{"line":428,"column":4},"end":{"line":430,"column":5}},{"start":{},"end":{}}],"line":428},"30":{"loc":{"start":{"line":428,"column":8},"end":{"line":428,"column":70}},"type":"binary-expr","locations":[{"start":{"line":428,"column":8},"end":{"line":428,"column":40}},{"start":{"line":428,"column":44},"end":{"line":428,"column":70}}],"line":428},"31":{"loc":{"start":{"line":525,"column":6},"end":{"line":536,"column":7}},"type":"if","locations":[{"start":{"line":525,"column":6},"end":{"line":536,"column":7}},{"start":{},"end":{}}],"line":525},"32":{"loc":{"start":{"line":540,"column":8},"end":{"line":547,"column":9}},"type":"if","locations":[{"start":{"line":540,"column":8},"end":{"line":547,"column":9}},{"start":{},"end":{}}],"line":540},"33":{"loc":{"start":{"line":575,"column":4},"end":{"line":577,"column":5}},"type":"if","locations":[{"start":{"line":575,"column":4},"end":{"line":577,"column":5}},{"start":{},"end":{}}],"line":575},"34":{"loc":{"start":{"line":575,"column":8},"end":{"line":575,"column":20}},"type":"binary-expr","locations":[{"start":{"line":575,"column":8},"end":{"line":575,"column":12}},{"start":{"line":575,"column":16},"end":{"line":575,"column":20}}],"line":575},"35":{"loc":{"start":{"line":579,"column":4},"end":{"line":581,"column":5}},"type":"if","locations":[{"start":{"line":579,"column":4},"end":{"line":581,"column":5}},{"start":{},"end":{}}],"line":579},"36":{"loc":{"start":{"line":602,"column":4},"end":{"line":604,"column":5}},"type":"if","locations":[{"start":{"line":602,"column":4},"end":{"line":604,"column":5}},{"start":{},"end":{}}],"line":602}},"s":{"0":2,"1":2,"2":2,"3":2,"4":2,"5":2,"6":2,"7":2,"8":2,"9":2,"10":0,"11":0,"12":0,"13":0,"14":0,"15":0,"16":0,"17":0,"18":0,"19":0,"20":2,"21":0,"22":0,"23":0,"24":0,"25":0,"26":0,"27":0,"28":0,"29":0,"30":0,"31":0,"32":0,"33":0,"34":0,"35":0,"36":0,"37":0,"38":0,"39":2,"40":0,"41":0,"42":0,"43":0,"44":0,"45":0,"46":0,"47":0,"48":0,"49":0,"50":0,"51":0,"52":0,"53":0,"54":0,"55":0,"56":0,"57":0,"58":0,"59":0,"60":0,"61":0,"62":0,"63":0,"64":0,"65":0,"66":0,"67":0,"68":0,"69":0,"70":0,"71":0,"72":0,"73":0,"74":0,"75":0,"76":0,"77":0,"78":0,"79":0,"80":2,"81":0,"82":0,"83":0,"84":0,"85":0,"86":0,"87":0,"88":0,"89":2,"90":0,"91":0,"92":0,"93":0,"94":0,"95":0,"96":0,"97":0,"98":0,"99":0,"100":0,"101":0,"102":0,"103":2,"104":0,"105":0,"106":0,"107":0,"108":0,"109":0,"110":0,"111":0,"112":0,"113":0,"114":2,"115":0,"116":0,"117":0,"118":0,"119":0,"120":0,"121":0,"122":0,"123":0,"124":0,"125":2,"126":0,"127":0,"128":0,"129":0,"130":0,"131":2,"132":0,"133":0,"134":0,"135":0,"136":0,"137":0,"138":0,"139":0,"140":0,"141":0,"142":0,"143":2,"144":0,"145":0,"146":0,"147":0,"148":0,"149":0,"150":0,"151":0,"152":0,"153":0,"154":2,"155":0,"156":0,"157":0,"158":0,"159":0,"160":0,"161":0,"162":0,"163":0,"164":0,"165":2,"166":0,"167":0,"168":0,"169":0,"170":2,"171":0,"172":0,"173":0,"174":0,"175":0,"176":0,"177":0,"178":0,"179":0,"180":0,"181":0,"182":2,"183":0,"184":0,"185":0,"186":0,"187":0,"188":0,"189":0,"190":2,"191":0,"192":0,"193":0,"194":0,"195":0,"196":0,"197":0,"198":2,"199":0,"200":0,"201":0,"202":0,"203":0,"204":0,"205":0,"206":0,"207":0,"208":0,"209":0,"210":0,"211":0,"212":0,"213":0,"214":0,"215":2,"216":0,"217":0,"218":0,"219":0,"220":0,"221":0,"222":0,"223":0,"224":0,"225":0,"226":0,"227":0,"228":0,"229":0,"230":0,"231":0,"232":0,"233":0,"234":2,"235":0,"236":0,"237":0,"238":0,"239":0,"240":2,"241":0,"242":0,"243":0,"244":0,"245":0,"246":0,"247":0,"248":2},"f":{"0":0,"1":0,"2":0,"3":0,"4":0,"5":0,"6":0,"7":0,"8":0,"9":0,"10":0,"11":0,"12":0,"13":0,"14":0,"15":0,"16":0,"17":0,"18":0,"19":0},"b":{"0":[0,0],"1":[0,0],"2":[0,0],"3":[0,0],"4":[0,0],"5":[0,0],"6":[0,0],"7":[0,0],"8":[0,0],"9":[0,0],"10":[0,0],"11":[0,0],"12":[0,0],"13":[0,0],"14":[0,0],"15":[0,0],"16":[0,0],"17":[0,0],"18":[0,0],"19":[0,0],"20":[0,0],"21":[0,0],"22":[0,0],"23":[0,0],"24":[0,0],"25":[0,0],"26":[0,0],"27":[0,0],"28":[0,0],"29":[0,0],"30":[0,0],"31":[0,0],"32":[0,0],"33":[0,0],"34":[0,0],"35":[0,0],"36":[0,0]},"_coverageSchema":"1a1c01bbd47fc00a2c39e90264f33305004495a9","hash":"05e79b34b04acb2e169558d88079c4c1349f6165"}
,"C:\\web\\backend\\routes\\audit.js": {"path":"C:\\web\\backend\\routes\\audit.js","statementMap":{"0":{"start":{"line":1,"column":16},"end":{"line":1,"column":34}},"1":{"start":{"line":2,"column":15},"end":{"line":2,"column":31}},"2":{"start":{"line":3,"column":17},"end":{"line":3,"column":46}},"3":{"start":{"line":4,"column":25},"end":{"line":4,"column":55}},"4":{"start":{"line":5,"column":63},"end":{"line":5,"column":98}},"5":{"start":{"line":11,"column":0},"end":{"line":30,"column":3}},"6":{"start":{"line":12,"column":20},"end":{"line":12,"column":47}},"7":{"start":{"line":13,"column":45},"end":{"line":13,"column":54}},"8":{"start":{"line":15,"column":2},"end":{"line":29,"column":3}},"9":{"start":{"line":16,"column":18},"end":{"line":16,"column":40}},"10":{"start":{"line":17,"column":4},"end":{"line":17,"column":53}},"11":{"start":{"line":17,"column":21},"end":{"line":17,"column":53}},"12":{"start":{"line":18,"column":4},"end":{"line":18,"column":45}},"13":{"start":{"line":18,"column":19},"end":{"line":18,"column":45}},"14":{"start":{"line":19,"column":4},"end":{"line":19,"column":38}},"15":{"start":{"line":19,"column":16},"end":{"line":19,"column":38}},"16":{"start":{"line":21,"column":17},"end":{"line":24,"column":17}},"17":{"start":{"line":26,"column":4},"end":{"line":26,"column":42}},"18":{"start":{"line":28,"column":4},"end":{"line":28,"column":93}},"19":{"start":{"line":36,"column":0},"end":{"line":43,"column":3}},"20":{"start":{"line":37,"column":2},"end":{"line":42,"column":3}},"21":{"start":{"line":38,"column":22},"end":{"line":38,"column":74}},"22":{"start":{"line":39,"column":4},"end":{"line":39,"column":43}},"23":{"start":{"line":41,"column":4},"end":{"line":41,"column":70}},"24":{"start":{"line":49,"column":0},"end":{"line":59,"column":3}},"25":{"start":{"line":50,"column":20},"end":{"line":50,"column":47}},"26":{"start":{"line":51,"column":23},"end":{"line":51,"column":33}},"27":{"start":{"line":53,"column":2},"end":{"line":58,"column":3}},"28":{"start":{"line":54,"column":21},"end":{"line":54,"column":82}},"29":{"start":{"line":55,"column":4},"end":{"line":55,"column":46}},"30":{"start":{"line":57,"column":4},"end":{"line":57,"column":95}},"31":{"start":{"line":65,"column":0},"end":{"line":87,"column":3}},"32":{"start":{"line":66,"column":20},"end":{"line":66,"column":47}},"33":{"start":{"line":67,"column":2},"end":{"line":86,"column":3}},"34":{"start":{"line":68,"column":25},"end":{"line":68,"column":78}},"35":{"start":{"line":69,"column":23},"end":{"line":72,"column":6}},"36":{"start":{"line":74,"column":24},"end":{"line":79,"column":6}},"37":{"start":{"line":81,"column":4},"end":{"line":83,"column":8}},"38":{"start":{"line":85,"column":4},"end":{"line":85,"column":88}},"39":{"start":{"line":89,"column":0},"end":{"line":89,"column":24}}},"fnMap":{"0":{"name":"(anonymous_0)","decl":{"start":{"line":11,"column":16},"end":{"line":11,"column":17}},"loc":{"start":{"line":11,"column":36},"end":{"line":30,"column":1}},"line":11},"1":{"name":"(anonymous_1)","decl":{"start":{"line":36,"column":32},"end":{"line":36,"column":33}},"loc":{"start":{"line":36,"column":52},"end":{"line":43,"column":1}},"line":36},"2":{"name":"(anonymous_2)","decl":{"start":{"line":49,"column":34},"end":{"line":49,"column":35}},"loc":{"start":{"line":49,"column":54},"end":{"line":59,"column":1}},"line":49},"3":{"name":"(anonymous_3)","decl":{"start":{"line":65,"column":21},"end":{"line":65,"column":22}},"loc":{"start":{"line":65,"column":41},"end":{"line":87,"column":1}},"line":65}},"branchMap":{"0":{"loc":{"start":{"line":17,"column":4},"end":{"line":17,"column":53}},"type":"if","locations":[{"start":{"line":17,"column":4},"end":{"line":17,"column":53}},{"start":{},"end":{}}],"line":17},"1":{"loc":{"start":{"line":18,"column":4},"end":{"line":18,"column":45}},"type":"if","locations":[{"start":{"line":18,"column":4},"end":{"line":18,"column":45}},{"start":{},"end":{}}],"line":18},"2":{"loc":{"start":{"line":19,"column":4},"end":{"line":19,"column":38}},"type":"if","locations":[{"start":{"line":19,"column":4},"end":{"line":19,"column":38}},{"start":{},"end":{}}],"line":19}},"s":{"0":2,"1":2,"2":2,"3":2,"4":2,"5":2,"6":0,"7":0,"8":0,"9":0,"10":0,"11":0,"12":0,"13":0,"14":0,"15":0,"16":0,"17":0,"18":0,"19":2,"20":0,"21":0,"22":0,"23":0,"24":2,"25":0,"26":0,"27":0,"28":0,"29":0,"30":0,"31":2,"32":0,"33":0,"34":0,"35":0,"36":0,"37":0,"38":0,"39":2},"f":{"0":0,"1":0,"2":0,"3":0},"b":{"0":[0,0],"1":[0,0],"2":[0,0]},"_coverageSchema":"1a1c01bbd47fc00a2c39e90264f33305004495a9","hash":"7bab0f5399fdbc7d225cd562c563e0d639b85a74"}
,"C:\\web\\backend\\routes\\comite.js": {"path":"C:\\web\\backend\\routes\\comite.js","statementMap":{"0":{"start":{"line":1,"column":16},"end":{"line":1,"column":34}},"1":{"start":{"line":2,"column":15},"end":{"line":2,"column":31}},"2":{"start":{"line":3,"column":22},"end":{"line":3,"column":58}},"3":{"start":{"line":4,"column":25},"end":{"line":4,"column":55}},"4":{"start":{"line":10,"column":0},"end":{"line":20,"column":3}},"5":{"start":{"line":11,"column":20},"end":{"line":11,"column":41}},"6":{"start":{"line":13,"column":2},"end":{"line":19,"column":3}},"7":{"start":{"line":14,"column":20},"end":{"line":14,"column":65}},"8":{"start":{"line":15,"column":4},"end":{"line":15,"column":52}},"9":{"start":{"line":17,"column":4},"end":{"line":17,"column":54}},"10":{"start":{"line":18,"column":4},"end":{"line":18,"column":102}},"11":{"start":{"line":26,"column":0},"end":{"line":36,"column":3}},"12":{"start":{"line":27,"column":20},"end":{"line":27,"column":41}},"13":{"start":{"line":29,"column":2},"end":{"line":35,"column":3}},"14":{"start":{"line":30,"column":18},"end":{"line":30,"column":71}},"15":{"start":{"line":31,"column":4},"end":{"line":31,"column":50}},"16":{"start":{"line":33,"column":4},"end":{"line":33,"column":64}},"17":{"start":{"line":34,"column":4},"end":{"line":34,"column":99}},"18":{"start":{"line":42,"column":0},"end":{"line":56,"column":3}},"19":{"start":{"line":43,"column":21},"end":{"line":43,"column":31}},"20":{"start":{"line":44,"column":20},"end":{"line":44,"column":41}},"21":{"start":{"line":46,"column":2},"end":{"line":55,"column":3}},"22":{"start":{"line":47,"column":17},"end":{"line":47,"column":72}},"23":{"start":{"line":48,"column":4},"end":{"line":50,"column":5}},"24":{"start":{"line":49,"column":6},"end":{"line":49,"column":125}},"25":{"start":{"line":51,"column":4},"end":{"line":51,"column":49}},"26":{"start":{"line":53,"column":4},"end":{"line":53,"column":63}},"27":{"start":{"line":54,"column":4},"end":{"line":54,"column":112}},"28":{"start":{"line":62,"column":0},"end":{"line":76,"column":3}},"29":{"start":{"line":63,"column":17},"end":{"line":63,"column":27}},"30":{"start":{"line":64,"column":20},"end":{"line":64,"column":41}},"31":{"start":{"line":66,"column":2},"end":{"line":75,"column":3}},"32":{"start":{"line":67,"column":19},"end":{"line":67,"column":72}},"33":{"start":{"line":68,"column":4},"end":{"line":70,"column":5}},"34":{"start":{"line":69,"column":6},"end":{"line":69,"column":128}},"35":{"start":{"line":71,"column":4},"end":{"line":71,"column":51}},"36":{"start":{"line":73,"column":4},"end":{"line":73,"column":60}},"37":{"start":{"line":74,"column":4},"end":{"line":74,"column":104}},"38":{"start":{"line":82,"column":0},"end":{"line":93,"column":3}},"39":{"start":{"line":83,"column":17},"end":{"line":83,"column":27}},"40":{"start":{"line":84,"column":20},"end":{"line":84,"column":41}},"41":{"start":{"line":86,"column":2},"end":{"line":92,"column":3}},"42":{"start":{"line":87,"column":18},"end":{"line":87,"column":71}},"43":{"start":{"line":88,"column":4},"end":{"line":88,"column":50}},"44":{"start":{"line":90,"column":4},"end":{"line":90,"column":62}},"45":{"start":{"line":91,"column":4},"end":{"line":91,"column":104}},"46":{"start":{"line":99,"column":0},"end":{"line":115,"column":3}},"47":{"start":{"line":100,"column":20},"end":{"line":100,"column":41}},"48":{"start":{"line":101,"column":20},"end":{"line":101,"column":31}},"49":{"start":{"line":102,"column":44},"end":{"line":102,"column":52}},"50":{"start":{"line":104,"column":2},"end":{"line":106,"column":3}},"51":{"start":{"line":105,"column":4},"end":{"line":105,"column":102}},"52":{"start":{"line":108,"column":2},"end":{"line":114,"column":3}},"53":{"start":{"line":109,"column":19},"end":{"line":109,"column":112}},"54":{"start":{"line":110,"column":4},"end":{"line":110,"column":63}},"55":{"start":{"line":112,"column":4},"end":{"line":112,"column":51}},"56":{"start":{"line":113,"column":4},"end":{"line":113,"column":102}},"57":{"start":{"line":121,"column":0},"end":{"line":134,"column":3}},"58":{"start":{"line":122,"column":17},"end":{"line":122,"column":27}},"59":{"start":{"line":123,"column":20},"end":{"line":123,"column":41}},"60":{"start":{"line":124,"column":20},"end":{"line":124,"column":31}},"61":{"start":{"line":125,"column":52},"end":{"line":125,"column":60}},"62":{"start":{"line":127,"column":2},"end":{"line":133,"column":3}},"63":{"start":{"line":128,"column":19},"end":{"line":128,"column":129}},"64":{"start":{"line":129,"column":4},"end":{"line":129,"column":51}},"65":{"start":{"line":131,"column":4},"end":{"line":131,"column":56}},"66":{"start":{"line":132,"column":4},"end":{"line":132,"column":124}},"67":{"start":{"line":140,"column":0},"end":{"line":161,"column":3}},"68":{"start":{"line":141,"column":20},"end":{"line":141,"column":41}},"69":{"start":{"line":142,"column":20},"end":{"line":142,"column":31}},"70":{"start":{"line":143,"column":89},"end":{"line":143,"column":97}},"71":{"start":{"line":145,"column":2},"end":{"line":147,"column":3}},"72":{"start":{"line":146,"column":4},"end":{"line":146,"column":142}},"73":{"start":{"line":149,"column":2},"end":{"line":160,"column":3}},"74":{"start":{"line":150,"column":17},"end":{"line":155,"column":5}},"75":{"start":{"line":156,"column":4},"end":{"line":156,"column":61}},"76":{"start":{"line":158,"column":4},"end":{"line":158,"column":59}},"77":{"start":{"line":159,"column":4},"end":{"line":159,"column":116}},"78":{"start":{"line":167,"column":0},"end":{"line":186,"column":3}},"79":{"start":{"line":168,"column":21},"end":{"line":168,"column":31}},"80":{"start":{"line":169,"column":20},"end":{"line":169,"column":41}},"81":{"start":{"line":170,"column":20},"end":{"line":170,"column":31}},"82":{"start":{"line":171,"column":79},"end":{"line":171,"column":87}},"83":{"start":{"line":173,"column":2},"end":{"line":185,"column":3}},"84":{"start":{"line":174,"column":17},"end":{"line":180,"column":5}},"85":{"start":{"line":181,"column":4},"end":{"line":181,"column":49}},"86":{"start":{"line":183,"column":4},"end":{"line":183,"column":64}},"87":{"start":{"line":184,"column":4},"end":{"line":184,"column":121}},"88":{"start":{"line":192,"column":0},"end":{"line":208,"column":3}},"89":{"start":{"line":193,"column":21},"end":{"line":193,"column":31}},"90":{"start":{"line":194,"column":20},"end":{"line":194,"column":41}},"91":{"start":{"line":195,"column":20},"end":{"line":195,"column":31}},"92":{"start":{"line":197,"column":2},"end":{"line":207,"column":3}},"93":{"start":{"line":198,"column":29},"end":{"line":198,"column":105}},"94":{"start":{"line":201,"column":4},"end":{"line":201,"column":39}},"95":{"start":{"line":202,"column":4},"end":{"line":202,"column":95}},"96":{"start":{"line":203,"column":4},"end":{"line":203,"column":28}},"97":{"start":{"line":205,"column":4},"end":{"line":205,"column":65}},"98":{"start":{"line":206,"column":4},"end":{"line":206,"column":122}},"99":{"start":{"line":210,"column":0},"end":{"line":210,"column":24}}},"fnMap":{"0":{"name":"(anonymous_0)","decl":{"start":{"line":10,"column":16},"end":{"line":10,"column":17}},"loc":{"start":{"line":10,"column":36},"end":{"line":20,"column":1}},"line":10},"1":{"name":"(anonymous_1)","decl":{"start":{"line":26,"column":21},"end":{"line":26,"column":22}},"loc":{"start":{"line":26,"column":41},"end":{"line":36,"column":1}},"line":26},"2":{"name":"(anonymous_2)","decl":{"start":{"line":42,"column":29},"end":{"line":42,"column":30}},"loc":{"start":{"line":42,"column":49},"end":{"line":56,"column":1}},"line":42},"3":{"name":"(anonymous_3)","decl":{"start":{"line":62,"column":19},"end":{"line":62,"column":20}},"loc":{"start":{"line":62,"column":39},"end":{"line":76,"column":1}},"line":62},"4":{"name":"(anonymous_4)","decl":{"start":{"line":82,"column":25},"end":{"line":82,"column":26}},"loc":{"start":{"line":82,"column":45},"end":{"line":93,"column":1}},"line":82},"5":{"name":"(anonymous_5)","decl":{"start":{"line":99,"column":17},"end":{"line":99,"column":18}},"loc":{"start":{"line":99,"column":37},"end":{"line":115,"column":1}},"line":99},"6":{"name":"(anonymous_6)","decl":{"start":{"line":121,"column":19},"end":{"line":121,"column":20}},"loc":{"start":{"line":121,"column":39},"end":{"line":134,"column":1}},"line":121},"7":{"name":"(anonymous_7)","decl":{"start":{"line":140,"column":22},"end":{"line":140,"column":23}},"loc":{"start":{"line":140,"column":42},"end":{"line":161,"column":1}},"line":140},"8":{"name":"(anonymous_8)","decl":{"start":{"line":167,"column":29},"end":{"line":167,"column":30}},"loc":{"start":{"line":167,"column":49},"end":{"line":186,"column":1}},"line":167},"9":{"name":"(anonymous_9)","decl":{"start":{"line":192,"column":42},"end":{"line":192,"column":43}},"loc":{"start":{"line":192,"column":62},"end":{"line":208,"column":1}},"line":192}},"branchMap":{"0":{"loc":{"start":{"line":48,"column":4},"end":{"line":50,"column":5}},"type":"if","locations":[{"start":{"line":48,"column":4},"end":{"line":50,"column":5}},{"start":{},"end":{}}],"line":48},"1":{"loc":{"start":{"line":68,"column":4},"end":{"line":70,"column":5}},"type":"if","locations":[{"start":{"line":68,"column":4},"end":{"line":70,"column":5}},{"start":{},"end":{}}],"line":68},"2":{"loc":{"start":{"line":104,"column":2},"end":{"line":106,"column":3}},"type":"if","locations":[{"start":{"line":104,"column":2},"end":{"line":106,"column":3}},{"start":{},"end":{}}],"line":104},"3":{"loc":{"start":{"line":132,"column":59},"end":{"line":132,"column":119}},"type":"binary-expr","locations":[{"start":{"line":132,"column":59},"end":{"line":132,"column":72}},{"start":{"line":132,"column":76},"end":{"line":132,"column":119}}],"line":132},"4":{"loc":{"start":{"line":145,"column":2},"end":{"line":147,"column":3}},"type":"if","locations":[{"start":{"line":145,"column":2},"end":{"line":147,"column":3}},{"start":{},"end":{}}],"line":145},"5":{"loc":{"start":{"line":145,"column":6},"end":{"line":145,"column":62}},"type":"binary-expr","locations":[{"start":{"line":145,"column":6},"end":{"line":145,"column":15}},{"start":{"line":145,"column":19},"end":{"line":145,"column":30}},{"start":{"line":145,"column":34},"end":{"line":145,"column":47}},{"start":{"line":145,"column":51},"end":{"line":145,"column":62}}],"line":145},"6":{"loc":{"start":{"line":159,"column":59},"end":{"line":159,"column":111}},"type":"binary-expr","locations":[{"start":{"line":159,"column":59},"end":{"line":159,"column":72}},{"start":{"line":159,"column":76},"end":{"line":159,"column":111}}],"line":159},"7":{"loc":{"start":{"line":184,"column":59},"end":{"line":184,"column":116}},"type":"binary-expr","locations":[{"start":{"line":184,"column":59},"end":{"line":184,"column":72}},{"start":{"line":184,"column":76},"end":{"line":184,"column":116}}],"line":184},"8":{"loc":{"start":{"line":206,"column":59},"end":{"line":206,"column":117}},"type":"binary-expr","locations":[{"start":{"line":206,"column":59},"end":{"line":206,"column":72}},{"start":{"line":206,"column":76},"end":{"line":206,"column":117}}],"line":206}},"s":{"0":2,"1":2,"2":2,"3":2,"4":2,"5":0,"6":0,"7":0,"8":0,"9":0,"10":0,"11":2,"12":0,"13":0,"14":0,"15":0,"16":0,"17":0,"18":2,"19":0,"20":0,"21":0,"22":0,"23":0,"24":0,"25":0,"26":0,"27":0,"28":2,"29":0,"30":0,"31":0,"32":0,"33":0,"34":0,"35":0,"36":0,"37":0,"38":2,"39":0,"40":0,"41":0,"42":0,"43":0,"44":0,"45":0,"46":2,"47":0,"48":0,"49":0,"50":0,"51":0,"52":0,"53":0,"54":0,"55":0,"56":0,"57":2,"58":0,"59":0,"60":0,"61":0,"62":0,"63":0,"64":0,"65":0,"66":0,"67":2,"68":0,"69":0,"70":0,"71":0,"72":0,"73":0,"74":0,"75":0,"76":0,"77":0,"78":2,"79":0,"80":0,"81":0,"82":0,"83":0,"84":0,"85":0,"86":0,"87":0,"88":2,"89":0,"90":0,"91":0,"92":0,"93":0,"94":0,"95":0,"96":0,"97":0,"98":0,"99":2},"f":{"0":0,"1":0,"2":0,"3":0,"4":0,"5":0,"6":0,"7":0,"8":0,"9":0},"b":{"0":[0,0],"1":[0,0],"2":[0,0],"3":[0,0],"4":[0,0],"5":[0,0,0,0],"6":[0,0],"7":[0,0],"8":[0,0]},"_coverageSchema":"1a1c01bbd47fc00a2c39e90264f33305004495a9","hash":"940f7847f12ff4f9c62c3ccac51f6e7909bf9574"}
,"C:\\web\\backend\\routes\\consecutivos.js": {"path":"C:\\web\\backend\\routes\\consecutivos.js","statementMap":{"0":{"start":{"line":1,"column":16},"end":{"line":1,"column":34}},"1":{"start":{"line":2,"column":15},"end":{"line":2,"column":31}},"2":{"start":{"line":3,"column":26},"end":{"line":3,"column":77}},"3":{"start":{"line":4,"column":23},"end":{"line":4,"column":71}},"4":{"start":{"line":5,"column":25},"end":{"line":5,"column":55}},"5":{"start":{"line":6,"column":31},"end":{"line":6,"column":54}},"6":{"start":{"line":7,"column":34},"end":{"line":7,"column":74}},"7":{"start":{"line":10,"column":0},"end":{"line":18,"column":3}},"8":{"start":{"line":11,"column":20},"end":{"line":11,"column":47}},"9":{"start":{"line":12,"column":2},"end":{"line":17,"column":3}},"10":{"start":{"line":13,"column":20},"end":{"line":13,"column":83}},"11":{"start":{"line":14,"column":4},"end":{"line":14,"column":59}},"12":{"start":{"line":16,"column":4},"end":{"line":16,"column":91}},"13":{"start":{"line":21,"column":0},"end":{"line":50,"column":3}},"14":{"start":{"line":22,"column":20},"end":{"line":22,"column":47}},"15":{"start":{"line":23,"column":53},"end":{"line":23,"column":61}},"16":{"start":{"line":25,"column":2},"end":{"line":49,"column":3}},"17":{"start":{"line":26,"column":24},"end":{"line":32,"column":6}},"18":{"start":{"line":34,"column":4},"end":{"line":34,"column":29}},"19":{"start":{"line":36,"column":4},"end":{"line":41,"column":7}},"20":{"start":{"line":43,"column":4},"end":{"line":43,"column":74}},"21":{"start":{"line":45,"column":4},"end":{"line":47,"column":5}},"22":{"start":{"line":46,"column":6},"end":{"line":46,"column":124}},"23":{"start":{"line":48,"column":4},"end":{"line":48,"column":87}},"24":{"start":{"line":53,"column":0},"end":{"line":77,"column":3}},"25":{"start":{"line":54,"column":20},"end":{"line":54,"column":47}},"26":{"start":{"line":55,"column":45},"end":{"line":55,"column":53}},"27":{"start":{"line":57,"column":2},"end":{"line":76,"column":3}},"28":{"start":{"line":58,"column":19},"end":{"line":62,"column":5}},"29":{"start":{"line":64,"column":4},"end":{"line":64,"column":106}},"30":{"start":{"line":64,"column":17},"end":{"line":64,"column":106}},"31":{"start":{"line":66,"column":4},"end":{"line":71,"column":7}},"32":{"start":{"line":73,"column":4},"end":{"line":73,"column":57}},"33":{"start":{"line":75,"column":4},"end":{"line":75,"column":92}},"34":{"start":{"line":80,"column":0},"end":{"line":95,"column":3}},"35":{"start":{"line":81,"column":20},"end":{"line":81,"column":47}},"36":{"start":{"line":82,"column":21},"end":{"line":82,"column":31}},"37":{"start":{"line":83,"column":29},"end":{"line":83,"column":37}},"38":{"start":{"line":85,"column":2},"end":{"line":94,"column":3}},"39":{"start":{"line":86,"column":21},"end":{"line":86,"column":110}},"40":{"start":{"line":87,"column":4},"end":{"line":87,"column":58}},"41":{"start":{"line":89,"column":4},"end":{"line":89,"column":25}},"42":{"start":{"line":90,"column":4},"end":{"line":92,"column":5}},"43":{"start":{"line":91,"column":6},"end":{"line":91,"column":79}},"44":{"start":{"line":93,"column":4},"end":{"line":93,"column":100}},"45":{"start":{"line":98,"column":0},"end":{"line":110,"column":3}},"46":{"start":{"line":99,"column":20},"end":{"line":99,"column":47}},"47":{"start":{"line":100,"column":2},"end":{"line":109,"column":3}},"48":{"start":{"line":101,"column":17},"end":{"line":104,"column":17}},"49":{"start":{"line":106,"column":4},"end":{"line":106,"column":42}},"50":{"start":{"line":108,"column":4},"end":{"line":108,"column":85}},"51":{"start":{"line":113,"column":0},"end":{"line":136,"column":3}},"52":{"start":{"line":114,"column":20},"end":{"line":114,"column":47}},"53":{"start":{"line":116,"column":2},"end":{"line":135,"column":3}},"54":{"start":{"line":117,"column":16},"end":{"line":121,"column":5}},"55":{"start":{"line":123,"column":4},"end":{"line":123,"column":98}},"56":{"start":{"line":123,"column":14},"end":{"line":123,"column":98}},"57":{"start":{"line":125,"column":4},"end":{"line":130,"column":7}},"58":{"start":{"line":132,"column":4},"end":{"line":132,"column":80}},"59":{"start":{"line":134,"column":4},"end":{"line":134,"column":83}},"60":{"start":{"line":138,"column":0},"end":{"line":138,"column":24}}},"fnMap":{"0":{"name":"(anonymous_0)","decl":{"start":{"line":10,"column":22},"end":{"line":10,"column":23}},"loc":{"start":{"line":10,"column":42},"end":{"line":18,"column":1}},"line":10},"1":{"name":"(anonymous_1)","decl":{"start":{"line":21,"column":23},"end":{"line":21,"column":24}},"loc":{"start":{"line":21,"column":43},"end":{"line":50,"column":1}},"line":21},"2":{"name":"(anonymous_2)","decl":{"start":{"line":53,"column":26},"end":{"line":53,"column":27}},"loc":{"start":{"line":53,"column":46},"end":{"line":77,"column":1}},"line":53},"3":{"name":"(anonymous_3)","decl":{"start":{"line":80,"column":31},"end":{"line":80,"column":32}},"loc":{"start":{"line":80,"column":51},"end":{"line":95,"column":1}},"line":80},"4":{"name":"(anonymous_4)","decl":{"start":{"line":98,"column":29},"end":{"line":98,"column":30}},"loc":{"start":{"line":98,"column":49},"end":{"line":110,"column":1}},"line":98},"5":{"name":"(anonymous_5)","decl":{"start":{"line":113,"column":30},"end":{"line":113,"column":31}},"loc":{"start":{"line":113,"column":50},"end":{"line":136,"column":1}},"line":113}},"branchMap":{"0":{"loc":{"start":{"line":45,"column":4},"end":{"line":47,"column":5}},"type":"if","locations":[{"start":{"line":45,"column":4},"end":{"line":47,"column":5}},{"start":{},"end":{}}],"line":45},"1":{"loc":{"start":{"line":64,"column":4},"end":{"line":64,"column":106}},"type":"if","locations":[{"start":{"line":64,"column":4},"end":{"line":64,"column":106}},{"start":{},"end":{}}],"line":64},"2":{"loc":{"start":{"line":90,"column":4},"end":{"line":92,"column":5}},"type":"if","locations":[{"start":{"line":90,"column":4},"end":{"line":92,"column":5}},{"start":{},"end":{}}],"line":90},"3":{"loc":{"start":{"line":93,"column":52},"end":{"line":93,"column":95}},"type":"binary-expr","locations":[{"start":{"line":93,"column":52},"end":{"line":93,"column":65}},{"start":{"line":93,"column":69},"end":{"line":93,"column":95}}],"line":93},"4":{"loc":{"start":{"line":123,"column":4},"end":{"line":123,"column":98}},"type":"if","locations":[{"start":{"line":123,"column":4},"end":{"line":123,"column":98}},{"start":{},"end":{}}],"line":123}},"s":{"0":2,"1":2,"2":2,"3":2,"4":2,"5":2,"6":2,"7":2,"8":0,"9":0,"10":0,"11":0,"12":0,"13":2,"14":0,"15":0,"16":0,"17":0,"18":0,"19":0,"20":0,"21":0,"22":0,"23":0,"24":2,"25":0,"26":0,"27":0,"28":0,"29":0,"30":0,"31":0,"32":0,"33":0,"34":2,"35":0,"36":0,"37":0,"38":0,"39":0,"40":0,"41":0,"42":0,"43":0,"44":0,"45":2,"46":0,"47":0,"48":0,"49":0,"50":0,"51":2,"52":0,"53":0,"54":0,"55":0,"56":0,"57":0,"58":0,"59":0,"60":2},"f":{"0":0,"1":0,"2":0,"3":0,"4":0,"5":0},"b":{"0":[0,0],"1":[0,0],"2":[0,0],"3":[0,0],"4":[0,0]},"_coverageSchema":"1a1c01bbd47fc00a2c39e90264f33305004495a9","hash":"1c7e76ef0abd3b961aff7f65f2f6c2a32ea4fa78"}
,"C:\\web\\backend\\routes\\datosMaestros.js": {"path":"C:\\web\\backend\\routes\\datosMaestros.js","statementMap":{"0":{"start":{"line":1,"column":16},"end":{"line":1,"column":34}},"1":{"start":{"line":2,"column":15},"end":{"line":2,"column":31}},"2":{"start":{"line":3,"column":20},"end":{"line":3,"column":52}},"3":{"start":{"line":4,"column":25},"end":{"line":4,"column":55}},"4":{"start":{"line":5,"column":31},"end":{"line":5,"column":54}},"5":{"start":{"line":8,"column":0},"end":{"line":16,"column":3}},"6":{"start":{"line":9,"column":20},"end":{"line":9,"column":47}},"7":{"start":{"line":10,"column":2},"end":{"line":15,"column":3}},"8":{"start":{"line":11,"column":21},"end":{"line":11,"column":76}},"9":{"start":{"line":12,"column":4},"end":{"line":12,"column":46}},"10":{"start":{"line":14,"column":4},"end":{"line":14,"column":90}},"11":{"start":{"line":19,"column":0},"end":{"line":29,"column":3}},"12":{"start":{"line":20,"column":20},"end":{"line":20,"column":47}},"13":{"start":{"line":21,"column":19},"end":{"line":21,"column":29}},"14":{"start":{"line":22,"column":2},"end":{"line":28,"column":3}},"15":{"start":{"line":23,"column":20},"end":{"line":23,"column":86}},"16":{"start":{"line":24,"column":4},"end":{"line":24,"column":106}},"17":{"start":{"line":24,"column":18},"end":{"line":24,"column":106}},"18":{"start":{"line":25,"column":4},"end":{"line":25,"column":45}},"19":{"start":{"line":27,"column":4},"end":{"line":27,"column":91}},"20":{"start":{"line":32,"column":0},"end":{"line":75,"column":3}},"21":{"start":{"line":33,"column":20},"end":{"line":33,"column":47}},"22":{"start":{"line":34,"column":38},"end":{"line":34,"column":46}},"23":{"start":{"line":36,"column":2},"end":{"line":74,"column":3}},"24":{"start":{"line":37,"column":18},"end":{"line":37,"column":84}},"25":{"start":{"line":39,"column":4},"end":{"line":61,"column":5}},"26":{"start":{"line":41,"column":6},"end":{"line":46,"column":9}},"27":{"start":{"line":49,"column":6},"end":{"line":49,"column":28}},"28":{"start":{"line":50,"column":6},"end":{"line":50,"column":40}},"29":{"start":{"line":51,"column":6},"end":{"line":51,"column":27}},"30":{"start":{"line":54,"column":6},"end":{"line":59,"column":9}},"31":{"start":{"line":60,"column":6},"end":{"line":60,"column":27}},"32":{"start":{"line":63,"column":4},"end":{"line":68,"column":7}},"33":{"start":{"line":70,"column":4},"end":{"line":70,"column":45}},"34":{"start":{"line":72,"column":4},"end":{"line":72,"column":25}},"35":{"start":{"line":73,"column":4},"end":{"line":73,"column":88}},"36":{"start":{"line":78,"column":0},"end":{"line":95,"column":3}},"37":{"start":{"line":79,"column":20},"end":{"line":79,"column":47}},"38":{"start":{"line":80,"column":2},"end":{"line":94,"column":3}},"39":{"start":{"line":81,"column":22},"end":{"line":81,"column":91}},"40":{"start":{"line":82,"column":4},"end":{"line":82,"column":95}},"41":{"start":{"line":82,"column":20},"end":{"line":82,"column":95}},"42":{"start":{"line":84,"column":4},"end":{"line":89,"column":7}},"43":{"start":{"line":91,"column":4},"end":{"line":91,"column":71}},"44":{"start":{"line":93,"column":4},"end":{"line":93,"column":76}},"45":{"start":{"line":97,"column":0},"end":{"line":97,"column":24}}},"fnMap":{"0":{"name":"(anonymous_0)","decl":{"start":{"line":8,"column":16},"end":{"line":8,"column":17}},"loc":{"start":{"line":8,"column":36},"end":{"line":16,"column":1}},"line":8},"1":{"name":"(anonymous_1)","decl":{"start":{"line":19,"column":21},"end":{"line":19,"column":22}},"loc":{"start":{"line":19,"column":41},"end":{"line":29,"column":1}},"line":19},"2":{"name":"(anonymous_2)","decl":{"start":{"line":32,"column":17},"end":{"line":32,"column":18}},"loc":{"start":{"line":32,"column":37},"end":{"line":75,"column":1}},"line":32},"3":{"name":"(anonymous_3)","decl":{"start":{"line":78,"column":22},"end":{"line":78,"column":23}},"loc":{"start":{"line":78,"column":42},"end":{"line":95,"column":1}},"line":78}},"branchMap":{"0":{"loc":{"start":{"line":24,"column":4},"end":{"line":24,"column":106}},"type":"if","locations":[{"start":{"line":24,"column":4},"end":{"line":24,"column":106}},{"start":{},"end":{}}],"line":24},"1":{"loc":{"start":{"line":39,"column":4},"end":{"line":61,"column":5}},"type":"if","locations":[{"start":{"line":39,"column":4},"end":{"line":61,"column":5}},{"start":{"line":52,"column":11},"end":{"line":61,"column":5}}],"line":39},"2":{"loc":{"start":{"line":45,"column":20},"end":{"line":45,"column":56}},"type":"binary-expr","locations":[{"start":{"line":45,"column":20},"end":{"li
[...]
ine":67,"column":27},"end":{"line":73,"column":6}},"29":{"start":{"line":74,"column":4},"end":{"line":74,"column":43}},"30":{"start":{"line":77,"column":4},"end":{"line":77,"column":38}},"31":{"start":{"line":78,"column":4},"end":{"line":78,"column":25}},"32":{"start":{"line":81,"column":4},"end":{"line":86,"column":7}},"33":{"start":{"line":88,"column":4},"end":{"line":88,"column":25}},"34":{"start":{"line":92,"column":4},"end":{"line":92,"column":37}},"35":{"start":{"line":93,"column":4},"end":{"line":93,"column":25}},"36":{"start":{"line":94,"column":4},"end":{"line":94,"column":82}},"37":{"start":{"line":95,"column":4},"end":{"line":95,"column":16}},"38":{"start":{"line":99,"column":0},"end":{"line":102,"column":2}}},"fnMap":{"0":{"name":"aplicarMascara","decl":{"start":{"line":6,"column":9},"end":{"line":6,"column":23}},"loc":{"start":{"line":6,"column":40},"end":{"line":20,"column":1}},"line":6},"1":{"name":"emitirRadicadoAtomico","decl":{"start":{"line":22,"column":15},"end":{"line":22,"column":36}},"loc":{"start":{"line":22,"column":90},"end":{"line":97,"column":1}},"line":22}},"branchMap":{"0":{"loc":{"start":{"line":11,"column":2},"end":{"line":17,"column":3}},"type":"if","locations":[{"start":{"line":11,"column":2},"end":{"line":17,"column":3}},{"start":{"line":15,"column":9},"end":{"line":17,"column":3}}],"line":11},"1":{"loc":{"start":{"line":22,"column":67},"end":{"line":22,"column":88}},"type":"default-arg","locations":[{"start":{"line":22,"column":84},"end":{"line":22,"column":88}}],"line":22},"2":{"loc":{"start":{"line":29,"column":4},"end":{"line":31,"column":5}},"type":"if","locations":[{"start":{"line":29,"column":4},"end":{"line":31,"column":5}},{"start":{},"end":{}}],"line":29},"3":{"loc":{"start":{"line":34,"column":22},"end":{"line":34,"column":129}},"type":"binary-expr","locations":[{"start":{"line":34,"column":22},"end":{"line":34,"column":60}},{"start":{"line":34,"column":64},"end":{"line":34,"column":129}}],"line":34},"4":{"loc":{"start":{"line":37,"column":4},"end":{"line":48,"column":5}},"type":"if","locations":[{"start":{"line":37,"column":4},"end":{"line":48,"column":5}},{"start":{},"end":{}}],"line":37},"5":{"loc":{"start":{"line":50,"column":4},"end":{"line":59,"column":5}},"type":"if","locations":[{"start":{"line":50,"column":4},"end":{"line":59,"column":5}},{"start":{},"end":{}}],"line":50},"6":{"loc":{"start":{"line":61,"column":4},"end":{"line":63,"column":5}},"type":"if","locations":[{"start":{"line":61,"column":4},"end":{"line":63,"column":5}},{"start":{},"end":{}}],"line":61}},"s":{"0":2,"1":2,"2":2,"3":2,"4":0,"5":0,"6":0,"7":0,"8":0,"9":0,"10":0,"11":0,"12":0,"13":0,"14":0,"15":0,"16":0,"17":0,"18":0,"19":0,"20":0,"21":0,"22":0,"23":0,"24":0,"25":0,"26":0,"27":0,"28":0,"29":0,"30":0,"31":0,"32":0,"33":0,"34":0,"35":0,"36":0,"37":0,"38":2},"f":{"0":0,"1":0},"b":{"0":[0,0],"1":[0],"2":[0,0],"3":[0,0],"4":[0,0],"5":[0,0],"6":[0,0]},"_coverageSchema":"1a1c01bbd47fc00a2c39e90264f33305004495a9","hash":"969e1bb2bfa7f763a1d93d31dedec53a7f92695f"}
,"C:\\web\\backend\\services\\reportService.js": {"path":"C:\\web\\backend\\services\\reportService.js","statementMap":{"0":{"start":{"line":1,"column":27},"end":{"line":1,"column":66}},"1":{"start":{"line":2,"column":19},"end":{"line":2,"column":50}},"2":{"start":{"line":3,"column":17},"end":{"line":3,"column":46}},"3":{"start":{"line":4,"column":25},"end":{"line":4,"column":62}},"4":{"start":{"line":5,"column":17},"end":{"line":5,"column":36}},"5":{"start":{"line":11,"column":2},"end":{"line":19,"column":5}},"6":{"start":{"line":26,"column":2},"end":{"line":32,"column":5}},"7":{"start":{"line":39,"column":20},"end":{"line":39,"column":30}},"8":{"start":{"line":40,"column":2},"end":{"line":40,"column":45}},"9":{"start":{"line":42,"column":2},"end":{"line":55,"column":5}},"10":{"start":{"line":62,"column":17},"end":{"line":62,"column":62}},"11":{"start":{"line":63,"column":2},"end":{"line":66,"column":4}},"12":{"start":{"line":69,"column":0},"end":{"line":74,"column":2}}},"fnMap":{"0":{"name":"obtenerEstadisticasProduccion","decl":{"start":{"line":10,"column":15},"end":{"line":10,"column":44}},"loc":{"start":{"line":10,"column":56},"end":{"line":20,"column":1}},"line":10},"1":{"name":"obtenerEstadoInventario","decl":{"start":{"line":25,"column":15},"end":{"line":25,"column":38}},"loc":{"start":{"line":25,"column":50},"end":{"line":33,"column":1}},"line":25},"2":{"name":"obtenerActividadAuditoria","decl":{"start":{"line":38,"column":15},"end":{"line":38,"column":40}},"loc":{"start":{"line":38,"column":52},"end":{"line":56,"column":1}},"line":38},"3":{"name":"obtenerIndiceMadurez","decl":{"start":{"line":61,"column":15},"end":{"line":61,"column":35}},"loc":{"start":{"line":61,"column":47},"end":{"line":67,"column":1}},"line":61}},"branchMap":{"0":{"loc":{"start":{"line":64,"column":27},"end":{"line":64,"column":55}},"type":"cond-expr","locations":[{"start":{"line":64,"column":36},"end":{"line":64,"column":51}},{"start":{"line":64,"column":54},"end":{"line":64,"column":55}}],"line":64},"1":{"loc":{"start":{"line":65,"column":16},"end":{"line":65,"column":60}},"type":"cond-expr","locations":[{"start":{"line":65,"column":25},"end":{"line":65,"column":44}},{"start":{"line":65,"column":47},"end":{"line":65,"column":60}}],"line":65}},"s":{"0":2,"1":2,"2":2,"3":2,"4":2,"5":0,"6":0,"7":0,"8":0,"9":0,"10":0,"11":0,"12":2},"f":{"0":0,"1":0,"2":0,"3":0},"b":{"0":[0,0],"1":[0,0]},"_coverageSchema":"1a1c01bbd47fc00a2c39e90264f33305004495a9","hash":"e91cb162ca6deb60c27595857842531465d23277"}
,"C:\\web\\backend\\services\\retencionService.js": {"path":"C:\\web\\backend\\services\\retencionService.js","statementMap":{"0":{"start":{"line":1,"column":19},"end":{"line":1,"column":50}},"1":{"start":{"line":2,"column":15},"end":{"line":2,"column":32}},"2":{"start":{"line":9,"column":14},"end":{"line":9,"column":22}},"3":{"start":{"line":11,"column":22},"end":{"line":15,"column":27}},"4":{"start":{"line":17,"column":2},"end":{"line":21,"column":5}},"5":{"start":{"line":18,"column":22},"end":{"line":18,"column":64}},"6":{"start":{"line":19,"column":30},"end":{"line":19,"column":77}},"7":{"start":{"line":20,"column":4},"end":{"line":20,"column":48}},"8":{"start":{"line":29,"column":14},"end":{"line":29,"column":22}},"9":{"start":{"line":31,"column":22},"end":{"line":35,"column":27}},"10":{"start":{"line":37,"column":2},"end":{"line":44,"column":5}},"11":{"start":{"line":40,"column":23},"end":{"line":40,"column":65}},"12":{"start":{"line":41,"column":23},"end":{"line":41,"column":65}},"13":{"start":{"line":42,"column":30},"end":{"line":42,"column":91}},"14":{"start":{"line":43,"column":4},"end":{"line":43,"column":48}},"15":{"start":{"line":51,"column":22},"end":{"line":53,"column":27}},"16":{"start":{"line":55,"column":2},"end":{"line":68,"column":6}},"17":{"start":{"line":55,"column":42},"end":{"line":68,"column":3}},"18":{"start":{"line":71,"column":0},"end":{"line":75,"column":2}}},"fnMap":{"0":{"name":"obtenerListosTransferenciaPrimaria","decl":{"start":{"line":8,"column":15},"end":{"line":8,"column":49}},"loc":{"start":{"line":8,"column":61},"end":{"line":22,"column":1}},"line":8},"1":{"name":"(anonymous_1)","decl":{"start":{"line":17,"column":28},"end":{"line":17,"column":29}},"loc":{"start":{"line":17,"column":35},"end":{"line":21,"column":3}},"line":17},"2":{"name":"obtenerListosTransferenciaSecundaria","decl":{"start":{"line":28,"column":15},"end":{"line":28,"column":51}},"loc":{"start":{"line":28,"column":63},"end":{"line":45,"column":1}},"line":28},"3":{"name":"(anonymous_3)","decl":{"start":{"line":37,"column":28},"end":{"line":37,"column":29}},"loc":{"start":{"line":37,"column":35},"end":{"line":44,"column":3}},"line":37},"4":{"name":"generarDatosFUID","decl":{"start":{"line":50,"column":15},"end":{"line":50,"column":31}},"loc":{"start":{"line":50,"column":48},"end":{"line":69,"column":1}},"line":50},"5":{"name":"(anonymous_5)","decl":{"start":{"line":55,"column":25},"end":{"line":55,"column":26}},"loc":{"start":{"line":55,"column":42},"end":{"line":68,"column":3}},"line":55}},"branchMap":{"0":{"loc":{"start":{"line":18,"column":22},"end":{"line":18,"column":64}},"type":"binary-expr","locations":[{"start":{"line":18,"column":22},"end":{"line":18,"column":59}},{"start":{"line":18,"column":63},"end":{"line":18,"column":64}}],"line":18},"1":{"loc":{"start":{"line":40,"column":23},"end":{"line":40,"column":65}},"type":"binary-expr","locations":[{"start":{"line":40,"column":23},"end":{"line":40,"column":60}},{"start":{"line":40,"column":64},"end":{"line":40,"column":65}}],"line":40},"2":{"loc":{"start":{"line":41,"column":23},"end":{"line":41,"column":65}},"type":"binary-expr","locations":[{"start":{"line":41,"column":23},"end":{"line":41,"column":60}},{"start":{"line":41,"column":64},"end":{"line":41,"column":65}}],"line":41},"3":{"loc":{"start":{"line":61,"column":13},"end":{"line":61,"column":45}},"type":"binary-expr","locations":[{"start":{"line":61,"column":13},"end":{"line":61,"column":28}},{"start":{"line":61,"column":32},"end":{"line":61,"column":45}}],"line":61}},"s":{"0":2,"1":2,"2":0,"3":0,"4":0,"5":0,"6":0,"7":0,"8":0,"9":0,"10":0,"11":0,"12":0,"13":0,"14":0,"15":0,"16":0,"17":0,"18":2},"f":{"0":0,"1":0,"2":0,"3":0,"4":0,"5":0},"b":{"0":[0,0],"1":[0,0],"2":[0,0],"3":[0,0]},"_coverageSchema":"1a1c01bbd47fc00a2c39e90264f33305004495a9","hash":"99113dc2c225ee0cb13c6589846a505c7622e1a6"}
,"C:\\web\\backend\\services\\tvdService.js": {"path":"C:\\web\\backend\\services\\tvdService.js","statementMap":{"0":{"start":{"line":1,"column":17},"end":{"line":1,"column":36}},"1":{"start":{"line":2,"column":34},"end":{"line":2,"column":80}},"2":{"start":{"line":3,"column":24},"end":{"line":3,"column":60}},"3":{"start":{"line":4,"column":31},"end":{"line":4,"column":54}},"4":{"start":{"line":15,"column":24},"end":{"line":15,"column":104}},"5":{"start":{"line":16,"column":2},"end":{"line":18,"column":3}},"6":{"start":{"line":17,"column":4},"end":{"line":17,"column":120}},"7":{"start":{"line":20,"column":14},"end":{"line":28,"column":4}},"8":{"start":{"line":30,"column":2},"end":{"line":30,"column":19}},"9":{"start":{"line":32,"column":2},"end":{"line":40,"column":5}},"10":{"start":{"line":42,"column":2},"end":{"line":42,"column":13}},"11":{"start":{"line":54,"column":14},"end":{"line":54,"column":80}},"12":{"start":{"line":55,"column":2},"end":{"line":57,"column":3}},"13":{"start":{"line":56,"column":4},"end":{"line":56,"column":82}},"14":{"start":{"line":59,"column":2},"end":{"line":61,"column":3}},"15":{"start":{"line":60,"column":4},"end":{"line":60,"column":96}},"16":{"start":{"line":63,"column":2},"end":{"line":74,"column":3}},"17":{"start":{"line":65,"column":26},"end":{"line":69,"column":6}},"18":{"start":{"line":70,"column":4},"end":{"line":72,"column":5}},"19":{"start":{"line":71,"column":6},"end":{"line":71,"column":79}},"20":{"start":{"line":73,"column":4},"end":{"line":73,"column":34}},"21":{"start":{"line":76,"column":2},"end":{"line":76,"column":64}},"22":{"start":{"line":76,"column":36},"end":{"line":76,"column":64}},"23":{"start":{"line":77,"column":2},"end":{"line":77,"column":79}},"24":{"start":{"line":77,"column":41},"end":{"line":77,"column":79}},"25":{"start":{"line":78,"column":2},"end":{"line":78,"column":64}},"26":{"start":{"line":78,"column":36},"end":{"line":78,"column":64}},"27":{"start":{"line":79,"column":2},"end":{"line":79,"column":64}},"28":{"start":{"line":79,"column":36},"end":{"line":79,"column":64}},"29":{"start":{"line":81,"column":2},"end":{"line":81,"column":19}},"30":{"start":{"line":83,"column":2},"end":{"line":91,"column":5}},"31":{"start":{"line":93,"column":2},"end":{"line":93,"column":13}},"32":{"start":{"line":106,"column":18},"end":{"line":106,"column":47}},"33":{"start":{"line":107,"column":2},"end":{"line":107,"column":29}},"34":{"start":{"line":109,"column":2},"end":{"line":182,"column":3}},"35":{"start":{"line":111,"column":16},"end":{"line":111,"column":99}},"36":{"start":{"line":112,"column":4},"end":{"line":114,"column":5}},"37":{"start":{"line":113,"column":6},"end":{"line":113,"column":104}},"38":{"start":{"line":116,"column":4},"end":{"line":118,"column":5}},"39":{"start":{"line":117,"column":6},"end":{"line":117,"column":91}},"40":{"start":{"line":121,"column":4},"end":{"line":124,"column":23}},"41":{"start":{"line":127,"column":4},"end":{"line":127,"column":28}},"42":{"start":{"line":128,"column":4},"end":{"line":130,"column":5}},"43":{"start":{"line":129,"column":6},"end":{"line":129,"column":46}},"44":{"start":{"line":131,"column":4},"end":{"line":131,"column":32}},"45":{"start":{"line":135,"column":29},"end":{"line":140,"column":5}},"46":{"start":{"line":142,"column":4},"end":{"line":158,"column":5}},"47":{"start":{"line":143,"column":31},"end":{"line":143,"column":95}},"48":{"start":{"line":145,"column":6},"end":{"line":157,"column":8}},"49":{"start":{"line":161,"column":4},"end":{"line":161,"column":38}},"50":{"start":{"line":162,"column":4},"end":{"line":162,"column":25}},"51":{"start":{"line":165,"column":4},"end":{"line":173,"column":7}},"52":{"start":{"line":175,"column":4},"end":{"line":175,"column":15}},"53":{"start":{"line":179,"column":4},"end":{"line":179,"column":37}},"54":{"start":{"line":180,"column":4},"end":{"line":180,"column":25}},"55":{"start":{"line":181,"column":4},"end":{"line":181,"column":16}},"56":{"start":{"line":190,"column":2},"end":{"line":192,"column":29}},"57":{"start":{"line":201,"column":2},"end":{"line":203,"column":50}},"58":{"start":{"line":214,"column":14},"end":{"line":214,"column":80}},"59":{"start":{"line":215,"column":2},"end":{"line":217,"column":3}},"60":{"start":{"line":216,"column":4},"end":{"line":216,"column":82}},"61":{"start":{"line":219,"column":2},"end":{"line":221,"column":3}},"62":{"start":{"line":220,"column":4},"end":{"line":220,"column":111}},"63":{"start":{"line":223,"column":18},"end":{"line":223,"column":29}},"64":{"start":{"line":224,"column":17},"end":{"line":224,"column":27}},"65":{"start":{"line":226,"column":2},"end":{"line":226,"column":71}},"66":{"start":{"line":228,"column":2},"end":{"line":236,"column":5}},"67":{"start":{"line":238,"column":2},"end":{"line":238,"column":27}},"68":{"start":{"line":241,"column":0},"end":{"line":248,"column":2}}},"fnMap":{"0":{"name":"crearBorradorTVD","decl":{"start":{"line":13,"column":15},"end":{"line":13,"column":31}},"loc":{"start":{"line":13,"column":68},"end":{"line":43,"column":1}},"line":13},"1":{"name":"actualizarTVD","decl":{"start":{"line":53,"column":15},"end":{"line":53,"column":28}},"loc":{"start":{"line":53,"column":72},"end":{"line":94,"column":1}},"line":53},"2":{"name":"aprobarTVD","decl":{"start":{"line":105,"column":15},"end":{"line":105,"column":25}},"loc":{"start":{"line":105,"column":78},"end":{"line":183,"column":1}},"line":105},"3":{"name":"obtenerTVDs","decl":{"start":{"line":189,"column":15},"end":{"line":189,"column":26}},"loc":{"start":{"line":189,"column":38},"end":{"line":193,"column":1}},"line":189},"4":{"name":"obtenerTVDPorId","decl":{"start":{"line":200,"column":15},"end":{"line":200,"column":30}},"loc":{"start":{"line":200,"column":49},"end":{"line":204,"column":1}},"line":200},"5":{"name":"eliminarTVD","decl":{"start":{"line":213,"column":15},"end":{"line":213,"column":26}},"loc":{"start":{"line":213,"column":61},"end":{"line":239,"column":1}},"line":213}},"branchMap":{"0":{"loc":{"start":{"line":16,"column":2},"end":{"line":18,"column":3}},"type":"if","locations":[{"start":{"line":16,"column":2},"end":{"line":18,"column":3}},{"start":{},"end":{}}],"line":16},"1":{"loc":{"start":{"line":25,"column":12},"end":{"line":25,"column":32}},"type":"binary-expr","locations":[{"start":{"line":25,"column":12},"end":{"line":25,"column":26}},{"start":{"line":25,"column":30},"end":{"line":25,"column":32}}],"line":25},"2":{"loc":{"start":{"line":55,"column":2},"end":{"line":57,"column":3}},"type":"if","locations":[{"start":{"line":55,"column":2},"end":{"line":57,"column":3}},{"start":{},"end":{}}],"line":55},"3":{"loc":{"start":{"line":59,"column":2},"end":{"line":61,"column":3}},"type":"if","locations":[{"start":{"line":59,"column":2},"end":{"line":61,"column":3}},{"start":{},"end":{}}],"line":59},"4":{"loc":{"start":{"line":59,"column":6},"end":{"line":59,"column":63}},"type":"binary-expr","locations":[{"start":{"line":59,"column":6},"end":{"line":59,"column":31}},{"start":{"line":59,"column":35},"end":{"line":59,"column":63}}],"line":59},"5":{"loc":{"start":{"line":63,"column":2},"end":{"line":74,"column":3}},"type":"if","locations":[{"start":{"line":63,"column":2},"end":{"line":74,"column":3}},{"start":{},"end":{}}],"line":63},"6":{"loc":{"start":{"line":63,"column":6},"end":{"line":63,"column":70}},"type":"binary-expr","locations":[{"start":{"line":63,"column":6},"end":{"line":63,"column":35}},{"start":{"line":63,"column":39},"end":{"line":63,"column":70}}],"line":63},"7":{"loc":{"start":{"line":70,"column":4},"end":{"line":72,"column":5}},"type":"if","locations":[{"start":{"line":70,"column":4},"end":{"line":72,"column":5}},{"start":{},"end":{}}],"line":70},"8":{"loc":{"start":{"line":76,"column":2},"end":{"line":76,"column":64}},"type":"if","locations":[{"start":{"line":76,"column":2},"end":{"line":76,"column":64}},{"start":{},"end":{}}],"line":76},"9":{"loc":{"start":{"line":77,"column":2},"end":{"line":77,"column":79}},"type":"if","locations":[{"start":{"line":77,"column":2},"end":{"line":77,"column":79}},{"start":{},"end":{}}],"line":77},"10":{"loc":{"start":{"line":78,"column":2},"end":{"line":78,"column":64}},"type":"if","locations":[{"start":{"line":78,"column":2},"end":{"line":78,"column":64}},{"start":{},"end":{}}],"line":78},"11":{"loc":{"start":{"line":79,"column":2},"end":{"line":79,"column":64}},"type":"if","locations":[{"start":{"line":79,"column":2},"end":{"line":79,"column":64}},{"start":{},"end":{}}],"line":79},"12":{"loc":{"start":{"line":112,"column":4},"end":{"line":114,"column":5}},"type":"if","locations":[{"start":{"line":112,"column":4},"end":{"line":114,"column":5}},{"start":{},"end":{}}],"line":112},"13":{"loc":{"start":{"line":116,"column":4},"end":{"line":118,"column":5}},"type":"if","locations":[{"start":{"line":116,"column":4},"end":{"line":118,"column":5}},{"start":{},"end":{}}],"line":116},"14":{"loc":{"start":{"line":128,"column":4},"end":{"line":130,"column":5}},"type":"if","locations":[{"start":{"line":128,"column":4},"end":{"line":130,"column":5}},{"start":{},"end":{}}],"line":128},"15":{"loc":{"start":{"line":143,"column":31},"end":{"line":143,"column":95}},"type":"binary-expr","locations":[{"start":{"line":143,"column":31},"end":{"line":143,"column":71}},{"start":{"line":143,"column":75},"end":{"line":143,"column":95}}],"line":143},"16":{"loc":{"start":{"line":215,"column":2},"end":{"line":217,"column":3}},"type":"if","locations":[{"start":{"line":215,"column":2},"end":{"line":217,"column":3}},{"start":{},"end":{}}],"line":215},"17":{"loc":{"start":{"line":219,"column":2},"end":{"line":221,"column":3}},"type":"if","locations":[{"start":{"line":219,"column":2},"end":{"line":221,"column":3}},{"start":{},"end":{}}],"line":219}},"s":{"0":2,"1":2,"2":2,"3":2,"4":0,"5":0,"6":0,"7":0,"8":0,"9":0,"10":0,"11":0,"12":0,"13":0,"14":0,"15":0,"16":0,"17":0,"18":0,"19":0,"20":0,"21":0,"22":0,"23":0,"24":0,"25":0,"26":0,"27":0,"28":0,"29":0,"30":0,"31":0,"32":0,"33":0,"34":0,"35":0,"36":0,"37":0,"38":0,"39":0,"40":0,"41":0,"42":0,"43":0,"44":0,"45":0,"46":0,"47":0,"48":0,"49":0,"50":0,"51":0,"52":0,"53":0,"54":0,"55":0,"56":0,"57":0,"58":0,"59":0,"60":0,"61":0,"62":0,"63":0,"64":0,"65":0,"66":0,"67":0,"68":2},"f":{"0":0,"1":0,"2":0,"3":0,"4":0,"5":0},"b":{"0":[0,0],"1":[0,0],"2":[0,0],"3":[0,0],"4":[0,0],"5":[0,0],"6":[0,0],"7":[0,0],"8":[0,0],"9":[0,0],"10":[0,0],"11":[0,0],"12":[0,0],"13":[0,0],"14":[0,0],"15":[0,0],"16":[0,0],"17":[0,0]},"_coverageSchema":"1a1c01bbd47fc00a2c39e90264f33305004495a9","hash":"6ab0d7e9278d88b387cb16428c9e3f81309788d3"}
}
