TN:
SF:index.js
FN:29,(anonymous_0)
FN:60,(anonymous_1)
FN:63,main
FN:68,(anonymous_3)
FN:125,(anonymous_4)
FNF:5
FNH:2
FNDA:14,(anonymous_0)
FNDA:0,(anonymous_1)
FNDA:0,main
FNDA:1,(anonymous_3)
FNDA:0,(anonymous_4)
DA:1,2
DA:2,2
DA:3,2
DA:4,2
DA:5,2
DA:6,2
DA:7,2
DA:8,2
DA:9,2
DA:10,2
DA:11,2
DA:14,2
DA:15,2
DA:16,0
DA:19,2
DA:26,2
DA:27,2
DA:31,14
DA:33,0
DA:35,0
DA:36,0
DA:38,0
DA:39,0
DA:41,0
DA:42,0
DA:52,2
DA:53,2
DA:55,2
DA:59,2
DA:60,0
DA:64,0
DA:65,0
DA:68,2
DA:69,1
DA:71,2
DA:72,2
DA:73,2
DA:76,2
DA:78,2
DA:99,2
DA:100,2
DA:103,2
DA:104,2
DA:105,2
DA:106,2
DA:107,2
DA:108,2
DA:109,2
DA:110,2
DA:111,2
DA:112,2
DA:113,2
DA:114,2
DA:115,2
DA:116,2
DA:117,2
DA:118,2
DA:119,2
DA:124,2
DA:125,0
DA:126,0
DA:130,2
LF:62
LH:49
BRDA:15,0,0,0
BRDA:15,0,1,2
BRDA:31,1,0,14
BRDA:31,1,1,0
BRDA:35,2,0,0
BRDA:35,2,1,0
BRDA:38,3,0,0
BRDA:38,3,1,0
BRDA:38,4,0,0
BRDA:38,4,1,0
BRDA:38,4,2,0
BRDA:55,5,0,2
BRDA:55,5,1,0
BRDA:59,6,0,0
BRDA:59,6,1,2
BRDA:124,7,0,0
BRDA:124,7,1,2
BRF:17
BRH:5
end_of_record
TN:
SF:auth\authenticateToken.js
FN:5,authenticateToken
FNF:1
FNH:0
FNDA:0,authenticateToken
DA:1,2
DA:2,2
DA:3,2
DA:6,0
DA:7,0
DA:8,0
DA:9,0
DA:13,0
DA:14,0
DA:15,0
DA:17,0
DA:18,0
DA:22,0
DA:23,0
DA:24,0
DA:25,0
DA:27,0
DA:28,0
DA:32,2
LF:19
LH:4
BRDA:14,0,0,0
BRDA:14,0,1,0
BRDA:17,1,0,0
BRDA:17,1,1,0
BRF:4
BRH:0
end_of_record
TN:
SF:auth\sign.js
FN:4,sign
FN:17,generateAccessToken
FN:25,generateRefreshToken
FNF:3
FNH:3
FNDA:2,sign
FNDA:1,generateAccessToken
FNDA:1,generateRefreshToken
DA:1,2
DA:2,2
DA:5,2
DA:19,1
DA:26,1
DA:29,2
LF:6
LH:6
BRDA:7,0,0,1
BRDA:7,0,1,1
BRDA:11,1,0,1
BRDA:11,1,1,1
BRF:4
BRH:4
end_of_record
TN:
SF:auth\validateToken.js
FN:1,validateToken
FNF:1
FNH:0
FNDA:0,validateToken
DA:2,0
DA:3,0
DA:4,0
DA:8,0
DA:10,0
DA:11,0
DA:12,0
DA:16,0
DA:19,2
LF:9
LH:1
BRDA:2,0,0,0
BRDA:2,0,1,0
BRDA:10,1,0,0
BRDA:10,1,1,0
BRF:4
BRH:0
end_of_record
TN:
SF:auth\verify.js
FN:4,verifyAccessToken
FN:9,verifyRefreshToken
FNF:2
FNH:0
FNDA:0,verifyAccessToken
FNDA:0,verifyRefreshToken
DA:1,2
DA:2,2
DA:5,0
DA:6,0
DA:10,0
DA:11,0
DA:13,2
LF:7
LH:3
BRF:0
BRH:0
end_of_record
TN:
SF:lib\audit.js
FN:14,registrarAuditoria
FNF:1
FNH:1
FNDA:6,registrarAuditoria
DA:1,2
DA:15,6
DA:16,6
DA:27,6
DA:29,0
DA:33,2
LF:6
LH:5
BRDA:23,0,0,0
BRDA:23,0,1,6
BRDA:23,1,0,0
BRDA:23,1,1,0
BRDA:24,2,0,0
BRDA:24,2,1,6
BRF:6
BRH:2
end_of_record
TN:
SF:lib\getUserInfo.js
FN:1,getUserInfo
FNF:1
FNH:1
FNDA:1,getUserInfo
DA:2,1
DA:9,2
LF:2
LH:2
BRF:0
BRH:0
end_of_record
TN:
SF:lib\jsonResponse.js
FN:1,(anonymous_0)
FNF:1
FNH:1
FNDA:13,(anonymous_0)
DA:1,2
DA:2,13
LF:2
LH:2
BRF:0
BRH:0
end_of_record
TN:
SF:lib\trace.js
FNF:0
FNH:0
DA:1,2
DA:3,2
DA:8,2
LF:3
LH:3
BRF:0
BRH:0
end_of_record
TN:
SF:middleware\verifyEmpresaContext.js
FN:8,(anonymous_0)
FNF:1
FNH:0
FNDA:0,(anonymous_0)
DA:1,2
DA:2,2
DA:8,2
DA:9,0
DA:11,0
DA:12,0
DA:19,0
DA:20,0
DA:26,0
DA:27,0
DA:35,0
DA:41,0
DA:43,0
DA:44,0
DA:48,2
LF:15
LH:4
BRDA:11,0,0,0
BRDA:11,0,1,0
BRDA:26,1,0,0
BRDA:26,1,1,0
BRDA:38,2,0,0
BRDA:38,2,1,0
BRF:6
BRH:0
end_of_record
TN:
SF:routes\archivistica.js
FN:16,(anonymous_0)
FN:36,(anonymous_1)
FN:69,(anonymous_2)
FN:85,(anonymous_3)
FN:191,(anonymous_4)
FN:205,(anonymous_5)
FN:239,(anonymous_6)
FN:267,(anonymous_7)
FN:295,(anonymous_8)
FN:306,(anonymous_9)
FN:340,(anonymous_10)
FN:368,(anonymous_11)
FN:394,(anonymous_12)
FN:404,(anonymous_13)
FN:436,(anonymous_14)
FN:460,(anonymous_15)
FN:480,(anonymous_16)
FN:567,(anonymous_17)
FN:611,(anonymous_18)
FN:627,(anonymous_19)
FNF:20
FNH:0
FNDA:0,(anonymous_0)
FNDA:0,(anonymous_1)
FNDA:0,(anonymous_2)
FNDA:0,(anonymous_3)
FNDA:0,(anonymous_4)
FNDA:0,(anonymous_5)
FNDA:0,(anonymous_6)
FNDA:0,(anonymous_7)
FNDA:0,(anonymous_8)
FNDA:0,(anonymous_9)
FNDA:0,(anonymous_10)
FNDA:0,(anonymous_11)
FNDA:0,(anonymous_12)
FNDA:0,(anonymous_13)
FNDA:0,(anonymous_14)
FNDA:0,(anonymous_15)
FNDA:0,(anonymous_16)
FNDA:0,(anonymous_17)
FNDA:0,(anonymous_18)
FNDA:0,(anonymous_19)
DA:1,2
DA:2,2
DA:3,2
DA:4,2
DA:5,2
DA:6,2
DA:7,2
DA:8,2
DA:13,2
DA:16,2
DA:17,0
DA:18,0
DA:19,0
DA:20,0
DA:21,0
DA:26,0
DA:28,0
DA:29,0
DA:31,0
DA:36,2
DA:37,0
DA:38,0
DA:39,0
DA:40,0
DA:43,0
DA:44,0
DA:48,0
DA:56,0
DA:57,0
DA:59,0
DA:60,0
DA:63,0
DA:65,0
DA:69,0
DA:75,0
DA:76,0
DA:78,0
DA:79,0
DA:85,2
DA:86,0
DA:87,0
DA:89,0
DA:90,0
DA:91,0
DA:93,0
DA:94,0
DA:96,0
DA:97,0
DA:106,0
DA:109,0
DA:110,0
DA:111,0
DA:112,0
DA:113,0
DA:114,0
DA:115,0
DA:123,0
DA:124,0
DA:129,0
DA:136,0
DA:142,0
DA:143,0
DA:144,0
DA:146,0
DA:147,0
DA:148,0
DA:157,0
DA:160,0
DA:161,0
DA:163,0
DA:171,0
DA:173,0
DA:180,0
DA:183,0
DA:185,0
DA:186,0
DA:191,2
DA:192,0
DA:193,0
DA:194,0
DA:196,0
DA:197,0
DA:198,0
DA:200,0
DA:205,2
DA:206,0
DA:207,0
DA:209,0
DA:211,0
DA:212,0
DA:219,0
DA:221,0
DA:228,0
DA:230,0
DA:231,0
DA:232,0
DA:234,0
DA:239,2
DA:240,0
DA:241,0
DA:242,0
DA:243,0
DA:249,0
DA:256,0
DA:258,0
DA:259,0
DA:260,0
DA:262,0
DA:267,2
DA:268,0
DA:269,0
DA:271,0
DA:272,0
DA:273,0
DA:276,0
DA:277,0
DA:279,0
DA:286,0
DA:288,0
DA:295,2
DA:296,0
DA:297,0
DA:298,0
DA:299,0
DA:301,0
DA:306,2
DA:307,0
DA:308,0
DA:310,0
DA:311,0
DA:320,0
DA:322,0
DA:329,0
DA:331,0
DA:332,0
DA:333,0
DA:335,0
DA:340,2
DA:341,0
DA:342,0
DA:343,0
DA:344,0
DA:350,0
DA:357,0
DA:359,0
DA:360,0
DA:361,0
DA:363,0
DA:368,2
DA:369,0
DA:370,0
DA:372,0
DA:373,0
DA:374,0
DA:377,0
DA:378,0
DA:380,0
DA:387,0
DA:389,0
DA:394,2
DA:395,0
DA:396,0
DA:397,0
DA:399,0
DA:404,2
DA:405,0
DA:406,0
DA:407,0
DA:408,0
DA:416,0
DA:418,0
DA:425,0
DA:427,0
DA:428,0
DA:429,0
DA:431,0
DA:436,2
DA:437,0
DA:438,0
DA:439,0
DA:440,0
DA:446,0
DA:453,0
DA:455,0
DA:460,2
DA:461,0
DA:462,0
DA:463,0
DA:464,0
DA:466,0
DA:473,0
DA:475,0
DA:480,2
DA:481,0
DA:483,0
DA:521,0
DA:522,0
DA:523,0
DA:525,0
DA:526,0
DA:535,0
DA:538,0
DA:539,0
DA:540,0
DA:541,0
DA:546,0
DA:551,0
DA:558,0
DA:560,0
DA:567,2
DA:568,0
DA:569,0
DA:571,0
DA:572,0
DA:573,0
DA:575,0
DA:576,0
DA:579,0
DA:580,0
DA:583,0
DA:585,0
DA:591,0
DA:593,0
DA:600,0
DA:602,0
DA:603,0
DA:605,0
DA:606,0
DA:611,2
DA:612,0
DA:613,0
DA:614,0
DA:620,0
DA:622,0
DA:627,2
DA:628,0
DA:629,0
DA:630,0
DA:631,0
DA:633,0
DA:640,0
DA:642,0
DA:646,2
LF:243
LH:29
BRDA:20,0,0,0
BRDA:20,0,1,0
BRDA:26,1,0,0
BRDA:26,1,1,0
BRDA:38,2,0,0
BRDA:38,2,1,0
BRDA:39,3,0,0
BRDA:39,3,1,0
BRDA:43,4,0,0
BRDA:43,4,1,0
BRDA:59,5,0,0
BRDA:59,5,1,0
BRDA:91,6,0,0
BRDA:91,6,1,0
BRDA:93,7,0,0
BRDA:93,7,1,0
BRDA:96,8,0,0
BRDA:96,8,1,0
BRDA:110,9,0,0
BRDA:110,9,1,0
BRDA:114,10,0,0
BRDA:114,10,1,0
BRDA:142,11,0,0
BRDA:142,11,1,0
BRDA:144,12,0,0
BRDA:144,12,1,0
BRDA:147,13,0,0
BRDA:147,13,1,0
BRDA:161,14,0,0
BRDA:161,14,1,0
BRDA:194,15,0,0
BRDA:194,15,1,0
BRDA:209,16,0,0
BRDA:209,16,1,0
BRDA:216,17,0,0
BRDA:216,17,1,0
BRDA:231,18,0,0
BRDA:231,18,1,0
BRDA:231,19,0,0
BRDA:231,19,1,0
BRDA:245,20,0,0
BRDA:245,20,1,0
BRDA:259,21,0,0
BRDA:259,21,1,0
BRDA:259,22,0,0
BRDA:259,22,1,0
BRDA:272,23,0,0
BRDA:272,23,1,0
BRDA:332,24,0,0
BRDA:332,24,1,0
BRDA:332,25,0,0
BRDA:332,25,1,0
BRDA:360,26,0,0
BRDA:360,26,1,0
BRDA:360,27,0,0
BRDA:360,27,1,0
BRDA:373,28,0,0
BRDA:373,28,1,0
BRDA:428,29,0,0
BRDA:428,29,1,0
BRDA:428,30,0,0
BRDA:428,30,1,0
BRDA:525,31,0,0
BRDA:525,31,1,0
BRDA:540,32,0,0
BRDA:540,32,1,0
BRDA:575,33,0,0
BRDA:575,33,1,0
BRDA:575,34,0,0
BRDA:575,34,1,0
BRDA:579,35,0,0
BRDA:579,35,1,0
BRDA:602,36,0,0
BRDA:602,36,1,0
BRF:74
BRH:0
end_of_record
TN:
SF:routes\audit.js
FN:11,(anonymous_0)
FN:36,(anonymous_1)
FN:49,(anonymous_2)
FN:65,(anonymous_3)
FNF:4
FNH:0
FNDA:0,(anonymous_0)
FNDA:0,(anonymous_1)
FNDA:0,(anonymous_2)
FNDA:0,(anonymous_3)
DA:1,2
DA:2,2
DA:3,2
DA:4,2
DA:5,2
DA:11,2
DA:12,0
DA:13,0
DA:15,0
DA:16,0
DA:17,0
DA:18,0
DA:19,0
DA:21,0
DA:26,0
DA:28,0
DA:36,2
DA:37,0
DA:38,0
DA:39,0
DA:41,0
DA:49,2
DA:50,0
DA:51,0
DA:53,0
DA:54,0
DA:55,0
DA:57,0
DA:65,2
DA:66,0
DA:67,0
DA:68,0
DA:69,0
DA:74,0
DA:81,0
DA:85,0
DA:89,2
LF:37
LH:10
BRDA:17,0,0,0
BRDA:17,0,1,0
BRDA:18,1,0,0
BRDA:18,1,1,0
BRDA:19,2,0,0
BRDA:19,2,1,0
BRF:6
BRH:0
end_of_record
TN:
SF:routes\comite.js
FN:10,(anonymous_0)
FN:26,(anonymous_1)
FN:42,(anonymous_2)
FN:62,(anonymous_3)
FN:82,(anonymous_4)
FN:99,(anonymous_5)
FN:121,(anonymous_6)
FN:140,(anonymous_7)
FN:167,(anonymous_8)
FN:192,(anonymous_9)
FNF:10
FNH:0
FNDA:0,(anonymous_0)
FNDA:0,(anonymous_1)
FNDA:0,(anonymous_2)
FNDA:0,(anonymous_3)
FNDA:0,(anonymous_4)
FNDA:0,(anonymous_5)
FNDA:0,(anonymous_6)
FNDA:0,(anonymous_7)
FNDA:0,(anonymous_8)
FNDA:0,(anonymous_9)
DA:1,2
DA:2,2
DA:3,2
DA:4,2
DA:10,2
DA:11,0
DA:13,0
DA:14,0
DA:15,0
DA:17,0
DA:18,0
DA:26,2
DA:27,0
DA:29,0
DA:30,0
DA:31,0
DA:33,0
DA:34,0
DA:42,2
DA:43,0
DA:44,0
DA:46,0
DA:47,0
DA:48,0
DA:49,0
DA:51,0
DA:53,0
DA:54,0
DA:62,2
DA:63,0
DA:64,0
DA:66,0
DA:67,0
DA:68,0
DA:69,0
DA:71,0
DA:73,0
DA:74,0
DA:82,2
DA:83,0
DA:84,0
DA:86,0
DA:87,0
DA:88,0
DA:90,0
DA:91,0
DA:99,2
DA:100,0
DA:101,0
DA:102,0
DA:104,0
DA:105,0
DA:108,0
DA:109,0
DA:110,0
DA:112,0
DA:113,0
DA:121,2
DA:122,0
DA:123,0
DA:124,0
DA:125,0
DA:127,0
DA:128,0
DA:129,0
DA:131,0
DA:132,0
DA:140,2
DA:141,0
DA:142,0
DA:143,0
DA:145,0
DA:146,0
DA:149,0
DA:150,0
DA:156,0
DA:158,0
DA:159,0
DA:167,2
DA:168,0
DA:169,0
DA:170,0
DA:171,0
DA:173,0
DA:174,0
DA:181,0
DA:183,0
DA:184,0
DA:192,2
DA:193,0
DA:194,0
DA:195,0
DA:197,0
DA:198,0
DA:201,0
DA:202,0
DA:203,0
DA:205,0
DA:206,0
DA:210,2
LF:100
LH:15
BRDA:48,0,0,0
BRDA:48,0,1,0
BRDA:68,1,0,0
BRDA:68,1,1,0
BRDA:104,2,0,0
BRDA:104,2,1,0
BRDA:132,3,0,0
BRDA:132,3,1,0
BRDA:145,4,0,0
BRDA:145,4,1,0
BRDA:145,5,0,0
BRDA:145,5,1,0
BRDA:145,5,2,0
BRDA:145,5,3,0
BRDA:159,6,0,0
BRDA:159,6,1,0
BRDA:184,7,0,0
BRDA:184,7,1,0
BRDA:206,8,0,0
BRDA:206,8,1,0
BRF:20
BRH:0
end_of_record
TN:
SF:routes\consecutivos.js
FN:10,(anonymous_0)
FN:21,(anonymous_1)
FN:53,(anonymous_2)
FN:80,(anonymous_3)
FN:98,(anonymous_4)
FN:113,(anonymous_5)
FNF:6
FNH:0
FNDA:0,(anonymous_0)
FNDA:0,(anonymous_1)
FNDA:0,(anonymous_2)
FNDA:0,(anonymous_3)
FNDA:0,(anonymous_4)
FNDA:0,(anonymous_5)
DA:1,2
DA:2,2
DA:3,2
DA:4,2
DA:5,2
DA:6,2
DA:7,2
DA:10,2
DA:11,0
DA:12,0
DA:13,0
DA:14,0
DA:16,0
DA:21,2
DA:22,0
DA:23,0
DA:25,0
DA:26,0
DA:34,0
DA:36,0
DA:43,0
DA:45,0
DA:46,0
DA:48,0
DA:53,2
DA:54,0
DA:55,0
DA:57,0
DA:58,0
DA:64,0
DA:66,0
DA:73,0
DA:75,0
DA:80,2
DA:81,0
DA:82,0
DA:83,0
DA:85,0
DA:86,0
DA:87,0
DA:89,0
DA:90,0
DA:91,0
DA:93,0
DA:98,2
DA:99,0
DA:100,0
DA:101,0
DA:106,0
DA:108,0
DA:113,2
DA:114,0
DA:116,0
DA:117,0
DA:123,0
DA:125,0
DA:132,0
DA:134,0
DA:138,2
LF:59
LH:14
BRDA:45,0,0,0
BRDA:45,0,1,0
BRDA:64,1,0,0
BRDA:64,1,1,0
BRDA:90,2,0,0
BRDA:90,2,1,0
BRDA:93,3,0,0
BRDA:93,3,1,0
BRDA:123,4,0,0
BRDA:123,4,1,0
BRF:10
BRH:0
end_of_record
TN:
SF:routes\datosMaestros.js
FN:8,(anonymous_0)
FN:19,(anonymous_1)
FN:32,(anonymous_2)
FN:78,(anonymous_3)
FNF:4
FNH:0
FNDA:0,(anonymous_0)
FNDA:0,(anonymous_1)
FNDA:0,(anonymous_2)
FNDA:0,(anonymous_3)
DA:1,2
DA:2,2
DA:3,2
DA:4,2
DA:5,2
DA:8,2
DA:9,0
DA:10,0
DA:11,0
DA:12,0
DA:14,0
DA:19,2
DA:20,0
DA:21,0
DA:22,0
DA:23,0
DA:24,0
DA:25,0
DA:27,0
DA:32,2
DA:33,0
DA:34,0
DA:36,0
DA:37,0
DA:39,0
DA:41,0
DA:49,0
DA:50,0
DA:51,0
DA:54,0
DA:60,0
DA:63,0
DA:70,0
DA:72,0
DA:73,0
DA:78,2
DA:79,0
DA:80,0
DA:81,0
DA:82,0
DA:84,0
DA:91,0
DA:93,0
DA:97,2
LF:44
LH:10
BRDA:24,0,0,0
BRDA:24,0,1,0
BRDA:39,1,0,0
BRDA:39,1,1,0
BRDA:45,2,0,0
BRDA:45,2,1,0
BRDA:82,3,0,0
BRDA:82,3,1,0
BRF:8
BRH:0
end_of_record
TN:
SF:routes\disposicion.js
FN:11,(anonymous_0)
FN:22,(anonymous_1)
FN:34,(anonymous_2)
FN:60,(anonymous_3)
FN:69,(anonymous_4)
FN:77,(anonymous_5)
FN:100,(anonymous_6)
FNF:7
FNH:0
FNDA:0,(anonymous_0)
FNDA:0,(anonymous_1)
FNDA:0,(anonymous_2)
FNDA:0,(anonymous_3)
FNDA:0,(anonymous_4)
FNDA:0,(anonymous_5)
FNDA:0,(anonymous_6)
DA:1,2
DA:2,2
DA:3,2
DA:4,2
DA:5,2
DA:6,2
DA:7,2
DA:8,2
DA:11,2
DA:12,0
DA:13,0
DA:14,0
DA:15,0
DA:17,0
DA:22,2
DA:23,0
DA:24,0
DA:26,0
DA:27,0
DA:29,0
DA:34,0
DA:43,0
DA:45,0
DA:53,0
DA:55,0
DA:60,2
DA:61,0
DA:63,0
DA:64,0
DA:65,0
DA:66,0
DA:69,0
DA:70,0
DA:71,0
DA:72,0
DA:77,0
DA:78,0
DA:80,0
DA:81,0
DA:82,0
DA:84,0
DA:92,0
DA:94,0
DA:95,0
DA:100,2
DA:101,0
DA:102,0
DA:104,0
DA:105,0
DA:110,0
DA:118,0
DA:120,0
DA:124,2
LF:53
LH:13
BRDA:65,0,0,0
BRDA:65,0,1,0
BRDA:66,1,0,0
BRDA:66,1,1,0
BRDA:71,2,0,0
BRDA:71,2,1,0
BRF:6
BRH:0
end_of_record
TN:
SF:routes\documentos.js
FN:9,(anonymous_0)
FN:12,(anonymous_1)
FN:21,(anonymous_2)
FN:50,(anonymous_3)
FN:66,(anonymous_4)
FN:154,(anonymous_5)
FN:188,(anonymous_6)
FNF:7
FNH:0
FNDA:0,(anonymous_0)
FNDA:0,(anonymous_1)
FNDA:0,(anonymous_2)
FNDA:0,(anonymous_3)
FNDA:0,(anonymous_4)
FNDA:0,(anonymous_5)
FNDA:0,(anonymous_6)
DA:1,2
DA:2,2
DA:3,2
DA:4,2
DA:5,2
DA:8,2
DA:10,0
DA:13,0
DA:14,0
DA:18,2
DA:22,0
DA:23,0
DA:24,0
DA:25,0
DA:26,0
DA:28,0
DA:32,2
DA:33,2
DA:34,2
DA:35,2
DA:36,2
DA:37,2
DA:38,2
DA:39,2
DA:40,2
DA:41,2
DA:43,2
DA:50,2
DA:51,0
DA:52,0
DA:54,0
DA:56,0
DA:57,0
DA:60,0
DA:61,0
DA:64,0
DA:65,0
DA:66,0
DA:67,0
DA:71,0
DA:72,0
DA:73,0
DA:74,0
DA:78,0
DA:79,0
DA:81,0
DA:82,0
DA:85,0
DA:86,0
DA:91,0
DA:92,0
DA:93,0
DA:95,0
DA:102,0
DA:116,0
DA:119,0
DA:129,0
DA:131,0
DA:139,0
DA:140,0
DA:141,0
DA:142,0
DA:145,0
DA:146,0
DA:147,0
DA:149,0
DA:154,2
DA:155,0
DA:156,0
DA:157,0
DA:159,0
DA:160,0
DA:161,0
DA:162,0
DA:165,0
DA:171,0
DA:172,0
DA:174,0
DA:183,0
DA:188,2
DA:189,0
DA:190,0
DA:191,0
DA:192,0
DA:195,0
DA:196,0
DA:197,0
DA:199,0
DA:206,0
DA:208,0
DA:209,0
DA:213,2
LF:92
LH:22
BRDA:25,0,0,0
BRDA:25,0,1,0
BRDA:25,1,0,0
BRDA:25,1,1,0
BRDA:61,2,0,0
BRDA:61,2,1,0
BRDA:72,3,0,0
BRDA:72,3,1,0
BRDA:74,4,0,0
BRDA:74,4,1,0
BRDA:81,5,0,0
BRDA:81,5,1,0
BRDA:85,6,0,0
BRDA:85,6,1,0
BRDA:91,7,0,0
BRDA:91,7,1,0
BRDA:103,8,0,0
BRDA:103,8,1,0
BRDA:108,9,0,0
BRDA:108,9,1,0
BRDA:125,10,0,0
BRDA:125,10,1,0
BRDA:146,11,0,0
BRDA:146,11,1,0
BRDA:156,12,0,0
BRDA:156,12,1,0
BRDA:161,13,0,0
BRDA:161,13,1,0
BRDA:172,14,0,0
BRDA:172,14,1,0
BRDA:191,15,0,0
BRDA:191,15,1,0
BRF:32
BRH:0
end_of_record
TN:
SF:routes\empresas.js
FN:11,(anonymous_0)
FN:54,(anonymous_1)
FN:105,(anonymous_2)
FN:160,(anonymous_3)
FN:173,(anonymous_4)
FN:228,(anonymous_5)
FN:234,(anonymous_6)
FN:268,(anonymous_7)
FN:269,(anonymous_8)
FN:302,(anonymous_9)
FN:359,(anonymous_10)
FN:413,(anonymous_11)
FN:427,(anonymous_12)
FNF:13
FNH:0
FNDA:0,(anonymous_0)
FNDA:0,(anonymous_1)
FNDA:0,(anonymous_2)
FNDA:0,(anonymous_3)
FNDA:0,(anonymous_4)
FNDA:0,(anonymous_5)
FNDA:0,(anonymous_6)
FNDA:0,(anonymous_7)
FNDA:0,(anonymous_8)
FNDA:0,(anonymous_9)
FNDA:0,(anonymous_10)
FNDA:0,(anonymous_11)
FNDA:0,(anonymous_12)
DA:1,2
DA:2,2
DA:3,2
DA:4,2
DA:5,2
DA:6,2
DA:7,2
DA:8,2
DA:11,2
DA:12,0
DA:13,0
DA:14,0
DA:15,0
DA:19,0
DA:24,0
DA:49,0
DA:54,2
DA:55,0
DA:57,0
DA:58,0
DA:59,0
DA:60,0
DA:63,0
DA:68,0
DA:69,0
DA:72,0
DA:74,0
DA:75,0
DA:80,0
DA:83,0
DA:89,0
DA:91,0
DA:98,0
DA:100,0
DA:105,2
DA:111,0
DA:112,0
DA:114,0
DA:115,0
DA:120,0
DA:121,0
DA:124,0
DA:125,0
DA:126,0
DA:127,0
DA:131,0
DA:142,0
DA:149,0
DA:154,0
DA:155,0
DA:160,2
DA:161,0
DA:162,0
DA:164,0
DA:171,0
DA:172,0
DA:173,0
DA:176,0
DA:177,0
DA:178,0
DA:180,0
DA:185,0
DA:187,0
DA:192,0
DA:194,0
DA:199,0
DA:201,0
DA:208,0
DA:211,0
DA:222,0
DA:223,0
DA:228,2
DA:229,0
DA:230,0
DA:234,0
DA:236,0
DA:237,0
DA:239,0
DA:240,0
DA:245,0
DA:247,0
DA:252,0
DA:254,0
DA:259,0
DA:261,0
DA:267,0
DA:268,0
DA:269,0
DA:294,0
DA:296,0
DA:297,0
DA:302,2
DA:303,0
DA:305,0
DA:306,0
DA:309,0
DA:310,0
DA:311,0
DA:312,0
DA:315,0
DA:316,0
DA:318,0
DA:323,0
DA:325,0
DA:330,0
DA:332,0
DA:339,0
DA:353,0
DA:354,0
DA:359,2
DA:360,0
DA:362,0
DA:363,0
DA:364,0
DA:368,0
DA:373,0
DA:374,0
DA:377,0
DA:378,0
DA:379,0
DA:382,0
DA:388,0
DA:389,0
DA:392,0
DA:399,0
DA:404,0
DA:405,0
DA:413,2
DA:414,0
DA:415,0
DA:417,0
DA:422,0
DA:423,0
DA:426,0
DA:427,0
DA:428,0
DA:430,0
DA:434,2
LF:138
LH:17
BRDA:14,0,0,0
BRDA:14,0,1,0
BRDA:59,1,0,0
BRDA:59,1,1,0
BRDA:68,2,0,0
BRDA:68,2,1,0
BRDA:74,3,0,0
BRDA:74,3,1,0
BRDA:120,4,0,0
BRDA:120,4,1,0
BRDA:120,5,0,0
BRDA:120,5,1,0
BRDA:124,6,0,0
BRDA:124,6,1,0
BRDA:126,7,0,0
BRDA:126,7,1,0
BRDA:171,8,0,0
BRDA:171,8,1,0
BRDA:171,9,0,0
BRDA:171,9,1,0
BRDA:173,10,0,0
BRDA:173,10,1,0
BRDA:176,11,0,0
BRDA:176,11,1,0
BRDA:178,12,0,0
BRDA:178,12,1,0
BRDA:234,13,0,0
BRDA:234,13,1,0
BRDA:236,14,0,0
BRDA:236,14,1,0
BRDA:239,15,0,0
BRDA:239,15,1,0
BRDA:305,16,0,0
BRDA:305,16,1,0
BRDA:305,17,0,0
BRDA:305,17,1,0
BRDA:311,18,0,0
BRDA:311,18,1,0
BRDA:363,19,0,0
BRDA:363,19,1,0
BRDA:373,20,0,0
BRDA:373,20,1,0
BRDA:378,21,0,0
BRDA:378,21,1,0
BRDA:388,22,0,0
BRDA:388,22,1,0
BRDA:422,23,0,0
BRDA:422,23,1,0
BRF:48
BRH:0
end_of_record
TN:
SF:routes\entidades.js
FN:8,(anonymous_0)
FN:23,(anonymous_1)
FN:43,(anonymous_2)
FNF:3
FNH:0
FNDA:0,(anonymous_0)
FNDA:0,(anonymous_1)
FNDA:0,(anonymous_2)
DA:1,2
DA:2,2
DA:3,2
DA:4,2
DA:5,2
DA:8,2
DA:9,0
DA:10,0
DA:11,0
DA:14,0
DA:15,0
DA:16,0
DA:18,0
DA:23,2
DA:24,0
DA:25,0
DA:27,0
DA:28,0
DA:31,0
DA:32,0
DA:33,0
DA:34,0
DA:36,0
DA:38,0
DA:43,2
DA:44,0
DA:45,0
DA:47,0
DA:48,0
DA:51,0
DA:52,0
DA:55,0
DA:56,0
DA:57,0
DA:58,0
DA:61,0
DA:74,0
DA:76,0
DA:83,0
DA:85,0
DA:89,2
LF:41
LH:9
BRDA:10,0,0,0
BRDA:10,0,1,0
BRDA:27,1,0,0
BRDA:27,1,1,0
BRDA:33,2,0,0
BRDA:33,2,1,0
BRDA:47,3,0,0
BRDA:47,3,1,0
BRDA:51,4,0,0
BRDA:51,4,1,0
BRDA:51,5,0,0
BRDA:51,5,1,0
BRDA:51,5,2,0
BRDA:57,6,0,0
BRDA:57,6,1,0
BRF:15
BRH:0
end_of_record
TN:
SF:routes\expedientes.js
FN:11,(anonymous_0)
FN:25,(anonymous_1)
FN:65,(anonymous_2)
FN:85,(anonymous_3)
FN:117,(anonymous_4)
FN:149,(anonymous_5)
FNF:6
FNH:0
FNDA:0,(anonymous_0)
FNDA:0,(anonymous_1)
FNDA:0,(anonymous_2)
FNDA:0,(anonymous_3)
FNDA:0,(anonymous_4)
FNDA:0,(anonymous_5)
DA:1,2
DA:2,2
DA:3,2
DA:4,2
DA:5,2
DA:6,2
DA:7,2
DA:8,2
DA:11,2
DA:12,0
DA:13,0
DA:14,0
DA:18,0
DA:20,0
DA:25,2
DA:26,0
DA:27,0
DA:29,0
DA:31,0
DA:32,0
DA:33,0
DA:38,0
DA:48,0
DA:50,0
DA:58,0
DA:60,0
DA:65,2
DA:66,0
DA:67,0
DA:68,0
DA:72,0
DA:74,0
DA:78,0
DA:80,0
DA:85,2
DA:86,0
DA:87,0
DA:89,0
DA:90,0
DA:91,0
DA:92,0
DA:94,0
DA:100,0
DA:102,0
DA:110,0
DA:112,0
DA:117,2
DA:118,0
DA:120,0
DA:121,0
DA:122,0
DA:123,0
DA:126,0
DA:128,0
DA:129,0
DA:130,0
DA:131,0
DA:133,0
DA:141,0
DA:143,0
DA:144,0
DA:149,2
DA:150,0
DA:151,0
DA:153,0
DA:154,0
DA:155,0
DA:157,0
DA:166,0
DA:168,0
DA:176,0
DA:178,0
DA:182,2
LF:73
LH:15
BRDA:32,0,0,0
BRDA:32,0,1,0
BRDA:72,1,0,0
BRDA:72,1,1,0
BRDA:91,2,0,0
BRDA:91,2,1,0
BRDA:92,3,0,0
BRDA:92,3,1,0
BRDA:100,4,0,0
BRDA:100,4,1,0
BRDA:122,5,0,0
BRDA:122,5,1,0
BRDA:123,6,0,0
BRDA:123,6,1,0
BRDA:155,7,0,0
BRDA:155,7,1,0
BRDA:158,8,0,0
BRDA:158,8,1,0
BRDA:159,9,0,0
BRDA:159,9,1,0
BRDA:160,10,0,0
BRDA:160,10,1,0
BRDA:161,11,0,0
BRDA:161,11,1,0
BRDA:162,12,0,0
BRDA:162,12,1,0
BRDA:163,13,0,0
BRDA:163,13,1,0
BRF:28
BRH:0
end_of_record
TN:
SF:routes\fondosAcumulados.js
FN:11,(anonymous_0)
FN:25,(anonymous_1)
FN:66,(anonymous_2)
FN:92,(anonymous_3)
FN:110,(anonymous_4)
FNF:5
FNH:0
FNDA:0,(anonymous_0)
FNDA:0,(anonymous_1)
FNDA:0,(anonymous_2)
FNDA:0,(anonymous_3)
FNDA:0,(anonymous_4)
DA:1,2
DA:2,2
DA:3,2
DA:4,2
DA:5,2
DA:6,2
DA:7,2
DA:8,2
DA:11,2
DA:12,0
DA:13,0
DA:14,0
DA:16,0
DA:17,0
DA:18,0
DA:20,0
DA:25,2
DA:26,0
DA:27,0
DA:28,0
DA:30,0
DA:32,0
DA:33,0
DA:36,0
DA:37,0
DA:49,0
DA:51,0
DA:59,0
DA:61,0
DA:66,2
DA:67,0
DA:68,0
DA:69,0
DA:71,0
DA:72,0
DA:73,0
DA:74,0
DA:77,0
DA:85,0
DA:87,0
DA:92,2
DA:93,0
DA:94,0
DA:95,0
DA:97,0
DA:98,0
DA:100,0
DA:101,0
DA:102,0
DA:104,0
DA:110,2
DA:111,0
DA:112,0
DA:113,0
DA:116,0
DA:117,0
DA:120,0
DA:121,0
DA:124,0
DA:136,0
DA:144,0
DA:145,0
DA:149,2
LF:63
LH:14
BRDA:12,0,0,0
BRDA:12,0,1,0
BRDA:13,1,0,0
BRDA:13,1,1,0
BRDA:26,2,0,0
BRDA:26,2,1,0
BRDA:27,3,0,0
BRDA:27,3,1,0
BRDA:32,4,0,0
BRDA:32,4,1,0
BRDA:32,5,0,0
BRDA:32,5,1,0
BRDA:32,5,2,0
BRDA:67,6,0,0
BRDA:67,6,1,0
BRDA:68,7,0,0
BRDA:68,7,1,0
BRDA:73,8,0,0
BRDA:73,8,1,0
BRDA:93,9,0,0
BRDA:93,9,1,0
BRDA:94,10,0,0
BRDA:94,10,1,0
BRDA:111,11,0,0
BRDA:111,11,1,0
BRDA:112,12,0,0
BRDA:112,12,1,0
BRDA:116,13,0,0
BRDA:116,13,1,0
BRDA:145,14,0,0
BRDA:145,14,1,0
BRF:31
BRH:0
end_of_record
TN:
SF:routes\intervencionFondo.js
FN:13,(anonymous_0)
FN:29,(anonymous_1)
FN:60,(anonymous_2)
FN:91,(anonymous_3)
FNF:4
FNH:0
FNDA:0,(anonymous_0)
FNDA:0,(anonymous_1)
FNDA:0,(anonymous_2)
FNDA:0,(anonymous_3)
DA:1,2
DA:2,2
DA:3,2
DA:4,2
DA:10,2
DA:13,2
DA:14,0
DA:15,0
DA:16,0
DA:19,0
DA:20,0
DA:21,0
DA:23,0
DA:24,0
DA:29,2
DA:30,0
DA:31,0
DA:32,0
DA:35,0
DA:36,0
DA:37,0
DA:40,0
DA:41,0
DA:44,0
DA:52,0
DA:54,0
DA:55,0
DA:60,2
DA:61,0
DA:62,0
DA:63,0
DA:66,0
DA:67,0
DA:68,0
DA:71,0
DA:72,0
DA:75,0
DA:83,0
DA:85,0
DA:86,0
DA:91,2
DA:92,0
DA:93,0
DA:94,0
DA:97,0
DA:98,0
DA:99,0
DA:102,0
DA:103,0
DA:106,0
DA:115,0
DA:116,0
DA:117,0
DA:119,0
DA:120,0
DA:124,2
LF:56
LH:10
BRDA:14,0,0,0
BRDA:14,0,1,0
BRDA:15,1,0,0
BRDA:15,1,1,0
BRDA:30,2,0,0
BRDA:30,2,1,0
BRDA:31,3,0,0
BRDA:31,3,1,0
BRDA:36,4,0,0
BRDA:36,4,1,0
BRDA:55,5,0,0
BRDA:55,5,1,0
BRDA:61,6,0,0
BRDA:61,6,1,0
BRDA:62,7,0,0
BRDA:62,7,1,0
BRDA:67,8,0,0
BRDA:67,8,1,0
BRDA:67,9,0,0
BRDA:67,9,1,0
BRDA:92,10,0,0
BRDA:92,10,1,0
BRDA:93,11,0,0
BRDA:93,11,1,0
BRDA:98,12,0,0
BRDA:98,12,1,0
BRDA:98,13,0,0
BRDA:98,13,1,0
BRDA:120,14,0,0
BRDA:120,14,1,0
BRF:30
BRH:0
end_of_record
TN:
SF:routes\login.js
FN:9,(anonymous_0)
FNF:1
FNH:1
FNDA:4,(anonymous_0)
DA:1,2
DA:2,2
DA:3,2
DA:4,2
DA:5,2
DA:6,2
DA:7,2
DA:9,2
DA:10,4
DA:12,4
DA:13,1
DA:16,3
DA:17,3
DA:18,3
DA:19,1
DA:22,2
DA:23,2
DA:24,1
DA:27,1
DA:30,1
DA:31,1
DA:34,1
DA:35,1
DA:38,1
DA:45,1
DA:52,0
DA:53,0
DA:57,2
LF:28
LH:26
BRDA:12,0,0,1
BRDA:12,0,1,3
BRDA:12,1,0,4
BRDA:12,1,1,3
BRDA:18,2,0,1
BRDA:18,2,1,2
BRDA:23,3,0,1
BRDA:23,3,1,1
BRF:8
BRH:8
end_of_record
TN:
SF:routes\logout.js
FN:6,(anonymous_0)
FNF:1
FNH:0
FNDA:0,(anonymous_0)
DA:1,2
DA:2,2
DA:3,2
DA:4,2
DA:6,2
DA:7,0
DA:8,0
DA:10,0
DA:11,0
DA:12,0
DA:14,0
DA:20,0
DA:21,0
DA:23,0
DA:24,0
DA:28,2
LF:16
LH:6
BRDA:10,0,0,0
BRDA:10,0,1,0
BRF:2
BRH:0
end_of_record
TN:
SF:routes\matrizRiesgos.js
FN:10,(anonymous_0)
FN:30,(anonymous_1)
FNF:2
FNH:0
FNDA:0,(anonymous_0)
FNDA:0,(anonymous_1)
DA:1,2
DA:2,2
DA:3,2
DA:4,2
DA:10,2
DA:11,0
DA:13,0
DA:14,0
DA:15,0
DA:17,0
DA:19,0
DA:21,0
DA:22,0
DA:30,2
DA:31,0
DA:32,0
DA:33,0
DA:35,0
DA:36,0
DA:42,0
DA:44,0
DA:45,0
DA:49,2
LF:23
LH:7
BRDA:15,0,0,0
BRDA:15,0,1,0
BRDA:45,1,0,0
BRDA:45,1,1,0
BRF:4
BRH:0
end_of_record
TN:
SF:routes\onboarding.js
FN:17,(anonymous_0)
FN:32,(anonymous_1)
FN:70,(anonymous_2)
FN:100,(anonymous_3)
FN:117,(anonymous_4)
FNF:5
FNH:0
FNDA:0,(anonymous_0)
FNDA:0,(anonymous_1)
FNDA:0,(anonymous_2)
FNDA:0,(anonymous_3)
FNDA:0,(anonymous_4)
DA:1,2
DA:2,2
DA:3,2
DA:4,2
DA:11,2
DA:17,2
DA:18,0
DA:19,0
DA:20,0
DA:23,0
DA:24,0
DA:25,0
DA:27,0
DA:32,2
DA:33,0
DA:34,0
DA:35,0
DA:38,0
DA:39,0
DA:40,0
DA:43,0
DA:44,0
DA:47,0
DA:55,0
DA:57,0
DA:62,2
DA:63,2
DA:66,2
DA:67,2
DA:70,2
DA:71,0
DA:72,0
DA:73,0
DA:76,0
DA:78,0
DA:79,0
DA:82,0
DA:90,0
DA:91,0
DA:92,0
DA:94,0
DA:95,0
DA:100,2
DA:101,0
DA:102,0
DA:103,0
DA:105,0
DA:107,0
DA:108,0
DA:109,0
DA:111,0
DA:112,0
DA:117,2
DA:118,0
DA:119,0
DA:120,0
DA:122,0
DA:124,0
DA:125,0
DA:128,0
DA:129,0
DA:132,0
DA:140,0
DA:142,0
DA:143,0
DA:147,2
LF:66
LH:15
BRDA:18,0,0,0
BRDA:18,0,1,0
BRDA:19,1,0,0
BRDA:19,1,1,0
BRDA:33,2,0,0
BRDA:33,2,1,0
BRDA:34,3,0,0
BRDA:34,3,1,0
BRDA:39,4,0,0
BRDA:39,4,1,0
BRDA:39,5,0,0
BRDA:39,5,1,0
BRDA:71,6,0,0
BRDA:71,6,1,0
BRDA:72,7,0,0
BRDA:72,7,1,0
BRDA:101,8,0,0
BRDA:101,8,1,0
BRDA:102,9,0,0
BRDA:102,9,1,0
BRDA:112,10,0,0
BRDA:112,10,1,0
BRDA:118,11,0,0
BRDA:118,11,1,0
BRDA:119,12,0,0
BRDA:119,12,1,0
BRDA:124,13,0,0
BRDA:124,13,1,0
BRDA:124,14,0,0
BRDA:124,14,1,0
BRDA:143,15,0,0
BRDA:143,15,1,0
BRF:32
BRH:0
end_of_record
TN:
SF:routes\plantillas.js
FN:9,(anonymous_0)
FN:24,(anonymous_1)
FN:77,(anonymous_2)
FN:135,(anonymous_3)
FN:151,(anonymous_4)
FN:207,(anonymous_5)
FNF:6
FNH:0
FNDA:0,(anonymous_0)
FNDA:0,(anonymous_1)
FNDA:0,(anonymous_2)
FNDA:0,(anonymous_3)
FNDA:0,(anonymous_4)
FNDA:0,(anonymous_5)
DA:1,2
DA:2,2
DA:3,2
DA:4,2
DA:5,2
DA:6,2
DA:9,2
DA:10,0
DA:11,0
DA:12,0
DA:15,0
DA:16,0
DA:17,0
DA:19,0
DA:24,2
DA:25,0
DA:26,0
DA:28,0
DA:29,0
DA:32,0
DA:33,0
DA:36,0
DA:37,0
DA:46,0
DA:49,0
DA:60,0
DA:62,0
DA:69,0
DA:71,0
DA:72,0
DA:77,2
DA:78,0
DA:79,0
DA:80,0
DA:82,0
DA:83,0
DA:84,0
DA:85,0
DA:89,0
DA:90,0
DA:91,0
DA:94,0
DA:105,0
DA:108,0
DA:109,0
DA:110,0
DA:111,0
DA:112,0
DA:114,0
DA:116,0
DA:123,0
DA:129,0
DA:130,0
DA:135,2
DA:136,0
DA:137,0
DA:139,0
DA:140,0
DA:144,0
DA:146,0
DA:151,2
DA:152,0
DA:153,0
DA:155,0
DA:156,0
DA:157,0
DA:158,0
DA:161,0
DA:162,0
DA:163,0
DA:166,0
DA:167,0
DA:169,0
DA:180,0
DA:182,0
DA:183,0
DA:184,0
DA:185,0
DA:187,0
DA:189,0
DA:196,0
DA:202,0
DA:207,2
DA:208,0
DA:209,0
DA:211,0
DA:212,0
DA:213,0
DA:214,0
DA:216,0
DA:218,0
DA:222,2
LF:92
LH:13
BRDA:11,0,0,0
BRDA:11,0,1,0
BRDA:28,1,0,0
BRDA:28,1,1,0
BRDA:32,2,0,0
BRDA:32,2,1,0
BRDA:32,3,0,0
BRDA:32,3,1,0
BRDA:84,4,0,0
BRDA:84,4,1,0
BRDA:89,5,0,0
BRDA:89,5,1,0
BRDA:103,6,0,0
BRDA:103,6,1,0
BRDA:108,7,0,0
BRDA:108,7,1,0
BRDA:109,8,0,0
BRDA:109,8,1,0
BRDA:110,9,0,0
BRDA:110,9,1,0
BRDA:111,10,0,0
BRDA:111,10,1,0
BRDA:157,11,0,0
BRDA:157,11,1,0
BRDA:162,12,0,0
BRDA:162,12,1,0
BRDA:213,13,0,0
BRDA:213,13,1,0
BRF:28
BRH:0
end_of_record
TN:
SF:routes\posts.js
FN:5,(anonymous_0)
FN:15,(anonymous_1)
FN:35,(anonymous_2)
FN:47,(anonymous_3)
FNF:4
FNH:0
FNDA:0,(anonymous_0)
FNDA:0,(anonymous_1)
FNDA:0,(anonymous_2)
FNDA:0,(anonymous_3)
DA:1,2
DA:2,2
DA:3,2
DA:5,2
DA:6,0
DA:7,0
DA:8,0
DA:10,0
DA:11,0
DA:15,2
DA:16,0
DA:17,0
DA:20,0
DA:21,0
DA:26,0
DA:27,0
DA:28,0
DA:30,0
DA:31,0
DA:35,2
DA:36,0
DA:37,0
DA:38,0
DA:39,0
DA:41,0
DA:43,0
DA:47,2
DA:48,0
DA:49,0
DA:51,0
DA:52,0
DA:53,0
DA:54,0
DA:56,0
DA:57,0
DA:60,0
DA:61,0
DA:64,0
DA:68,0
DA:69,0
DA:72,0
DA:74,0
DA:78,2
LF:43
LH:8
BRDA:16,0,0,0
BRDA:16,0,1,0
BRDA:38,1,0,0
BRDA:38,1,1,0
BRDA:53,2,0,0
BRDA:53,2,1,0
BRDA:56,3,0,0
BRDA:56,3,1,0
BRDA:60,4,0,0
BRDA:60,4,1,0
BRDA:68,5,0,0
BRDA:68,5,1,0
BRF:12
BRH:0
end_of_record
TN:
SF:routes\refreshToken.js
FN:8,(anonymous_0)
FNF:1
FNH:0
FNDA:0,(anonymous_0)
DA:1,2
DA:2,2
DA:3,2
DA:4,2
DA:5,2
DA:6,2
DA:8,2
DA:9,0
DA:11,0
DA:12,0
DA:15,0
DA:16,0
DA:17,0
DA:19,0
DA:22,0
DA:23,0
DA:24,0
DA:25,0
DA:27,0
DA:28,0
DA:32,0
DA:33,0
DA:35,0
DA:36,0
DA:39,0
DA:46,0
DA:48,0
DA:49,0
DA:53,2
LF:29
LH:8
BRDA:11,0,0,0
BRDA:11,0,1,0
BRDA:22,1,0,0
BRDA:22,1,1,0
BRDA:22,2,0,0
BRDA:22,2,1,0
BRDA:22,2,2,0
BRDA:23,3,0,0
BRDA:23,3,1,0
BRF:9
BRH:0
end_of_record
TN:
SF:routes\reports.js
FN:12,(anonymous_0)
FN:36,(anonymous_1)
FN:47,(anonymous_2)
FNF:3
FNH:0
FNDA:0,(anonymous_0)
FNDA:0,(anonymous_1)
FNDA:0,(anonymous_2)
DA:1,2
DA:2,2
DA:3,2
DA:9,2
DA:12,2
DA:13,0
DA:15,0
DA:16,0
DA:23,0
DA:30,0
DA:31,0
DA:36,2
DA:37,0
DA:38,0
DA:39,0
DA:40,0
DA:42,0
DA:47,2
DA:48,0
DA:49,0
DA:50,0
DA:51,0
DA:53,0
DA:57,2
LF:24
LH:8
BRF:0
BRH:0
end_of_record
TN:
SF:routes\signup.js
FN:13,(anonymous_0)
FNF:1
FNH:1
FNDA:9,(anonymous_0)
DA:1,2
DA:2,2
DA:3,2
DA:6,2
DA:7,2
DA:8,2
DA:9,2
DA:10,2
DA:13,2
DA:14,9
DA:16,9
DA:17,2
DA:24,7
DA:26,7
DA:27,7
DA:28,1
DA:31,6
DA:32,6
DA:33,0
DA:39,6
DA:45,6
DA:48,6
DA:53,6
DA:56,6
DA:61,6
DA:64,6
DA:70,6
DA:72,6
DA:81,6
DA:88,0
DA:89,0
DA:97,2
LF:32
LH:29
BRDA:16,0,0,2
BRDA:16,0,1,7
BRDA:16,1,0,9
BRDA:16,1,1,8
BRDA:16,1,2,8
BRDA:16,1,3,8
BRDA:27,2,0,1
BRDA:27,2,1,6
BRDA:32,3,0,0
BRDA:32,3,1,6
BRF:10
BRH:9
end_of_record
TN:
SF:routes\transferencias.js
FN:15,(anonymous_0)
FN:36,(anonymous_1)
FN:67,(anonymous_2)
FN:111,(anonymous_3)
FNF:4
FNH:0
FNDA:0,(anonymous_0)
FNDA:0,(anonymous_1)
FNDA:0,(anonymous_2)
FNDA:0,(anonymous_3)
DA:1,2
DA:2,2
DA:3,2
DA:4,2
DA:5,2
DA:6,2
DA:7,2
DA:12,2
DA:15,2
DA:16,0
DA:17,0
DA:19,0
DA:20,0
DA:21,0
DA:22,0
DA:23,0
DA:24,0
DA:26,0
DA:29,0
DA:31,0
DA:36,2
DA:37,0
DA:38,0
DA:40,0
DA:41,0
DA:50,0
DA:52,0
DA:60,0
DA:62,0
DA:67,2
DA:68,0
DA:70,0
DA:71,0
DA:72,0
DA:73,0
DA:76,0
DA:77,0
DA:78,0
DA:84,0
DA:87,0
DA:92,0
DA:93,0
DA:94,0
DA:96,0
DA:104,0
DA:106,0
DA:111,2
DA:112,0
DA:113,0
DA:114,0
DA:115,0
DA:117,0
DA:118,0
DA:120,0
DA:124,2
LF:55
LH:13
BRDA:21,0,0,0
BRDA:21,0,1,0
BRDA:23,1,0,0
BRDA:23,1,1,0
BRDA:72,2,0,0
BRDA:72,2,1,0
BRDA:73,3,0,0
BRDA:73,3,1,0
BRDA:77,4,0,0
BRDA:77,4,1,0
BRDA:84,5,0,0
BRDA:84,5,1,0
BRDA:115,6,0,0
BRDA:115,6,1,0
BRF:14
BRH:0
end_of_record
TN:
SF:routes\tvd.js
FN:10,(anonymous_0)
FN:26,(anonymous_1)
FN:46,(anonymous_2)
FN:68,(anonymous_3)
FN:87,(anonymous_4)
FN:110,(anonymous_5)
FNF:6
FNH:0
FNDA:0,(anonymous_0)
FNDA:0,(anonymous_1)
FNDA:0,(anonymous_2)
FNDA:0,(anonymous_3)
FNDA:0,(anonymous_4)
FNDA:0,(anonymous_5)
DA:1,2
DA:2,2
DA:3,2
DA:4,2
DA:10,2
DA:11,0
DA:13,0
DA:14,0
DA:15,0
DA:17,0
DA:18,0
DA:26,2
DA:27,0
DA:28,0
DA:30,0
DA:31,0
DA:32,0
DA:33,0
DA:35,0
DA:37,0
DA:38,0
DA:46,2
DA:47,0
DA:48,0
DA:49,0
DA:51,0
DA:52,0
DA:55,0
DA:56,0
DA:57,0
DA:59,0
DA:60,0
DA:68,2
DA:69,0
DA:70,0
DA:71,0
DA:72,0
DA:74,0
DA:75,0
DA:76,0
DA:78,0
DA:79,0
DA:87,2
DA:88,0
DA:89,0
DA:90,0
DA:91,0
DA:93,0
DA:94,0
DA:97,0
DA:98,0
DA:99,0
DA:101,0
DA:102,0
DA:110,2
DA:111,0
DA:112,0
DA:113,0
DA:115,0
DA:116,0
DA:117,0
DA:119,0
DA:120,0
DA:124,2
LF:64
LH:11
BRDA:32,0,0,0
BRDA:32,0,1,0
BRDA:51,1,0,0
BRDA:51,1,1,0
BRDA:51,2,0,0
BRDA:51,2,1,0
BRDA:60,3,0,0
BRDA:60,3,1,0
BRDA:79,4,0,0
BRDA:79,4,1,0
BRDA:93,5,0,0
BRDA:93,5,1,0
BRDA:102,6,0,0
BRDA:102,6,1,0
BRDA:120,7,0,0
BRDA:120,7,1,0
BRF:16
BRH:0
end_of_record
TN:
SF:routes\user.js
FN:6,(anonymous_0)
FNF:1
FNH:0
FNDA:0,(anonymous_0)
DA:1,2
DA:2,2
DA:3,2
DA:4,2
DA:6,2
DA:7,0
DA:9,0
DA:12,2
LF:8
LH:6
BRF:0
BRH:0
end_of_record
TN:
SF:schema\actaComite.js
FN:69,(anonymous_0)
FNF:1
FNH:0
FNDA:0,(anonymous_0)
DA:1,2
DA:7,2
DA:70,0
DA:71,0
DA:72,0
DA:78,2
DA:80,2
LF:7
LH:4
BRF:0
BRH:0
end_of_record
TN:
SF:schema\auditLog.js
FNF:0
FNH:0
DA:1,2
DA:3,2
DA:15,2
DA:17,2
LF:4
LH:4
BRF:0
BRH:0
end_of_record
TN:
SF:schema\banterMaster.js
FNF:0
FNH:0
DA:1,2
DA:3,2
DA:38,2
DA:40,2
LF:4
LH:4
BRF:0
BRH:0
end_of_record
TN:
SF:schema\comiteArchivo.js
FN:48,(anonymous_0)
FNF:1
FNH:0
FNDA:0,(anonymous_0)
DA:1,2
DA:7,2
DA:49,0
DA:50,0
DA:51,0
DA:57,2
DA:59,2
LF:7
LH:4
BRF:0
BRH:0
end_of_record
TN:
SF:schema\datoMaestro.js
FNF:0
FNH:0
DA:1,2
DA:3,2
DA:32,2
DA:34,2
LF:4
LH:4
BRF:0
BRH:0
end_of_record
TN:
SF:schema\dependencia.js
FN:42,(anonymous_0)
FNF:1
FNH:0
FNDA:0,(anonymous_0)
DA:1,2
DA:3,2
DA:43,0
DA:44,0
DA:45,0
DA:51,2
DA:53,2
LF:7
LH:4
BRF:0
BRH:0
end_of_record
TN:
SF:schema\empresa.js
FN:122,(anonymous_0)
FNF:1
FNH:0
FNDA:0,(anonymous_0)
DA:1,2
DA:3,2
DA:123,0
DA:124,0
DA:125,0
DA:130,2
LF:6
LH:3
BRF:0
BRH:0
end_of_record
TN:
SF:schema\entidad.js
FNF:0
FNH:0
DA:1,2
DA:3,2
DA:59,2
DA:61,2
LF:4
LH:4
BRF:0
BRH:0
end_of_record
TN:
SF:schema\expediente.js
FNF:0
FNH:0
DA:1,2
DA:3,2
DA:66,2
DA:68,2
LF:4
LH:4
BRF:0
BRH:0
end_of_record
TN:
SF:schema\fondoAcumulado.js
FNF:0
FNH:0
DA:1,2
DA:3,2
DA:49,2
DA:51,2
LF:4
LH:4
BRF:0
BRH:0
end_of_record
TN:
SF:schema\historialDocumento.js
FNF:0
FNH:0
DA:1,2
DA:3,2
DA:49,2
DA:50,2
DA:52,2
LF:5
LH:5
BRF:0
BRH:0
end_of_record
TN:
SF:schema\intervencionFondo.js
FNF:0
FNH:0
DA:1,2
DA:7,2
DA:60,2
LF:3
LH:3
BRF:0
BRH:0
end_of_record
TN:
SF:schema\matrizRiesgosDeposito.js
FN:76,(anonymous_0)
FN:85,(anonymous_1)
FN:87,(anonymous_2)
FNF:3
FNH:0
FNDA:0,(anonymous_0)
FNDA:0,(anonymous_1)
FNDA:0,(anonymous_2)
DA:1,2
DA:6,2
DA:50,2
DA:77,0
DA:78,0
DA:79,0
DA:85,2
DA:86,0
DA:87,0
DA:88,0
DA:89,0
DA:93,0
DA:96,2
LF:13
LH:5
BRDA:86,0,0,0
BRDA:86,0,1,0
BRDA:86,1,0,0
BRDA:86,1,1,0
BRDA:88,2,0,0
BRDA:88,2,1,0
BRDA:88,3,0,0
BRDA:88,3,1,0
BRF:8
BRH:0
end_of_record
TN:
SF:schema\onboardingWizard.js
FNF:0
FNH:0
DA:1,2
DA:3,2
DA:56,2
LF:3
LH:3
BRF:0
BRH:0
end_of_record
TN:
SF:schema\plantilla.js
FNF:0
FNH:0
DA:1,2
DA:3,2
DA:46,2
LF:3
LH:3
BRF:0
BRH:0
end_of_record
TN:
SF:schema\plantillaHistorico.js
FNF:0
FNH:0
DA:1,2
DA:3,2
DA:34,2
DA:36,2
LF:4
LH:4
BRF:0
BRH:0
end_of_record
TN:
SF:schema\refreshTokenFamily.js
FNF:0
FNH:0
DA:1,2
DA:3,2
DA:24,2
LF:3
LH:3
BRF:0
BRH:0
end_of_record
TN:
SF:schema\rol.js
FNF:0
FNH:0
DA:1,2
DA:3,2
DA:22,2
DA:24,2
LF:4
LH:4
BRF:0
BRH:0
end_of_record
TN:
SF:schema\serieDocumental.js
FN:38,(anonymous_0)
FNF:1
FNH:0
FNDA:0,(anonymous_0)
DA:1,2
DA:3,2
DA:39,0
DA:40,0
DA:41,0
DA:47,2
DA:49,2
LF:7
LH:4
BRF:0
BRH:0
end_of_record
TN:
SF:schema\subserieDocumental.js
FN:33,(anonymous_0)
FNF:1
FNH:0
FNDA:0,(anonymous_0)
DA:1,2
DA:3,2
DA:34,0
DA:35,0
DA:36,0
DA:42,2
DA:44,2
LF:7
LH:4
BRF:0
BRH:0
end_of_record
TN:
SF:schema\tablaRetencionDocumental.js
FN:33,(anonymous_0)
FNF:1
FNH:0
FNDA:0,(anonymous_0)
DA:1,2
DA:3,2
DA:34,0
DA:35,0
DA:36,0
DA:42,2
DA:44,2
LF:7
LH:4
BRF:0
BRH:0
end_of_record
TN:
SF:schema\tablaValoracionDocumental.js
FN:74,(anonymous_0)
FNF:1
FNH:0
FNDA:0,(anonymous_0)
DA:1,2
DA:8,2
DA:75,0
DA:76,0
DA:77,0
DA:83,2
DA:86,2
DA:94,2
LF:8
LH:5
BRF:0
BRH:0
end_of_record
TN:
SF:schema\todo.js
FNF:0
FNH:0
DA:1,2
DA:3,2
DA:9,2
LF:3
LH:3
BRF:0
BRH:0
end_of_record
TN:
SF:schema\token.js
FNF:0
FNH:0
DA:1,2
DA:3,2
DA:8,2
LF:3
LH:3
BRF:0
BRH:0
end_of_record
TN:
SF:schema\transferencia.js
FNF:0
FNH:0
DA:1,2
DA:3,2
DA:36,2
DA:38,2
LF:4
LH:4
BRF:0
BRH:0
end_of_record
TN:
SF:schema\user.js
FN:14,(anonymous_0)
FN:28,(anonymous_1)
FN:33,(anonymous_2)
FN:38,(anonymous_3)
FN:42,(anonymous_4)
FNF:5
FNH:2
FNDA:6,(anonymous_0)
FNDA:0,(anonymous_1)
FNDA:2,(anonymous_2)
FNDA:0,(anonymous_3)
FNDA:0,(anonymous_4)
DA:1,2
DA:2,2
DA:3,2
DA:4,2
DA:5,2
DA:7,2
DA:14,2
DA:15,6
DA:16,6
DA:17,6
DA:18,6
DA:19,6
DA:21,0
DA:24,0
DA:28,2
DA:29,0
DA:30,0
DA:33,2
DA:34,2
DA:35,2
DA:38,2
DA:39,0
DA:42,2
DA:43,0
DA:45,0
DA:46,0
DA:47,0
DA:49,0
DA:53,2
LF:29
LH:19
BRDA:15,0,0,6
BRDA:15,0,1,0
BRDA:15,1,0,6
BRDA:15,1,1,0
BRF:4
BRH:2
end_of_record
TN:
SF:schema\usuarioEmpresa.js
FNF:0
FNH:0
DA:1,2
DA:3,2
DA:31,2
DA:33,2
LF:4
LH:4
BRF:0
BRH:0
end_of_record
TN:
SF:schema\consecutivos\ConsecutivoConfig.js
FNF:0
FNH:0
DA:1,2
DA:3,2
DA:40,2
DA:42,2
LF:4
LH:4
BRF:0
BRH:0
end_of_record
TN:
SF:schema\consecutivos\ConsecutivoLog.js
FNF:0
FNH:0
DA:1,2
DA:3,2
DA:33,2
DA:35,2
LF:4
LH:4
BRF:0
BRH:0
end_of_record
TN:
SF:schema\disposicion\ActaEliminacion.js
FNF:0
FNH:0
DA:1,2
DA:3,2
DA:42,2
DA:44,2
LF:4
LH:4
BRF:0
BRH:0
end_of_record
TN:
SF:services\auditService.js
FN:14,verificarIntegridadDocumento
FN:39,obtenerLineaDeTiempo
FN:48,(anonymous_2)
FN:65,(anonymous_3)
FN:81,(anonymous_4)
FN:94,(anonymous_5)
FNF:6
FNH:0
FNDA:0,verificarIntegridadDocumento
FNDA:0,obtenerLineaDeTiempo
FNDA:0,(anonymous_2)
FNDA:0,(anonymous_3)
FNDA:0,(anonymous_4)
FNDA:0,(anonymous_5)
DA:1,2
DA:2,2
DA:3,2
DA:4,2
DA:5,2
DA:15,0
DA:16,0
DA:23,0
DA:40,0
DA:43,0
DA:48,0
DA:49,0
DA:60,0
DA:61,0
DA:65,0
DA:66,0
DA:78,0
DA:79,0
DA:80,0
DA:81,0
DA:82,0
DA:94,0
DA:97,2
LF:23
LH:6
BRDA:16,0,0,0
BRDA:16,0,1,0
BRDA:52,1,0,0
BRDA:52,1,1,0
BRDA:60,2,0,0
BRDA:60,2,1,0
BRDA:69,3,0,0
BRDA:69,3,1,0
BRDA:78,4,0,0
BRDA:78,4,1,0
BRDA:80,5,0,0
BRDA:80,5,1,0
BRDA:80,6,0,0
BRDA:80,6,1,0
BRDA:84,7,0,0
BRDA:84,7,1,0
BRF:16
BRH:0
end_of_record
TN:
SF:services\comiteService.js
FN:15,crearComite
FN:47,actualizarComite
FN:77,obtenerComites
FN:86,obtenerComitePorId
FN:97,crearActaComite
FN:138,actualizarActaComite
FN:174,obtenerActasComite
FN:182,obtenerActasPorEmpresa
FN:191,obtenerActaPorId
FN:208,oficializarActaComite
FN:278,(anonymous_10)
FN:290,(anonymous_11)
FN:309,(anonymous_12)
FNF:13
FNH:0
FNDA:0,crearComite
FNDA:0,actualizarComite
FNDA:0,obtenerComites
FNDA:0,obtenerComitePorId
FNDA:0,crearActaComite
FNDA:0,actualizarActaComite
FNDA:0,obtenerActasComite
FNDA:0,obtenerActasPorEmpresa
FNDA:0,obtenerActaPorId
FNDA:0,oficializarActaComite
FNDA:0,(anonymous_10)
FNDA:0,(anonymous_11)
FNDA:0,(anonymous_12)
DA:1,2
DA:2,2
DA:3,2
DA:4,2
DA:5,2
DA:6,2
DA:16,0
DA:24,0
DA:26,0
DA:36,0
DA:48,0
DA:49,0
DA:50,0
DA:53,0
DA:54,0
DA:55,0
DA:56,0
DA:58,0
DA:60,0
DA:70,0
DA:78,0
DA:87,0
DA:99,0
DA:100,0
DA:101,0
DA:104,0
DA:115,0
DA:117,0
DA:127,0
DA:139,0
DA:140,0
DA:141,0
DA:144,0
DA:145,0
DA:148,0
DA:149,0
DA:150,0
DA:151,0
DA:152,0
DA:154,0
DA:156,0
DA:166,0
DA:175,0
DA:183,0
DA:192,0
DA:209,0
DA:216,0
DA:217,0
DA:220,0
DA:221,0
DA:224,0
DA:225,0
DA:226,0
DA:229,0
DA:235,0
DA:244,0
DA:278,0
DA:290,0
DA:309,0
DA:329,0
DA:336,0
DA:339,0
DA:359,0
DA:362,0
DA:363,0
DA:367,0
DA:370,0
DA:380,0
DA:387,2
LF:69
LH:7
BRDA:49,0,0,0
BRDA:49,0,1,0
BRDA:53,1,0,0
BRDA:53,1,1,0
BRDA:54,2,0,0
BRDA:54,2,1,0
BRDA:55,3,0,0
BRDA:55,3,1,0
BRDA:56,4,0,0
BRDA:56,4,1,0
BRDA:100,5,0,0
BRDA:100,5,1,0
BRDA:109,6,0,0
BRDA:109,6,1,0
BRDA:111,7,0,0
BRDA:111,7,1,0
BRDA:140,8,0,0
BRDA:140,8,1,0
BRDA:144,9,0,0
BRDA:144,9,1,0
BRDA:148,10,0,0
BRDA:148,10,1,0
BRDA:149,11,0,0
BRDA:149,11,1,0
BRDA:150,12,0,0
BRDA:150,12,1,0
BRDA:151,13,0,0
BRDA:151,13,1,0
BRDA:152,14,0,0
BRDA:152,14,1,0
BRDA:216,15,0,0
BRDA:216,15,1,0
BRDA:220,16,0,0
BRDA:220,16,1,0
BRDA:225,17,0,0
BRDA:225,17,1,0
BRDA:247,18,0,0
BRDA:247,18,1,0
BRDA:280,19,0,0
BRDA:280,19,1,0
BRDA:299,20,0,0
BRDA:299,20,1,0
BRDA:299,21,0,0
BRDA:299,21,1,0
BRDA:312,22,0,0
BRDA:312,22,1,0
BRDA:313,23,0,0
BRDA:313,23,1,0
BRDA:331,24,0,0
BRDA:331,24,1,0
BRF:50
BRH:0
end_of_record
TN:
SF:services\disposicionService.js
FN:7,obtenerListosDisposicionFinal
FN:17,(anonymous_1)
FN:31,procesarEliminacionMasiva
FNF:3
FNH:0
FNDA:0,obtenerListosDisposicionFinal
FNDA:0,(anonymous_1)
FNDA:0,procesarEliminacionMasiva
DA:1,2
DA:2,2
DA:8,0
DA:11,0
DA:17,0
DA:18,0
DA:19,0
DA:20,0
DA:22,0
DA:23,0
DA:33,0
DA:40,0
DA:55,0
DA:58,2
LF:14
LH:3
BRDA:18,0,0,0
BRDA:18,0,1,0
BRDA:19,1,0,0
BRDA:19,1,1,0
BRF:4
BRH:0
end_of_record
TN:
SF:services\expedienteService.js
FN:12,firmarIndiceXML
FN:25,generarIndiceElectronicoXML
FN:49,(anonymous_2)
FN:75,validarAutorizacionJefe
FN:82,(anonymous_4)
FN:85,(anonymous_5)
FNF:6
FNH:0
FNDA:0,firmarIndiceXML
FNDA:0,generarIndiceElectronicoXML
FNDA:0,(anonymous_2)
FNDA:0,validarAutorizacionJefe
FNDA:0,(anonymous_4)
FNDA:0,(anonymous_5)
DA:1,2
DA:2,2
DA:3,2
DA:4,2
DA:5,2
DA:6,2
DA:14,0
DA:15,0
DA:27,0
DA:32,0
DA:38,0
DA:46,0
DA:49,0
DA:50,0
DA:61,0
DA:62,0
DA:65,0
DA:72,0
DA:76,0
DA:77,0
DA:78,0
DA:81,0
DA:82,0
DA:84,0
DA:85,0
DA:87,0
DA:88,0
DA:90,0
DA:93,2
LF:29
LH:7
BRDA:14,0,0,0
BRDA:14,0,1,0
BRDA:39,1,0,0
BRDA:39,1,1,0
BRDA:40,2,0,0
BRDA:40,2,1,0
BRDA:41,3,0,0
BRDA:41,3,1,0
BRDA:52,4,0,0
BRDA:52,4,1,0
BRDA:53,5,0,0
BRDA:53,5,1,0
BRDA:54,6,0,0
BRDA:54,6,1,0
BRDA:55,7,0,0
BRDA:55,7,1,0
BRDA:56,8,0,0
BRDA:56,8,1,0
BRDA:77,9,0,0
BRDA:77,9,1,0
BRDA:90,10,0,0
BRDA:90,10,1,0
BRF:22
BRH:0
end_of_record
TN:
SF:services\fondosAcumuladosService.js
FN:11,procesarFuidMasivo
FN:29,(anonymous_1)
FN:36,(anonymous_2)
FN:38,(anonymous_3)
FN:38,(anonymous_4)
FN:188,exportarFuidCsv
FN:195,(anonymous_6)
FN:200,(anonymous_7)
FNF:8
FNH:0
FNDA:0,procesarFuidMasivo
FNDA:0,(anonymous_1)
FNDA:0,(anonymous_2)
FNDA:0,(anonymous_3)
FNDA:0,(anonymous_4)
FNDA:0,exportarFuidCsv
FNDA:0,(anonymous_6)
FNDA:0,(anonymous_7)
DA:1,2
DA:2,2
DA:13,0
DA:14,0
DA:15,0
DA:18,0
DA:20,0
DA:21,0
DA:24,0
DA:25,0
DA:28,0
DA:29,0
DA:31,0
DA:32,0
DA:33,0
DA:36,0
DA:37,0
DA:38,0
DA:39,0
DA:40,0
DA:41,0
DA:42,0
DA:43,0
DA:44,0
DA:46,0
DA:48,0
DA:51,0
DA:52,0
DA:53,0
DA:54,0
DA:55,0
DA:56,0
DA:57,0
DA:58,0
DA:59,0
DA:60,0
DA:61,0
DA:63,0
DA:66,0
DA:67,0
DA:68,0
DA:69,0
DA:72,0
DA:73,0
DA:76,0
DA:77,0
DA:81,0
DA:82,0
DA:83,0
DA:84,0
DA:86,0
DA:91,0
DA:92,0
DA:93,0
DA:94,0
DA:96,0
DA:101,0
DA:102,0
DA:103,0
DA:105,0
DA:106,0
DA:108,0
DA:109,0
DA:111,0
DA:112,0
DA:116,0
DA:117,0
DA:119,0
DA:120,0
DA:121,0
DA:122,0
DA:124,0
DA:128,0
DA:129,0
DA:130,0
DA:131,0
DA:133,0
DA:137,0
DA:138,0
DA:142,0
DA:143,0
DA:149,0
DA:164,0
DA:169,0
DA:170,0
DA:171,0
DA:172,0
DA:175,0
DA:189,0
DA:192,0
DA:193,0
DA:195,0
DA:196,0
DA:197,0
DA:200,0
DA:201,0
DA:202,0
DA:203,0
DA:206,0
DA:209,0
DA:212,2
LF:101
LH:3
BRDA:20,0,0,0
BRDA:20,0,1,0
BRDA:39,1,0,0
BRDA:39,1,1,0
BRDA:40,2,0,0
BRDA:40,2,1,0
BRDA:41,3,0,0
BRDA:41,3,1,0
BRDA:42,4,0,0
BRDA:42,4,1,0
BRDA:43,5,0,0
BRDA:43,5,1,0
BRDA:46,6,0,0
BRDA:46,6,1,0
BRDA:66,7,0,0
BRDA:66,7,1,0
BRDA:68,8,0,0
BRDA:68,8,1,0
BRDA:72,9,0,0
BRDA:72,9,1,0
BRDA:76,10,0,0
BRDA:76,10,1,0
BRDA:82,11,0,0
BRDA:82,11,1,0
BRDA:83,12,0,0
BRDA:83,12,1,0
BRDA:92,13,0,0
BRDA:92,13,1,0
BRDA:93,14,0,0
BRDA:93,14,1,0
BRDA:101,15,0,0
BRDA:101,15,1,0
BRDA:102,16,0,0
BRDA:102,16,1,0
BRDA:103,17,0,0
BRDA:103,17,1,0
BRDA:105,18,0,0
BRDA:105,18,1,0
BRDA:105,19,0,0
BRDA:105,19,1,0
BRDA:108,20,0,0
BRDA:108,20,1,0
BRDA:108,21,0,0
BRDA:108,21,1,0
BRDA:111,22,0,0
BRDA:111,22,1,0
BRDA:111,23,0,0
BRDA:111,23,1,0
BRDA:119,24,0,0
BRDA:119,24,1,0
BRDA:121,25,0,0
BRDA:121,25,1,0
BRDA:128,26,0,0
BRDA:128,26,1,0
BRDA:130,27,0,0
BRDA:130,27,1,0
BRDA:137,28,0,0
BRDA:137,28,1,0
BRDA:137,29,0,0
BRDA:137,29,1,0
BRDA:137,29,2,0
BRDA:142,30,0,0
BRDA:142,30,1,0
BRDA:145,31,0,0
BRDA:145,31,1,0
BRDA:153,32,0,0
BRDA:153,32,1,0
BRDA:156,33,0,0
BRDA:156,33,1,0
BRDA:157,34,0,0
BRDA:157,34,1,0
BRDA:170,35,0,0
BRDA:170,35,1,0
BRDA:196,36,0,0
BRDA:196,36,1,0
BRDA:197,37,0,0
BRDA:197,37,1,0
BRDA:201,38,0,0
BRDA:201,38,1,0
BRDA:203,39,0,0
BRDA:203,39,1,0
BRDA:203,40,0,0
BRDA:203,40,1,0
BRDA:206,41,0,0
BRDA:206,41,1,0
BRDA:206,42,0,0
BRDA:206,42,1,0
BRDA:206,43,0,0
BRDA:206,43,1,0
BRDA:206,44,0,0
BRDA:206,44,1,0
BRDA:206,45,0,0
BRDA:206,45,1,0
BRF:93
BRH:0
end_of_record
TN:
SF:services\generadorDocumentos.js
FN:6,(anonymous_0)
FN:10,(anonymous_1)
FN:15,(anonymous_2)
FN:17,(anonymous_3)
FN:28,escapeHtml
FN:38,getNestedValue
FN:39,(anonymous_6)
FN:42,procesarTokens
FN:43,(anonymous_8)
FN:50,calcularHashIntegridad
FN:54,generarPDFDocumental
FNF:11
FNH:1
FNDA:2,(anonymous_0)
FNDA:0,(anonymous_1)
FNDA:0,(anonymous_2)
FNDA:0,(anonymous_3)
FNDA:0,escapeHtml
FNDA:0,getNestedValue
FNDA:0,(anonymous_6)
FNDA:0,procesarTokens
FNDA:0,(anonymous_8)
FNDA:0,calcularHashIntegridad
FNDA:0,generarPDFDocumental
DA:1,2
DA:2,2
DA:7,2
DA:8,2
DA:11,0
DA:12,0
DA:13,0
DA:15,0
DA:18,0
DA:19,0
DA:20,0
DA:21,0
DA:22,0
DA:26,2
DA:29,0
DA:30,0
DA:39,0
DA:43,0
DA:44,0
DA:45,0
DA:46,0
DA:51,0
DA:55,0
DA:56,0
DA:58,0
DA:59,0
DA:62,0
DA:112,0
DA:113,0
DA:118,0
DA:121,0
DA:123,0
DA:129,0
DA:133,2
LF:34
LH:6
BRDA:11,0,0,0
BRDA:11,0,1,0
BRDA:19,1,0,0
BRDA:19,1,1,0
BRDA:29,2,0,0
BRDA:29,2,1,0
BRDA:39,3,0,0
BRDA:39,3,1,0
BRDA:39,4,0,0
BRDA:39,4,1,0
BRDA:54,5,0,0
BRDA:59,6,0,0
BRDA:59,6,1,0
BRDA:70,7,0,0
BRDA:70,7,1,0
BRDA:70,8,0,0
BRDA:70,8,1,0
BRDA:70,9,0,0
BRDA:70,9,1,0
BRDA:70,10,0,0
BRDA:70,10,1,0
BRF:21
BRH:0
end_of_record
TN:
SF:services\intervencionFondoService.js
FN:22,obtenerEstadoIntervencion
FN:27,(anonymous_1)
FN:38,actualizarTareaChecklist
FN:49,(anonymous_3)
FN:59,(anonymous_4)
FN:60,(anonymous_5)
FN:73,registrarContingencia
FN:83,generarActaIntervencion
FN:186,(anonymous_8)
FNF:9
FNH:0
FNDA:0,obtenerEstadoIntervencion
FNDA:0,(anonymous_1)
FNDA:0,actualizarTareaChecklist
FNDA:0,(anonymous_3)
FNDA:0,(anonymous_4)
FNDA:0,(anonymous_5)
FNDA:0,registrarContingencia
FNDA:0,generarActaIntervencion
FNDA:0,(anonymous_8)
DA:1,2
DA:2,2
DA:3,2
DA:4,2
DA:5,2
DA:7,2
DA:17,2
DA:23,0
DA:24,0
DA:25,0
DA:27,0
DA:28,0
DA:30,0
DA:32,0
DA:39,0
DA:41,0
DA:42,0
DA:45,0
DA:48,0
DA:49,0
DA:50,0
DA:51,0
DA:55,0
DA:58,0
DA:59,0
DA:60,0
DA:62,0
DA:63,0
DA:66,0
DA:67,0
DA:74,0
DA:75,0
DA:76,0
DA:77,0
DA:84,0
DA:85,0
DA:87,0
DA:89,0
DA:90,0
DA:92,0
DA:94,0
DA:95,0
DA:96,0
DA:111,0
DA:112,0
DA:113,0
DA:127,0
DA:128,0
DA:129,0
DA:143,0
DA:147,0
DA:153,0
DA:156,0
DA:165,0
DA:168,0
DA:174,0
DA:180,0
DA:181,0
DA:182,0
DA:185,0
DA:186,0
DA:187,0
DA:188,0
DA:191,0
DA:194,0
DA:196,0
DA:199,2
LF:67
LH:8
BRDA:24,0,0,0
BRDA:24,0,1,0
BRDA:41,1,0,0
BRDA:41,1,1,0
BRDA:50,2,0,0
BRDA:50,2,1,0
BRDA:62,3,0,0
BRDA:62,3,1,0
BRDA:62,4,0,0
BRDA:62,4,1,0
BRDA:62,4,2,0
BRDA:87,5,0,0
BRDA:87,5,1,0
BRDA:94,6,0,0
BRDA:94,6,1,0
BRDA:98,7,0,0
BRDA:98,7,1,0
BRDA:98,8,0,0
BRDA:98,8,1,0
BRDA:101,9,0,0
BRDA:101,9,1,0
BRDA:102,10,0,0
BRDA:102,10,1,0
BRDA:103,11,0,0
BRDA:103,11,1,0
BRDA:104,12,0,0
BRDA:104,12,1,0
BRDA:107,13,0,0
BRDA:107,13,1,0
BRDA:111,14,0,0
BRDA:111,14,1,0
BRDA:118,15,0,0
BRDA:118,15,1,0
BRDA:119,16,0,0
BRDA:119,16,1,0
BRDA:120,17,0,0
BRDA:120,17,1,0
BRDA:125,18,0,0
BRDA:125,18,1,0
BRDA:127,19,0,0
BRDA:127,19,1,0
BRDA:133,20,0,0
BRDA:133,20,1,0
BRDA:136,21,0,0
BRDA:136,21,1,0
BRDA:137,22,0,0
BRDA:137,22,1,0
BRDA:149,23,0,0
BRDA:149,23,1,0
BRDA:181,24,0,0
BRDA:181,24,1,0
BRDA:187,25,0,0
BRDA:187,25,1,0
BRF:53
BRH:0
end_of_record
TN:
SF:services\matrizRiesgosService.js
FN:8,obtenerMatrizRiesgos
FN:21,guardarMatrizRiesgos
FNF:2
FNH:0
FNDA:0,obtenerMatrizRiesgos
FNDA:0,guardarMatrizRiesgos
DA:1,2
DA:2,2
DA:11,0
DA:22,0
DA:24,0
DA:26,0
DA:34,0
DA:37,0
DA:48,0
DA:49,0
DA:50,0
DA:51,0
DA:53,0
DA:56,0
DA:67,0
DA:70,2
LF:16
LH:3
BRDA:24,0,0,0
BRDA:24,0,1,0
BRDA:28,1,0,0
BRDA:28,1,1,0
BRDA:30,2,0,0
BRDA:30,2,1,0
BRDA:48,3,0,0
BRDA:48,3,1,0
BRDA:49,4,0,0
BRDA:49,4,1,0
BRDA:50,5,0,0
BRDA:50,5,1,0
BRF:12
BRH:0
end_of_record
TN:
SF:services\onboardingService.js
FN:25,obtenerEstadoWizard
FN:37,obtenerRespuesta
FN:45,tieneRespuesta
FN:53,calcularProgresoYMadurez
FN:64,(anonymous_4)
FN:135,(anonymous_5)
FN:144,guardarRespuestasYPasar
FN:178,agregarTareaUnica
FN:182,(anonymous_8)
FN:233,(anonymous_9)
FN:233,(anonymous_10)
FN:238,(anonymous_11)
FN:246,(anonymous_12)
FN:267,generarDocumentoFundacional
FN:337,obtenerPlantillaManual
FN:381,oficializarManual
FN:421,(anonymous_16)
FNF:17
FNH:0
FNDA:0,obtenerEstadoWizard
FNDA:0,obtenerRespuesta
FNDA:0,tieneRespuesta
FNDA:0,calcularProgresoYMadurez
FNDA:0,(anonymous_4)
FNDA:0,(anonymous_5)
FNDA:0,guardarRespuestasYPasar
FNDA:0,agregarTareaUnica
FNDA:0,(anonymous_8)
FNDA:0,(anonymous_9)
FNDA:0,(anonymous_10)
FNDA:0,(anonymous_11)
FNDA:0,(anonymous_12)
FNDA:0,generarDocumentoFundacional
FNDA:0,obtenerPlantillaManual
FNDA:0,oficializarManual
FNDA:0,(anonymous_16)
DA:1,2
DA:2,2
DA:3,2
DA:4,2
DA:5,2
DA:6,2
DA:7,2
DA:13,2
DA:26,0
DA:27,0
DA:28,0
DA:29,0
DA:31,0
DA:38,0
DA:39,0
DA:46,0
DA:47,0
DA:54,0
DA:56,0
DA:57,0
DA:58,0
DA:61,0
DA:64,0
DA:65,0
DA:66,0
DA:71,0
DA:74,0
DA:75,0
DA:77,0
DA:78,0
DA:80,0
DA:82,0
DA:83,0
DA:84,0
DA:87,0
DA:91,0
DA:92,0
DA:93,0
DA:94,0
DA:100,0
DA:101,0
DA:103,0
DA:105,0
DA:106,0
DA:107,0
DA:109,0
DA:111,0
DA:115,0
DA:116,0
DA:117,0
DA:118,0
DA:119,0
DA:120,0
DA:121,0
DA:122,0
DA:123,0
DA:124,0
DA:126,0
DA:127,0
DA:128,0
DA:129,0
DA:135,0
DA:136,0
DA:138,0
DA:145,0
DA:146,0
DA:147,0
DA:150,0
DA:153,0
DA:154,0
DA:155,0
DA:156,0
DA:157,0
DA:159,0
DA:162,0
DA:166,0
DA:173,0
DA:174,0
DA:179,0
DA:180,0
DA:182,0
DA:183,0
DA:184,0
DA:193,0
DA:194,0
DA:195,0
DA:200,0
DA:201,0
DA:202,0
DA:207,0
DA:208,0
DA:209,0
DA:210,0
DA:212,0
DA:213,0
DA:217,0
DA:218,0
DA:223,0
DA:224,0
DA:225,0
DA:226,0
DA:227,0
DA:228,0
DA:229,0
DA:230,0
DA:231,0
DA:232,0
DA:233,0
DA:235,0
DA:236,0
DA:237,0
DA:238,0
DA:239,0
DA:246,0
DA:247,0
DA:252,0
DA:255,0
DA:256,0
DA:257,0
DA:260,0
DA:261,0
DA:268,0
DA:269,0
DA:271,0
DA:273,0
DA:274,0
DA:276,0
DA:277,0
DA:278,0
DA:279,0
DA:291,0
DA:292,0
DA:293,0
DA:294,0
DA:305,0
DA:311,0
DA:313,0
DA:322,0
DA:324,0
DA:328,0
DA:330,0
DA:338,0
DA:339,0
DA:341,0
DA:342,0
DA:344,0
DA:345,0
DA:347,0
DA:348,0
DA:351,0
DA:354,0
DA:355,0
DA:358,0
DA:370,0
DA:371,0
DA:372,0
DA:375,0
DA:382,0
DA:383,0
DA:385,0
DA:386,0
DA:388,0
DA:391,0
DA:397,0
DA:400,0
DA:409,0
DA:412,0
DA:419,0
DA:420,0
DA:421,0
DA:422,0
DA:423,0
DA:429,0
DA:430,0
DA:432,0
DA:435,2
LF:176
LH:9
BRDA:27,0,0,0
BRDA:27,0,1,0
BRDA:38,1,0,0
BRDA:38,1,1,0
BRDA:39,2,0,0
BRDA:39,2,1,0
BRDA:46,3,0,0
BRDA:46,3,1,0
BRDA:47,4,0,0
BRDA:47,4,1,0
BRDA:57,5,0,0
BRDA:57,5,1,0
BRDA:64,6,0,0
BRDA:64,6,1,0
BRDA:66,7,0,0
BRDA:66,7,1,0
BRDA:66,7,2,0
BRDA:66,7,3,0
BRDA:71,8,0,0
BRDA:71,8,1,0
BRDA:71,9,0,0
BRDA:71,9,1,0
BRDA:82,10,0,0
BRDA:82,10,1,0
BRDA:84,11,0,0
BRDA:84,11,1,0
BRDA:94,12,0,0
BRDA:94,12,1,0
BRDA:94,12,2,0
BRDA:94,12,3,0
BRDA:106,13,0,0
BRDA:106,13,1,0
BRDA:109,14,0,0
BRDA:109,14,1,0
BRDA:109,15,0,0
BRDA:109,15,1,0
BRDA:117,16,0,0
BRDA:117,16,1,0
BRDA:118,17,0,0
BRDA:118,17,1,0
BRDA:120,18,0,0
BRDA:120,18,1,0
BRDA:121,19,0,0
BRDA:121,19,1,0
BRDA:121,20,0,0
BRDA:121,20,1,0
BRDA:123,21,0,0
BRDA:123,21,1,0
BRDA:123,22,0,0
BRDA:123,22,1,0
BRDA:127,23,0,0
BRDA:127,23,1,0
BRDA:127,24,0,0
BRDA:127,24,1,0
BRDA:127,24,2,0
BRDA:127,24,3,0
BRDA:135,25,0,0
BRDA:135,25,1,0
BRDA:135,26,0,0
BRDA:135,26,1,0
BRDA:136,27,0,0
BRDA:136,27,1,0
BRDA:136,28,0,0
BRDA:136,28,1,0
BRDA:153,29,0,0
BRDA:153,29,1,0
BRDA:155,30,0,0
BRDA:155,30,1,0
BRDA:156,31,0,0
BRDA:156,31,1,0
BRDA:156,32,0,0
BRDA:156,32,1,0
BRDA:156,32,2,0
BRDA:173,33,0,0
BRDA:173,33,1,0
BRDA:179,34,0,0
BRDA:179,34,1,0
BRDA:183,35,0,0
BRDA:183,35,1,0
BRDA:186,36,0,0
BRDA:186,36,1,0
BRDA:193,37,0,0
BRDA:193,37,1,0
BRDA:194,38,0,0
BRDA:194,38,1,0
BRDA:194,39,0,0
BRDA:194,39,1,0
BRDA:194,39,2,0
BRDA:200,40,0,0
BRDA:200,40,1,0
BRDA:201,41,0,0
BRDA:201,41,1,0
BRDA:201,42,0,0
BRDA:201,42,1,0
BRDA:201,42,2,0
BRDA:207,43,0,0
BRDA:207,43,1,0
BRDA:208,44,0,0
BRDA:208,44,1,0
BRDA:208,45,0,0
BRDA:208,45,1,0
BRDA:208,45,2,0
BRDA:208,45,3,0
BRDA:209,46,0,0
BRDA:209,46,1,0
BRDA:209,46,2,0
BRDA:209,46,3,0
BRDA:209,47,0,0
BRDA:209,47,1,0
BRDA:209,48,0,0
BRDA:209,48,1,0
BRDA:210,49,0,0
BRDA:210,49,1,0
BRDA:210,50,0,0
BRDA:210,50,1,0
BRDA:212,51,0,0
BRDA:212,51,1,0
BRDA:217,52,0,0
BRDA:217,52,1,0
BRDA:223,53,0,0
BRDA:223,53,1,0
BRDA:225,54,0,0
BRDA:225,54,1,0
BRDA:227,55,0,0
BRDA:227,55,1,0
BRDA:227,56,0,0
BRDA:227,56,1,0
BRDA:228,57,0,0
BRDA:228,57,1,0
BRDA:230,58,0,0
BRDA:230,58,1,0
BRDA:232,59,0,0
BRDA:232,59,1,0
BRDA:233,60,0,0
BRDA:233,60,1,0
BRDA:233,61,0,0
BRDA:233,61,1,0
BRDA:236,62,0,0
BRDA:236,62,1,0
BRDA:237,63,0,0
BRDA:237,63,1,0
BRDA:237,64,0,0
BRDA:237,64,1,0
BRDA:237,64,2,0
BRDA:255,65,0,0
BRDA:255,65,1,0
BRDA:271,66,0,0
BRDA:271,66,1,0
BRDA:276,67,0,0
BRDA:276,67,1,0
BRDA:277,68,0,0
BRDA:277,68,1,0
BRDA:284,69,0,0
BRDA:284,69,1,0
BRDA:285,70,0,0
BRDA:285,70,1,0
BRDA:286,71,0,0
BRDA:286,71,1,0
BRDA:289,72,0,0
BRDA:289,72,1,0
BRDA:291,73,0,0
BRDA:291,73,1,0
BRDA:292,74,0,0
BRDA:292,74,1,0
BRDA:296,75,0,0
BRDA:296,75,1,0
BRDA:298,76,0,0
BRDA:298,76,1,0
BRDA:300,77,0,0
BRDA:300,77,1,0
BRDA:307,78,0,0
BRDA:307,78,1,0
BRDA:341,79,0,0
BRDA:341,79,1,0
BRDA:342,80,0,0
BRDA:342,80,1,0
BRDA:347,81,0,0
BRDA:347,81,1,0
BRDA:354,82,0,0
BRDA:354,82,1,0
BRDA:355,83,0,0
BRDA:355,83,1,0
BRDA:359,84,0,0
BRDA:359,84,1,0
BRDA:359,84,2,0
BRDA:360,85,0,0
BRDA:360,85,1,0
BRDA:360,85,2,0
BRDA:361,86,0,0
BRDA:361,86,1,0
BRDA:362,87,0,0
BRDA:362,87,1,0
BRDA:363,88,0,0
BRDA:363,88,1,0
BRDA:364,89,0,0
BRDA:364,89,1,0
BRDA:385,90,0,0
BRDA:385,90,1,0
BRDA:386,91,0,0
BRDA:386,91,1,0
BRDA:393,92,0,0
BRDA:393,92,1,0
BRDA:419,93,0,0
BRDA:419,93,1,0
BRDA:420,94,0,0
BRDA:420,94,1,0
BRDA:422,95,0,0
BRDA:422,95,1,0
BRF:208
BRH:0
end_of_record
TN:
SF:services\radicacionService.js
FN:6,aplicarMascara
FN:22,emitirRadicadoAtomico
FNF:2
FNH:0
FNDA:0,aplicarMascara
FNDA:0,emitirRadicadoAtomico
DA:1,2
DA:2,2
DA:3,2
DA:4,2
DA:7,0
DA:8,0
DA:10,0
DA:11,0
DA:12,0
DA:13,0
DA:14,0
DA:16,0
DA:19,0
DA:24,0
DA:25,0
DA:27,0
DA:28,0
DA:29,0
DA:30,0
DA:33,0
DA:34,0
DA:37,0
DA:38,0
DA:50,0
DA:51,0
DA:61,0
DA:62,0
DA:65,0
DA:67,0
DA:74,0
DA:77,0
DA:78,0
DA:81,0
DA:88,0
DA:92,0
DA:93,0
DA:94,0
DA:95,0
DA:99,2
LF:39
LH:5
BRDA:11,0,0,0
BRDA:11,0,1,0
BRDA:22,1,0,0
BRDA:29,2,0,0
BRDA:29,2,1,0
BRDA:34,3,0,0
BRDA:34,3,1,0
BRDA:37,4,0,0
BRDA:37,4,1,0
BRDA:50,5,0,0
BRDA:50,5,1,0
BRDA:61,6,0,0
BRDA:61,6,1,0
BRF:13
BRH:0
end_of_record
TN:
SF:services\reportService.js
FN:10,obtenerEstadisticasProduccion
FN:25,obtenerEstadoInventario
FN:38,obtenerActividadAuditoria
FN:61,obtenerIndiceMadurez
FNF:4
FNH:0
FNDA:0,obtenerEstadisticasProduccion
FNDA:0,obtenerEstadoInventario
FNDA:0,obtenerActividadAuditoria
FNDA:0,obtenerIndiceMadurez
DA:1,2
DA:2,2
DA:3,2
DA:4,2
DA:5,2
DA:11,0
DA:26,0
DA:39,0
DA:40,0
DA:42,0
DA:62,0
DA:63,0
DA:69,2
LF:13
LH:6
BRDA:64,0,0,0
BRDA:64,0,1,0
BRDA:65,1,0,0
BRDA:65,1,1,0
BRF:4
BRH:0
end_of_record
TN:
SF:services\retencionService.js
FN:8,obtenerListosTransferenciaPrimaria
FN:17,(anonymous_1)
FN:28,obtenerListosTransferenciaSecundaria
FN:37,(anonymous_3)
FN:50,generarDatosFUID
FN:55,(anonymous_5)
FNF:6
FNH:0
FNDA:0,obtenerListosTransferenciaPrimaria
FNDA:0,(anonymous_1)
FNDA:0,obtenerListosTransferenciaSecundaria
FNDA:0,(anonymous_3)
FNDA:0,generarDatosFUID
FNDA:0,(anonymous_5)
DA:1,2
DA:2,2
DA:9,0
DA:11,0
DA:17,0
DA:18,0
DA:19,0
DA:20,0
DA:29,0
DA:31,0
DA:37,0
DA:40,0
DA:41,0
DA:42,0
DA:43,0
DA:51,0
DA:55,0
DA:71,2
LF:18
LH:3
BRDA:18,0,0,0
BRDA:18,0,1,0
BRDA:40,1,0,0
BRDA:40,1,1,0
BRDA:41,2,0,0
BRDA:41,2,1,0
BRDA:61,3,0,0
BRDA:61,3,1,0
BRF:8
BRH:0
end_of_record
TN:
SF:services\tvdService.js
FN:13,crearBorradorTVD
FN:53,actualizarTVD
FN:105,aprobarTVD
FN:189,obtenerTVDs
FN:200,obtenerTVDPorId
FN:213,eliminarTVD
FNF:6
FNH:0
FNDA:0,crearBorradorTVD
FNDA:0,actualizarTVD
FNDA:0,aprobarTVD
FNDA:0,obtenerTVDs
FNDA:0,obtenerTVDPorId
FNDA:0,eliminarTVD
DA:1,2
DA:2,2
DA:3,2
DA:4,2
DA:15,0
DA:16,0
DA:17,0
DA:20,0
DA:30,0
DA:32,0
DA:42,0
DA:54,0
DA:55,0
DA:56,0
DA:59,0
DA:60,0
DA:63,0
DA:65,0
DA:70,0
DA:71,0
DA:73,0
DA:76,0
DA:77,0
DA:78,0
DA:79,0
DA:81,0
DA:83,0
DA:93,0
DA:106,0
DA:107,0
DA:109,0
DA:111,0
DA:112,0
DA:113,0
DA:116,0
DA:117,0
DA:121,0
DA:127,0
DA:128,0
DA:129,0
DA:131,0
DA:135,0
DA:142,0
DA:143,0
DA:145,0
DA:161,0
DA:162,0
DA:165,0
DA:175,0
DA:179,0
DA:180,0
DA:181,0
DA:190,0
DA:201,0
DA:214,0
DA:215,0
DA:216,0
DA:219,0
DA:220,0
DA:223,0
DA:224,0
DA:226,0
DA:228,0
DA:238,0
DA:241,2
LF:65
LH:5
BRDA:16,0,0,0
BRDA:16,0,1,0
BRDA:25,1,0,0
BRDA:25,1,1,0
BRDA:55,2,0,0
BRDA:55,2,1,0
BRDA:59,3,0,0
BRDA:59,3,1,0
BRDA:59,4,0,0
BRDA:59,4,1,0
BRDA:63,5,0,0
BRDA:63,5,1,0
BRDA:63,6,0,0
BRDA:63,6,1,0
BRDA:70,7,0,0
BRDA:70,7,1,0
BRDA:76,8,0,0
BRDA:76,8,1,0
BRDA:77,9,0,0
BRDA:77,9,1,0
BRDA:78,10,0,0
BRDA:78,10,1,0
BRDA:79,11,0,0
BRDA:79,11,1,0
BRDA:112,12,0,0
BRDA:112,12,1,0
BRDA:116,13,0,0
BRDA:116,13,1,0
BRDA:128,14,0,0
BRDA:128,14,1,0
BRDA:143,15,0,0
BRDA:143,15,1,0
BRDA:215,16,0,0
BRDA:215,16,1,0
BRDA:219,17,0,0
BRDA:219,17,1,0
BRF:36
BRH:0
end_of_record
